<?xml version="1.0" encoding="UTF-8"?>
<!-- Generated by org.testng.reporters.JUnitXMLReporter -->
<testsuite ignored="9" hostname="LAPTOP-OVD06K6F" failures="6" tests="37" name="Default test" time="4.644" errors="0" timestamp="2023-01-29T21:09:49 IST">
  <testcase classname="KTCTC.BTest" name="@BeforeClass beforeClassOfA" time="2.451">
    <failure type="org.openqa.selenium.SessionNotCreatedException" message="session not created: This version of ChromeDriver only supports Chrome version 100
Current browser version is 109.0.5414.120 with binary path C:\Program Files\Google\Chrome\Application\chrome.exe
Build info: version: &amp;apos;3.141.59&amp;apos;, revision: &amp;apos;e82be7d358&amp;apos;, time: &amp;apos;2018-11-14T08:17:03&amp;apos;
System info: host: &amp;apos;LAPTOP-OVD06K6F&amp;apos;, ip: &amp;apos;192.168.43.93&amp;apos;, os.name: &amp;apos;Windows 11&amp;apos;, os.arch: &amp;apos;amd64&amp;apos;, os.version: &amp;apos;10.0&amp;apos;, java.version: &amp;apos;17.0.3&amp;apos;
Driver info: driver.version: ChromeDriver
remote stacktrace: Backtrace:
	Ordinal0 [0x00927413+2389011]
	Ordinal0 [0x008B9F61+1941345]
	Ordinal0 [0x007AC658+837208]
	Ordinal0 [0x007CC773+968563]
	Ordinal0 [0x007C837A+951162]
	Ordinal0 [0x007C5C51+941137]
	Ordinal0 [0x007F8C80+1150080]
	Ordinal0 [0x007F88DA+1149146]
	Ordinal0 [0x007F3F66+1130342]
	Ordinal0 [0x007CE546+976198]
	Ordinal0 [0x007CF456+980054]
	GetHandleVerifier [0x00AD9632+1727522]
	GetHandleVerifier [0x00B8BA4D+2457661]
	GetHandleVerifier [0x009BEB81+569713]
	GetHandleVerifier [0x009BDD76+566118]
	Ordinal0 [0x008C0B2B+1968939]
	Ordinal0 [0x008C5988+1989000]
	Ordinal0 [0x008C5A75+1989237]
	Ordinal0 [0x008CECB1+2026673]
	BaseThreadInitThunk [0x76FF6BD9+25]
	RtlGetFullPathName_UEx [0x77558FD2+1218]
	RtlGetFullPathName_UEx [0x77558F9D+1165]
">
      <![CDATA[org.openqa.selenium.SessionNotCreatedException: session not created: This version of ChromeDriver only supports Chrome version 100
Current browser version is 109.0.5414.120 with binary path C:\Program Files\Google\Chrome\Application\chrome.exe
Build info: version: '3.141.59', revision: 'e82be7d358', time: '2018-11-14T08:17:03'
System info: host: 'LAPTOP-OVD06K6F', ip: '192.168.43.93', os.name: 'Windows 11', os.arch: 'amd64', os.version: '10.0', java.version: '17.0.3'
Driver info: driver.version: ChromeDriver
remote stacktrace: Backtrace:
Ordinal0 [0x00927413+2389011]
Ordinal0 [0x008B9F61+1941345]
Ordinal0 [0x007AC658+837208]
Ordinal0 [0x007CC773+968563]
Ordinal0 [0x007C837A+951162]
Ordinal0 [0x007C5C51+941137]
Ordinal0 [0x007F8C80+1150080]
Ordinal0 [0x007F88DA+1149146]
Ordinal0 [0x007F3F66+1130342]
Ordinal0 [0x007CE546+976198]
Ordinal0 [0x007CF456+980054]
GetHandleVerifier [0x00AD9632+1727522]
GetHandleVerifier [0x00B8BA4D+2457661]
GetHandleVerifier [0x009BEB81+569713]
GetHandleVerifier [0x009BDD76+566118]
Ordinal0 [0x008C0B2B+1968939]
Ordinal0 [0x008C5988+1989000]
Ordinal0 [0x008C5A75+1989237]
Ordinal0 [0x008CECB1+2026673]
BaseThreadInitThunk [0x76FF6BD9+25]
RtlGetFullPathName_UEx [0x77558FD2+1218]
RtlGetFullPathName_UEx [0x77558F9D+1165]

at java.base/jdk.internal.reflect.NativeConstructorAccessorImpl.newInstance0(Native Method)
at java.base/jdk.internal.reflect.NativeConstructorAccessorImpl.newInstance(NativeConstructorAccessorImpl.java:77)
at java.base/jdk.internal.reflect.DelegatingConstructorAccessorImpl.newInstance(DelegatingConstructorAccessorImpl.java:45)
at java.base/java.lang.reflect.Constructor.newInstanceWithCaller(Constructor.java:499)
at java.base/java.lang.reflect.Constructor.newInstance(Constructor.java:480)
at org.openqa.selenium.remote.W3CHandshakeResponse.lambda$errorHandler$0(W3CHandshakeResponse.java:62)
at org.openqa.selenium.remote.HandshakeResponse.lambda$getResponseFunction$0(HandshakeResponse.java:30)
at org.openqa.selenium.remote.ProtocolHandshake.lambda$createSession$0(ProtocolHandshake.java:126)
at java.base/java.util.stream.ReferencePipeline$3$1.accept(ReferencePipeline.java:197)
at java.base/java.util.Spliterators$ArraySpliterator.tryAdvance(Spliterators.java:1002)
at java.base/java.util.stream.ReferencePipeline.forEachWithCancel(ReferencePipeline.java:129)
at java.base/java.util.stream.AbstractPipeline.copyIntoWithCancel(AbstractPipeline.java:527)
at java.base/java.util.stream.AbstractPipeline.copyInto(AbstractPipeline.java:513)
at java.base/java.util.stream.AbstractPipeline.wrapAndCopyInto(AbstractPipeline.java:499)
at java.base/java.util.stream.FindOps$FindOp.evaluateSequential(FindOps.java:150)
at java.base/java.util.stream.AbstractPipeline.evaluate(AbstractPipeline.java:234)
at java.base/java.util.stream.ReferencePipeline.findFirst(ReferencePipeline.java:647)
at org.openqa.selenium.remote.ProtocolHandshake.createSession(ProtocolHandshake.java:128)
at org.openqa.selenium.remote.ProtocolHandshake.createSession(ProtocolHandshake.java:74)
at org.openqa.selenium.remote.HttpCommandExecutor.execute(HttpCommandExecutor.java:136)
at org.openqa.selenium.remote.service.DriverCommandExecutor.execute(DriverCommandExecutor.java:83)
at org.openqa.selenium.remote.RemoteWebDriver.execute(RemoteWebDriver.java:552)
at org.openqa.selenium.remote.RemoteWebDriver.startSession(RemoteWebDriver.java:213)
at org.openqa.selenium.remote.RemoteWebDriver.<init>(RemoteWebDriver.java:131)
at org.openqa.selenium.chrome.ChromeDriver.<init>(ChromeDriver.java:181)
at org.openqa.selenium.chrome.ChromeDriver.<init>(ChromeDriver.java:168)
at org.openqa.selenium.chrome.ChromeDriver.<init>(ChromeDriver.java:157)
at com.uiFramework.KTCTC.helper.browserConfiguration.ChromeBrowser.getChromeDriver(ChromeBrowser.java:49)
at com.uiFramework.KTCTC.helper.browserConfiguration.ChromeBrowser.getBrowserInstance(ChromeBrowser.java:60)
at KTCTC.BTest.beforeClassOfA(BTest.java:17)
at java.base/jdk.internal.reflect.NativeMethodAccessorImpl.invoke0(Native Method)
at java.base/jdk.internal.reflect.NativeMethodAccessorImpl.invoke(NativeMethodAccessorImpl.java:77)
at java.base/jdk.internal.reflect.DelegatingMethodAccessorImpl.invoke(DelegatingMethodAccessorImpl.java:43)
at java.base/java.lang.reflect.Method.invoke(Method.java:568)
at org.testng.internal.MethodInvocationHelper.invokeMethod(MethodInvocationHelper.java:133)
at org.testng.internal.MethodInvocationHelper.invokeMethodConsideringTimeout(MethodInvocationHelper.java:62)
at org.testng.internal.ConfigInvoker.invokeConfigurationMethod(ConfigInvoker.java:385)
at org.testng.internal.ConfigInvoker.invokeConfigurations(ConfigInvoker.java:321)
at org.testng.internal.TestMethodWorker.invokeBeforeClassMethods(TestMethodWorker.java:176)
at org.testng.internal.TestMethodWorker.run(TestMethodWorker.java:122)
at java.base/java.util.ArrayList.forEach(ArrayList.java:1511)
at org.testng.TestRunner.privateRun(TestRunner.java:794)
at org.testng.TestRunner.run(TestRunner.java:596)
at org.testng.SuiteRunner.runTest(SuiteRunner.java:377)
at org.testng.SuiteRunner.runSequentially(SuiteRunner.java:371)
at org.testng.SuiteRunner.privateRun(SuiteRunner.java:332)
at org.testng.SuiteRunner.run(SuiteRunner.java:276)
at org.testng.SuiteRunnerWorker.runSuite(SuiteRunnerWorker.java:53)
at org.testng.SuiteRunnerWorker.run(SuiteRunnerWorker.java:96)
at org.testng.TestNG.runSuitesSequentially(TestNG.java:1212)
at org.testng.TestNG.runSuitesLocally(TestNG.java:1134)
at org.testng.TestNG.runSuites(TestNG.java:1063)
at org.testng.TestNG.run(TestNG.java:1031)
at org.testng.remote.AbstractRemoteTestNG.run(AbstractRemoteTestNG.java:115)
at org.testng.remote.RemoteTestNG.initAndRun(RemoteTestNG.java:251)
at org.testng.remote.RemoteTestNG.main(RemoteTestNG.java:77)
]]>
    </failure>
  </testcase> <!-- @BeforeClass beforeClassOfA -->
  <testcase classname="com.uiFramework.KTCTC.testbase.TestBase" name="@BeforeMethod beforeMethod" time="-1.675006787427E9">
    <skipped/>
  </testcase> <!-- @BeforeMethod beforeMethod -->
  <testcase classname="com.uiFramework.KTCTC.testbase.TestBase" name="@AfterMethod afterMethod" time="-1.675006787433E9">
    <skipped/>
  </testcase> <!-- @AfterMethod afterMethod -->
  <testcase classname="com.uiFramework.KTCTC.testbase.TestBase" name="@BeforeMethod beforeMethod" time="-1.675006787436E9">
    <skipped/>
  </testcase> <!-- @BeforeMethod beforeMethod -->
  <testcase classname="com.uiFramework.KTCTC.testbase.TestBase" name="@AfterMethod afterMethod" time="-1.67500678744E9">
    <skipped/>
  </testcase> <!-- @AfterMethod afterMethod -->
  <testcase classname="com.uiFramework.KTCTC.testbase.TestBase" name="@AfterClass afterClass" time="-1.675006787441E9">
    <skipped/>
  </testcase> <!-- @AfterClass afterClass -->
  <testcase classname="com.uiFramework.KTCTC.testbase.TestBase" name="@BeforeClass beforeClassOfA" time="0.604">
    <failure type="org.openqa.selenium.SessionNotCreatedException" message="session not created: This version of ChromeDriver only supports Chrome version 100
Current browser version is 109.0.5414.120 with binary path C:\Program Files\Google\Chrome\Application\chrome.exe
Build info: version: &amp;apos;3.141.59&amp;apos;, revision: &amp;apos;e82be7d358&amp;apos;, time: &amp;apos;2018-11-14T08:17:03&amp;apos;
System info: host: &amp;apos;LAPTOP-OVD06K6F&amp;apos;, ip: &amp;apos;192.168.43.93&amp;apos;, os.name: &amp;apos;Windows 11&amp;apos;, os.arch: &amp;apos;amd64&amp;apos;, os.version: &amp;apos;10.0&amp;apos;, java.version: &amp;apos;17.0.3&amp;apos;
Driver info: driver.version: ChromeDriver
remote stacktrace: Backtrace:
	Ordinal0 [0x00927413+2389011]
	Ordinal0 [0x008B9F61+1941345]
	Ordinal0 [0x007AC658+837208]
	Ordinal0 [0x007CC773+968563]
	Ordinal0 [0x007C837A+951162]
	Ordinal0 [0x007C5C51+941137]
	Ordinal0 [0x007F8C80+1150080]
	Ordinal0 [0x007F88DA+1149146]
	Ordinal0 [0x007F3F66+1130342]
	Ordinal0 [0x007CE546+976198]
	Ordinal0 [0x007CF456+980054]
	GetHandleVerifier [0x00AD9632+1727522]
	GetHandleVerifier [0x00B8BA4D+2457661]
	GetHandleVerifier [0x009BEB81+569713]
	GetHandleVerifier [0x009BDD76+566118]
	Ordinal0 [0x008C0B2B+1968939]
	Ordinal0 [0x008C5988+1989000]
	Ordinal0 [0x008C5A75+1989237]
	Ordinal0 [0x008CECB1+2026673]
	BaseThreadInitThunk [0x76FF6BD9+25]
	RtlGetFullPathName_UEx [0x77558FD2+1218]
	RtlGetFullPathName_UEx [0x77558F9D+1165]
">
      <![CDATA[org.openqa.selenium.SessionNotCreatedException: session not created: This version of ChromeDriver only supports Chrome version 100
Current browser version is 109.0.5414.120 with binary path C:\Program Files\Google\Chrome\Application\chrome.exe
Build info: version: '3.141.59', revision: 'e82be7d358', time: '2018-11-14T08:17:03'
System info: host: 'LAPTOP-OVD06K6F', ip: '192.168.43.93', os.name: 'Windows 11', os.arch: 'amd64', os.version: '10.0', java.version: '17.0.3'
Driver info: driver.version: ChromeDriver
remote stacktrace: Backtrace:
Ordinal0 [0x00927413+2389011]
Ordinal0 [0x008B9F61+1941345]
Ordinal0 [0x007AC658+837208]
Ordinal0 [0x007CC773+968563]
Ordinal0 [0x007C837A+951162]
Ordinal0 [0x007C5C51+941137]
Ordinal0 [0x007F8C80+1150080]
Ordinal0 [0x007F88DA+1149146]
Ordinal0 [0x007F3F66+1130342]
Ordinal0 [0x007CE546+976198]
Ordinal0 [0x007CF456+980054]
GetHandleVerifier [0x00AD9632+1727522]
GetHandleVerifier [0x00B8BA4D+2457661]
GetHandleVerifier [0x009BEB81+569713]
GetHandleVerifier [0x009BDD76+566118]
Ordinal0 [0x008C0B2B+1968939]
Ordinal0 [0x008C5988+1989000]
Ordinal0 [0x008C5A75+1989237]
Ordinal0 [0x008CECB1+2026673]
BaseThreadInitThunk [0x76FF6BD9+25]
RtlGetFullPathName_UEx [0x77558FD2+1218]
RtlGetFullPathName_UEx [0x77558F9D+1165]

at java.base/jdk.internal.reflect.NativeConstructorAccessorImpl.newInstance0(Native Method)
at java.base/jdk.internal.reflect.NativeConstructorAccessorImpl.newInstance(NativeConstructorAccessorImpl.java:77)
at java.base/jdk.internal.reflect.DelegatingConstructorAccessorImpl.newInstance(DelegatingConstructorAccessorImpl.java:45)
at java.base/java.lang.reflect.Constructor.newInstanceWithCaller(Constructor.java:499)
at java.base/java.lang.reflect.Constructor.newInstance(Constructor.java:480)
at org.openqa.selenium.remote.W3CHandshakeResponse.lambda$errorHandler$0(W3CHandshakeResponse.java:62)
at org.openqa.selenium.remote.HandshakeResponse.lambda$getResponseFunction$0(HandshakeResponse.java:30)
at org.openqa.selenium.remote.ProtocolHandshake.lambda$createSession$0(ProtocolHandshake.java:126)
at java.base/java.util.stream.ReferencePipeline$3$1.accept(ReferencePipeline.java:197)
at java.base/java.util.Spliterators$ArraySpliterator.tryAdvance(Spliterators.java:1002)
at java.base/java.util.stream.ReferencePipeline.forEachWithCancel(ReferencePipeline.java:129)
at java.base/java.util.stream.AbstractPipeline.copyIntoWithCancel(AbstractPipeline.java:527)
at java.base/java.util.stream.AbstractPipeline.copyInto(AbstractPipeline.java:513)
at java.base/java.util.stream.AbstractPipeline.wrapAndCopyInto(AbstractPipeline.java:499)
at java.base/java.util.stream.FindOps$FindOp.evaluateSequential(FindOps.java:150)
at java.base/java.util.stream.AbstractPipeline.evaluate(AbstractPipeline.java:234)
at java.base/java.util.stream.ReferencePipeline.findFirst(ReferencePipeline.java:647)
at org.openqa.selenium.remote.ProtocolHandshake.createSession(ProtocolHandshake.java:128)
at org.openqa.selenium.remote.ProtocolHandshake.createSession(ProtocolHandshake.java:74)
at org.openqa.selenium.remote.HttpCommandExecutor.execute(HttpCommandExecutor.java:136)
at org.openqa.selenium.remote.service.DriverCommandExecutor.execute(DriverCommandExecutor.java:83)
at org.openqa.selenium.remote.RemoteWebDriver.execute(RemoteWebDriver.java:552)
at org.openqa.selenium.remote.RemoteWebDriver.startSession(RemoteWebDriver.java:213)
at org.openqa.selenium.remote.RemoteWebDriver.<init>(RemoteWebDriver.java:131)
at org.openqa.selenium.chrome.ChromeDriver.<init>(ChromeDriver.java:181)
at org.openqa.selenium.chrome.ChromeDriver.<init>(ChromeDriver.java:168)
at org.openqa.selenium.chrome.ChromeDriver.<init>(ChromeDriver.java:157)
at com.uiFramework.KTCTC.helper.browserConfiguration.ChromeBrowser.getChromeDriver(ChromeBrowser.java:49)
at com.uiFramework.KTCTC.helper.browserConfiguration.ChromeBrowser.getBrowserInstance(ChromeBrowser.java:60)
at com.uiFramework.KTCTC.testbase.TestBase.beforeClassOfA(TestBase.java:46)
at java.base/jdk.internal.reflect.NativeMethodAccessorImpl.invoke0(Native Method)
at java.base/jdk.internal.reflect.NativeMethodAccessorImpl.invoke(NativeMethodAccessorImpl.java:77)
at java.base/jdk.internal.reflect.DelegatingMethodAccessorImpl.invoke(DelegatingMethodAccessorImpl.java:43)
at java.base/java.lang.reflect.Method.invoke(Method.java:568)
at org.testng.internal.MethodInvocationHelper.invokeMethod(MethodInvocationHelper.java:133)
at org.testng.internal.MethodInvocationHelper.invokeMethodConsideringTimeout(MethodInvocationHelper.java:62)
at org.testng.internal.ConfigInvoker.invokeConfigurationMethod(ConfigInvoker.java:385)
at org.testng.internal.ConfigInvoker.invokeConfigurations(ConfigInvoker.java:321)
at org.testng.internal.TestMethodWorker.invokeBeforeClassMethods(TestMethodWorker.java:176)
at org.testng.internal.TestMethodWorker.run(TestMethodWorker.java:122)
at java.base/java.util.ArrayList.forEach(ArrayList.java:1511)
at org.testng.TestRunner.privateRun(TestRunner.java:794)
at org.testng.TestRunner.run(TestRunner.java:596)
at org.testng.SuiteRunner.runTest(SuiteRunner.java:377)
at org.testng.SuiteRunner.runSequentially(SuiteRunner.java:371)
at org.testng.SuiteRunner.privateRun(SuiteRunner.java:332)
at org.testng.SuiteRunner.run(SuiteRunner.java:276)
at org.testng.SuiteRunnerWorker.runSuite(SuiteRunnerWorker.java:53)
at org.testng.SuiteRunnerWorker.run(SuiteRunnerWorker.java:96)
at org.testng.TestNG.runSuitesSequentially(TestNG.java:1212)
at org.testng.TestNG.runSuitesLocally(TestNG.java:1134)
at org.testng.TestNG.runSuites(TestNG.java:1063)
at org.testng.TestNG.run(TestNG.java:1031)
at org.testng.remote.AbstractRemoteTestNG.run(AbstractRemoteTestNG.java:115)
at org.testng.remote.RemoteTestNG.initAndRun(RemoteTestNG.java:251)
at org.testng.remote.RemoteTestNG.main(RemoteTestNG.java:77)
]]>
    </failure>
  </testcase> <!-- @BeforeClass beforeClassOfA -->
  <testcase classname="com.uiFramework.KTCTC.testbase.TestBase" name="@BeforeMethod beforeMethod" time="-1.675006788069E9">
    <skipped/>
  </testcase> <!-- @BeforeMethod beforeMethod -->
  <testcase classname="com.uiFramework.KTCTC.testbase.TestBase" name="@AfterMethod afterMethod" time="-1.675006788073E9">
    <skipped/>
  </testcase> <!-- @AfterMethod afterMethod -->
  <testcase classname="com.uiFramework.KTCTC.testbase.TestBase" name="@BeforeMethod beforeMethod" time="-1.675006788074E9">
    <skipped/>
  </testcase> <!-- @BeforeMethod beforeMethod -->
  <testcase classname="com.uiFramework.KTCTC.testbase.TestBase" name="@AfterMethod afterMethod" time="-1.675006788076E9">
    <skipped/>
  </testcase> <!-- @AfterMethod afterMethod -->
  <testcase classname="com.uiFramework.KTCTC.testbase.TestBase" name="@BeforeMethod beforeMethod" time="-1.675006788077E9">
    <skipped/>
  </testcase> <!-- @BeforeMethod beforeMethod -->
  <testcase classname="com.uiFramework.KTCTC.testbase.TestBase" name="@AfterMethod afterMethod" time="-1.675006788079E9">
    <skipped/>
  </testcase> <!-- @AfterMethod afterMethod -->
  <testcase classname="com.uiFramework.KTCTC.testbase.TestBase" name="@BeforeMethod beforeMethod" time="-1.67500678808E9">
    <skipped/>
  </testcase> <!-- @BeforeMethod beforeMethod -->
  <testcase classname="com.uiFramework.KTCTC.testbase.TestBase" name="@AfterMethod afterMethod" time="-1.675006788084E9">
    <skipped/>
  </testcase> <!-- @AfterMethod afterMethod -->
  <testcase classname="com.uiFramework.KTCTC.testbase.TestBase" name="@BeforeMethod beforeMethod" time="-1.675006788085E9">
    <skipped/>
  </testcase> <!-- @BeforeMethod beforeMethod -->
  <testcase classname="com.uiFramework.KTCTC.testbase.TestBase" name="@AfterMethod afterMethod" time="-1.675006788087E9">
    <skipped/>
  </testcase> <!-- @AfterMethod afterMethod -->
  <testcase classname="com.uiFramework.KTCTC.testbase.TestBase" name="@BeforeMethod beforeMethod" time="-1.675006788088E9">
    <skipped/>
  </testcase> <!-- @BeforeMethod beforeMethod -->
  <testcase classname="com.uiFramework.KTCTC.testbase.TestBase" name="@AfterMethod afterMethod" time="-1.675006788091E9">
    <skipped/>
  </testcase> <!-- @AfterMethod afterMethod -->
  <testcase classname="com.uiFramework.KTCTC.testbase.TestBase" name="@AfterClass afterClass" time="-1.675006788091E9">
    <skipped/>
  </testcase> <!-- @AfterClass afterClass -->
  <testcase classname="KTCTC.ATest" name="@BeforeClass beforeClassOfA" time="0.719">
    <failure type="org.openqa.selenium.SessionNotCreatedException" message="session not created: This version of ChromeDriver only supports Chrome version 100
Current browser version is 109.0.5414.120 with binary path C:\Program Files\Google\Chrome\Application\chrome.exe
Build info: version: &amp;apos;3.141.59&amp;apos;, revision: &amp;apos;e82be7d358&amp;apos;, time: &amp;apos;2018-11-14T08:17:03&amp;apos;
System info: host: &amp;apos;LAPTOP-OVD06K6F&amp;apos;, ip: &amp;apos;192.168.43.93&amp;apos;, os.name: &amp;apos;Windows 11&amp;apos;, os.arch: &amp;apos;amd64&amp;apos;, os.version: &amp;apos;10.0&amp;apos;, java.version: &amp;apos;17.0.3&amp;apos;
Driver info: driver.version: ChromeDriver
remote stacktrace: Backtrace:
	Ordinal0 [0x00927413+2389011]
	Ordinal0 [0x008B9F61+1941345]
	Ordinal0 [0x007AC658+837208]
	Ordinal0 [0x007CC773+968563]
	Ordinal0 [0x007C837A+951162]
	Ordinal0 [0x007C5C51+941137]
	Ordinal0 [0x007F8C80+1150080]
	Ordinal0 [0x007F88DA+1149146]
	Ordinal0 [0x007F3F66+1130342]
	Ordinal0 [0x007CE546+976198]
	Ordinal0 [0x007CF456+980054]
	GetHandleVerifier [0x00AD9632+1727522]
	GetHandleVerifier [0x00B8BA4D+2457661]
	GetHandleVerifier [0x009BEB81+569713]
	GetHandleVerifier [0x009BDD76+566118]
	Ordinal0 [0x008C0B2B+1968939]
	Ordinal0 [0x008C5988+1989000]
	Ordinal0 [0x008C5A75+1989237]
	Ordinal0 [0x008CECB1+2026673]
	BaseThreadInitThunk [0x76FF6BD9+25]
	RtlGetFullPathName_UEx [0x77558FD2+1218]
	RtlGetFullPathName_UEx [0x77558F9D+1165]
">
      <![CDATA[org.openqa.selenium.SessionNotCreatedException: session not created: This version of ChromeDriver only supports Chrome version 100
Current browser version is 109.0.5414.120 with binary path C:\Program Files\Google\Chrome\Application\chrome.exe
Build info: version: '3.141.59', revision: 'e82be7d358', time: '2018-11-14T08:17:03'
System info: host: 'LAPTOP-OVD06K6F', ip: '192.168.43.93', os.name: 'Windows 11', os.arch: 'amd64', os.version: '10.0', java.version: '17.0.3'
Driver info: driver.version: ChromeDriver
remote stacktrace: Backtrace:
Ordinal0 [0x00927413+2389011]
Ordinal0 [0x008B9F61+1941345]
Ordinal0 [0x007AC658+837208]
Ordinal0 [0x007CC773+968563]
Ordinal0 [0x007C837A+951162]
Ordinal0 [0x007C5C51+941137]
Ordinal0 [0x007F8C80+1150080]
Ordinal0 [0x007F88DA+1149146]
Ordinal0 [0x007F3F66+1130342]
Ordinal0 [0x007CE546+976198]
Ordinal0 [0x007CF456+980054]
GetHandleVerifier [0x00AD9632+1727522]
GetHandleVerifier [0x00B8BA4D+2457661]
GetHandleVerifier [0x009BEB81+569713]
GetHandleVerifier [0x009BDD76+566118]
Ordinal0 [0x008C0B2B+1968939]
Ordinal0 [0x008C5988+1989000]
Ordinal0 [0x008C5A75+1989237]
Ordinal0 [0x008CECB1+2026673]
BaseThreadInitThunk [0x76FF6BD9+25]
RtlGetFullPathName_UEx [0x77558FD2+1218]
RtlGetFullPathName_UEx [0x77558F9D+1165]

at java.base/jdk.internal.reflect.NativeConstructorAccessorImpl.newInstance0(Native Method)
at java.base/jdk.internal.reflect.NativeConstructorAccessorImpl.newInstance(NativeConstructorAccessorImpl.java:77)
at java.base/jdk.internal.reflect.DelegatingConstructorAccessorImpl.newInstance(DelegatingConstructorAccessorImpl.java:45)
at java.base/java.lang.reflect.Constructor.newInstanceWithCaller(Constructor.java:499)
at java.base/java.lang.reflect.Constructor.newInstance(Constructor.java:480)
at org.openqa.selenium.remote.W3CHandshakeResponse.lambda$errorHandler$0(W3CHandshakeResponse.java:62)
at org.openqa.selenium.remote.HandshakeResponse.lambda$getResponseFunction$0(HandshakeResponse.java:30)
at org.openqa.selenium.remote.ProtocolHandshake.lambda$createSession$0(ProtocolHandshake.java:126)
at java.base/java.util.stream.ReferencePipeline$3$1.accept(ReferencePipeline.java:197)
at java.base/java.util.Spliterators$ArraySpliterator.tryAdvance(Spliterators.java:1002)
at java.base/java.util.stream.ReferencePipeline.forEachWithCancel(ReferencePipeline.java:129)
at java.base/java.util.stream.AbstractPipeline.copyIntoWithCancel(AbstractPipeline.java:527)
at java.base/java.util.stream.AbstractPipeline.copyInto(AbstractPipeline.java:513)
at java.base/java.util.stream.AbstractPipeline.wrapAndCopyInto(AbstractPipeline.java:499)
at java.base/java.util.stream.FindOps$FindOp.evaluateSequential(FindOps.java:150)
at java.base/java.util.stream.AbstractPipeline.evaluate(AbstractPipeline.java:234)
at java.base/java.util.stream.ReferencePipeline.findFirst(ReferencePipeline.java:647)
at org.openqa.selenium.remote.ProtocolHandshake.createSession(ProtocolHandshake.java:128)
at org.openqa.selenium.remote.ProtocolHandshake.createSession(ProtocolHandshake.java:74)
at org.openqa.selenium.remote.HttpCommandExecutor.execute(HttpCommandExecutor.java:136)
at org.openqa.selenium.remote.service.DriverCommandExecutor.execute(DriverCommandExecutor.java:83)
at org.openqa.selenium.remote.RemoteWebDriver.execute(RemoteWebDriver.java:552)
at org.openqa.selenium.remote.RemoteWebDriver.startSession(RemoteWebDriver.java:213)
at org.openqa.selenium.remote.RemoteWebDriver.<init>(RemoteWebDriver.java:131)
at org.openqa.selenium.chrome.ChromeDriver.<init>(ChromeDriver.java:181)
at org.openqa.selenium.chrome.ChromeDriver.<init>(ChromeDriver.java:168)
at org.openqa.selenium.chrome.ChromeDriver.<init>(ChromeDriver.java:157)
at com.uiFramework.KTCTC.helper.browserConfiguration.ChromeBrowser.getChromeDriver(ChromeBrowser.java:49)
at com.uiFramework.KTCTC.helper.browserConfiguration.ChromeBrowser.getBrowserInstance(ChromeBrowser.java:60)
at KTCTC.ATest.beforeClassOfA(ATest.java:20)
at java.base/jdk.internal.reflect.NativeMethodAccessorImpl.invoke0(Native Method)
at java.base/jdk.internal.reflect.NativeMethodAccessorImpl.invoke(NativeMethodAccessorImpl.java:77)
at java.base/jdk.internal.reflect.DelegatingMethodAccessorImpl.invoke(DelegatingMethodAccessorImpl.java:43)
at java.base/java.lang.reflect.Method.invoke(Method.java:568)
at org.testng.internal.MethodInvocationHelper.invokeMethod(MethodInvocationHelper.java:133)
at org.testng.internal.MethodInvocationHelper.invokeMethodConsideringTimeout(MethodInvocationHelper.java:62)
at org.testng.internal.ConfigInvoker.invokeConfigurationMethod(ConfigInvoker.java:385)
at org.testng.internal.ConfigInvoker.invokeConfigurations(ConfigInvoker.java:321)
at org.testng.internal.TestMethodWorker.invokeBeforeClassMethods(TestMethodWorker.java:176)
at org.testng.internal.TestMethodWorker.run(TestMethodWorker.java:122)
at java.base/java.util.ArrayList.forEach(ArrayList.java:1511)
at org.testng.TestRunner.privateRun(TestRunner.java:794)
at org.testng.TestRunner.run(TestRunner.java:596)
at org.testng.SuiteRunner.runTest(SuiteRunner.java:377)
at org.testng.SuiteRunner.runSequentially(SuiteRunner.java:371)
at org.testng.SuiteRunner.privateRun(SuiteRunner.java:332)
at org.testng.SuiteRunner.run(SuiteRunner.java:276)
at org.testng.SuiteRunnerWorker.runSuite(SuiteRunnerWorker.java:53)
at org.testng.SuiteRunnerWorker.run(SuiteRunnerWorker.java:96)
at org.testng.TestNG.runSuitesSequentially(TestNG.java:1212)
at org.testng.TestNG.runSuitesLocally(TestNG.java:1134)
at org.testng.TestNG.runSuites(TestNG.java:1063)
at org.testng.TestNG.run(TestNG.java:1031)
at org.testng.remote.AbstractRemoteTestNG.run(AbstractRemoteTestNG.java:115)
at org.testng.remote.RemoteTestNG.initAndRun(RemoteTestNG.java:251)
at org.testng.remote.RemoteTestNG.main(RemoteTestNG.java:77)
]]>
    </failure>
  </testcase> <!-- @BeforeClass beforeClassOfA -->
  <testcase classname="com.uiFramework.KTCTC.testbase.TestBase" name="@BeforeMethod beforeMethod" time="-1.675006788813E9">
    <skipped/>
  </testcase> <!-- @BeforeMethod beforeMethod -->
  <testcase classname="com.uiFramework.KTCTC.testbase.TestBase" name="@AfterMethod afterMethod" time="-1.675006788814E9">
    <skipped/>
  </testcase> <!-- @AfterMethod afterMethod -->
  <testcase classname="com.uiFramework.KTCTC.testbase.TestBase" name="@BeforeMethod beforeMethod" time="-1.675006788816E9">
    <skipped/>
  </testcase> <!-- @BeforeMethod beforeMethod -->
  <testcase classname="com.uiFramework.KTCTC.testbase.TestBase" name="@AfterMethod afterMethod" time="-1.675006788817E9">
    <skipped/>
  </testcase> <!-- @AfterMethod afterMethod -->
  <testcase classname="com.uiFramework.KTCTC.testbase.TestBase" name="@AfterClass afterClass" time="-1.675006788818E9">
    <skipped/>
  </testcase> <!-- @AfterClass afterClass -->
  <testcase classname="com.uiFramework.KTCTC.testbase.TestBase" name="@BeforeClass beforeClassOfA" time="0.729">
    <failure type="org.openqa.selenium.SessionNotCreatedException" message="session not created: This version of ChromeDriver only supports Chrome version 100
Current browser version is 109.0.5414.120 with binary path C:\Program Files\Google\Chrome\Application\chrome.exe
Build info: version: &amp;apos;3.141.59&amp;apos;, revision: &amp;apos;e82be7d358&amp;apos;, time: &amp;apos;2018-11-14T08:17:03&amp;apos;
System info: host: &amp;apos;LAPTOP-OVD06K6F&amp;apos;, ip: &amp;apos;192.168.43.93&amp;apos;, os.name: &amp;apos;Windows 11&amp;apos;, os.arch: &amp;apos;amd64&amp;apos;, os.version: &amp;apos;10.0&amp;apos;, java.version: &amp;apos;17.0.3&amp;apos;
Driver info: driver.version: ChromeDriver
remote stacktrace: Backtrace:
	Ordinal0 [0x00927413+2389011]
	Ordinal0 [0x008B9F61+1941345]
	Ordinal0 [0x007AC658+837208]
	Ordinal0 [0x007CC773+968563]
	Ordinal0 [0x007C837A+951162]
	Ordinal0 [0x007C5C51+941137]
	Ordinal0 [0x007F8C80+1150080]
	Ordinal0 [0x007F88DA+1149146]
	Ordinal0 [0x007F3F66+1130342]
	Ordinal0 [0x007CE546+976198]
	Ordinal0 [0x007CF456+980054]
	GetHandleVerifier [0x00AD9632+1727522]
	GetHandleVerifier [0x00B8BA4D+2457661]
	GetHandleVerifier [0x009BEB81+569713]
	GetHandleVerifier [0x009BDD76+566118]
	Ordinal0 [0x008C0B2B+1968939]
	Ordinal0 [0x008C5988+1989000]
	Ordinal0 [0x008C5A75+1989237]
	Ordinal0 [0x008CECB1+2026673]
	BaseThreadInitThunk [0x76FF6BD9+25]
	RtlGetFullPathName_UEx [0x77558FD2+1218]
	RtlGetFullPathName_UEx [0x77558F9D+1165]
">
      <![CDATA[org.openqa.selenium.SessionNotCreatedException: session not created: This version of ChromeDriver only supports Chrome version 100
Current browser version is 109.0.5414.120 with binary path C:\Program Files\Google\Chrome\Application\chrome.exe
Build info: version: '3.141.59', revision: 'e82be7d358', time: '2018-11-14T08:17:03'
System info: host: 'LAPTOP-OVD06K6F', ip: '192.168.43.93', os.name: 'Windows 11', os.arch: 'amd64', os.version: '10.0', java.version: '17.0.3'
Driver info: driver.version: ChromeDriver
remote stacktrace: Backtrace:
Ordinal0 [0x00927413+2389011]
Ordinal0 [0x008B9F61+1941345]
Ordinal0 [0x007AC658+837208]
Ordinal0 [0x007CC773+968563]
Ordinal0 [0x007C837A+951162]
Ordinal0 [0x007C5C51+941137]
Ordinal0 [0x007F8C80+1150080]
Ordinal0 [0x007F88DA+1149146]
Ordinal0 [0x007F3F66+1130342]
Ordinal0 [0x007CE546+976198]
Ordinal0 [0x007CF456+980054]
GetHandleVerifier [0x00AD9632+1727522]
GetHandleVerifier [0x00B8BA4D+2457661]
GetHandleVerifier [0x009BEB81+569713]
GetHandleVerifier [0x009BDD76+566118]
Ordinal0 [0x008C0B2B+1968939]
Ordinal0 [0x008C5988+1989000]
Ordinal0 [0x008C5A75+1989237]
Ordinal0 [0x008CECB1+2026673]
BaseThreadInitThunk [0x76FF6BD9+25]
RtlGetFullPathName_UEx [0x77558FD2+1218]
RtlGetFullPathName_UEx [0x77558F9D+1165]

at java.base/jdk.internal.reflect.NativeConstructorAccessorImpl.newInstance0(Native Method)
at java.base/jdk.internal.reflect.NativeConstructorAccessorImpl.newInstance(NativeConstructorAccessorImpl.java:77)
at java.base/jdk.internal.reflect.DelegatingConstructorAccessorImpl.newInstance(DelegatingConstructorAccessorImpl.java:45)
at java.base/java.lang.reflect.Constructor.newInstanceWithCaller(Constructor.java:499)
at java.base/java.lang.reflect.Constructor.newInstance(Constructor.java:480)
at org.openqa.selenium.remote.W3CHandshakeResponse.lambda$errorHandler$0(W3CHandshakeResponse.java:62)
at org.openqa.selenium.remote.HandshakeResponse.lambda$getResponseFunction$0(HandshakeResponse.java:30)
at org.openqa.selenium.remote.ProtocolHandshake.lambda$createSession$0(ProtocolHandshake.java:126)
at java.base/java.util.stream.ReferencePipeline$3$1.accept(ReferencePipeline.java:197)
at java.base/java.util.Spliterators$ArraySpliterator.tryAdvance(Spliterators.java:1002)
at java.base/java.util.stream.ReferencePipeline.forEachWithCancel(ReferencePipeline.java:129)
at java.base/java.util.stream.AbstractPipeline.copyIntoWithCancel(AbstractPipeline.java:527)
at java.base/java.util.stream.AbstractPipeline.copyInto(AbstractPipeline.java:513)
at java.base/java.util.stream.AbstractPipeline.wrapAndCopyInto(AbstractPipeline.java:499)
at java.base/java.util.stream.FindOps$FindOp.evaluateSequential(FindOps.java:150)
at java.base/java.util.stream.AbstractPipeline.evaluate(AbstractPipeline.java:234)
at java.base/java.util.stream.ReferencePipeline.findFirst(ReferencePipeline.java:647)
at org.openqa.selenium.remote.ProtocolHandshake.createSession(ProtocolHandshake.java:128)
at org.openqa.selenium.remote.ProtocolHandshake.createSession(ProtocolHandshake.java:74)
at org.openqa.selenium.remote.HttpCommandExecutor.execute(HttpCommandExecutor.java:136)
at org.openqa.selenium.remote.service.DriverCommandExecutor.execute(DriverCommandExecutor.java:83)
at org.openqa.selenium.remote.RemoteWebDriver.execute(RemoteWebDriver.java:552)
at org.openqa.selenium.remote.RemoteWebDriver.startSession(RemoteWebDriver.java:213)
at org.openqa.selenium.remote.RemoteWebDriver.<init>(RemoteWebDriver.java:131)
at org.openqa.selenium.chrome.ChromeDriver.<init>(ChromeDriver.java:181)
at org.openqa.selenium.chrome.ChromeDriver.<init>(ChromeDriver.java:168)
at org.openqa.selenium.chrome.ChromeDriver.<init>(ChromeDriver.java:157)
at com.uiFramework.KTCTC.helper.browserConfiguration.ChromeBrowser.getChromeDriver(ChromeBrowser.java:49)
at com.uiFramework.KTCTC.helper.browserConfiguration.ChromeBrowser.getBrowserInstance(ChromeBrowser.java:60)
at com.uiFramework.KTCTC.testbase.TestBase.beforeClassOfA(TestBase.java:46)
at java.base/jdk.internal.reflect.NativeMethodAccessorImpl.invoke0(Native Method)
at java.base/jdk.internal.reflect.NativeMethodAccessorImpl.invoke(NativeMethodAccessorImpl.java:77)
at java.base/jdk.internal.reflect.DelegatingMethodAccessorImpl.invoke(DelegatingMethodAccessorImpl.java:43)
at java.base/java.lang.reflect.Method.invoke(Method.java:568)
at org.testng.internal.MethodInvocationHelper.invokeMethod(MethodInvocationHelper.java:133)
at org.testng.internal.MethodInvocationHelper.invokeMethodConsideringTimeout(MethodInvocationHelper.java:62)
at org.testng.internal.ConfigInvoker.invokeConfigurationMethod(ConfigInvoker.java:385)
at org.testng.internal.ConfigInvoker.invokeConfigurations(ConfigInvoker.java:321)
at org.testng.internal.TestMethodWorker.invokeBeforeClassMethods(TestMethodWorker.java:176)
at org.testng.internal.TestMethodWorker.run(TestMethodWorker.java:122)
at java.base/java.util.ArrayList.forEach(ArrayList.java:1511)
at org.testng.TestRunner.privateRun(TestRunner.java:794)
at org.testng.TestRunner.run(TestRunner.java:596)
at org.testng.SuiteRunner.runTest(SuiteRunner.java:377)
at org.testng.SuiteRunner.runSequentially(SuiteRunner.java:371)
at org.testng.SuiteRunner.privateRun(SuiteRunner.java:332)
at org.testng.SuiteRunner.run(SuiteRunner.java:276)
at org.testng.SuiteRunnerWorker.runSuite(SuiteRunnerWorker.java:53)
at org.testng.SuiteRunnerWorker.run(SuiteRunnerWorker.java:96)
at org.testng.TestNG.runSuitesSequentially(TestNG.java:1212)
at org.testng.TestNG.runSuitesLocally(TestNG.java:1134)
at org.testng.TestNG.runSuites(TestNG.java:1063)
at org.testng.TestNG.run(TestNG.java:1031)
at org.testng.remote.AbstractRemoteTestNG.run(AbstractRemoteTestNG.java:115)
at org.testng.remote.RemoteTestNG.initAndRun(RemoteTestNG.java:251)
at org.testng.remote.RemoteTestNG.main(RemoteTestNG.java:77)
]]>
    </failure>
  </testcase> <!-- @BeforeClass beforeClassOfA -->
  <testcase classname="com.uiFramework.KTCTC.testbase.TestBase" name="@BeforeMethod beforeMethod" time="-1.675006789548E9">
    <skipped/>
  </testcase> <!-- @BeforeMethod beforeMethod -->
  <testcase classname="com.uiFramework.KTCTC.testbase.TestBase" name="@AfterMethod afterMethod" time="-1.675006789551E9">
    <skipped/>
  </testcase> <!-- @AfterMethod afterMethod -->
  <testcase classname="com.uiFramework.KTCTC.testbase.TestBase" name="@BeforeMethod beforeMethod" time="-1.675006789553E9">
    <skipped/>
  </testcase> <!-- @BeforeMethod beforeMethod -->
  <testcase classname="com.uiFramework.KTCTC.testbase.TestBase" name="@AfterMethod afterMethod" time="-1.675006789555E9">
    <skipped/>
  </testcase> <!-- @AfterMethod afterMethod -->
  <testcase classname="com.uiFramework.KTCTC.testbase.TestBase" name="@BeforeMethod beforeMethod" time="-1.675006789556E9">
    <skipped/>
  </testcase> <!-- @BeforeMethod beforeMethod -->
  <testcase classname="com.uiFramework.KTCTC.testbase.TestBase" name="@AfterMethod afterMethod" time="-1.675006789559E9">
    <skipped/>
  </testcase> <!-- @AfterMethod afterMethod -->
  <testcase classname="com.uiFramework.KTCTC.testbase.TestBase" name="@BeforeMethod beforeMethod" time="-1.67500678956E9">
    <skipped/>
  </testcase> <!-- @BeforeMethod beforeMethod -->
  <testcase classname="com.uiFramework.KTCTC.testbase.TestBase" name="@AfterMethod afterMethod" time="-1.675006789562E9">
    <skipped/>
  </testcase> <!-- @AfterMethod afterMethod -->
  <testcase classname="com.uiFramework.KTCTC.testbase.TestBase" name="@BeforeMethod beforeMethod" time="-1.675006789562E9">
    <skipped/>
  </testcase> <!-- @BeforeMethod beforeMethod -->
  <testcase classname="com.uiFramework.KTCTC.testbase.TestBase" name="@AfterMethod afterMethod" time="-1.675006789564E9">
    <skipped/>
  </testcase> <!-- @AfterMethod afterMethod -->
  <testcase classname="com.uiFramework.KTCTC.testbase.TestBase" name="@BeforeMethod beforeMethod" time="-1.675006789566E9">
    <skipped/>
  </testcase> <!-- @BeforeMethod beforeMethod -->
  <testcase classname="com.uiFramework.KTCTC.testbase.TestBase" name="@AfterMethod afterMethod" time="-1.675006789569E9">
    <skipped/>
  </testcase> <!-- @AfterMethod afterMethod -->
  <testcase classname="com.uiFramework.KTCTC.testbase.TestBase" name="@AfterClass afterClass" time="-1.67500678957E9">
    <skipped/>
  </testcase> <!-- @AfterClass afterClass -->
  <testcase classname="KTCTC.BTest" name="simpleFromB" time="0.0">
    <skipped/>
  </testcase> <!-- simpleFromB -->
  <testcase classname="KTCTC.BTest" name="simpleFromBB" time="0.0">
    <skipped/>
  </testcase> <!-- simpleFromBB -->
  <testcase classname="selnium.MyFirstMavenProject.AssertsInTestNG.AATest" name="verifyUserCanLoginToSystem" time="0.002">
    <failure type="java.lang.AssertionError" message="User name is not displayed on UI expected [true] but found [false]">
      <![CDATA[java.lang.AssertionError: User name is not displayed on UI expected [true] but found [false]
at org.testng.Assert.fail(Assert.java:99)
at org.testng.Assert.failNotEquals(Assert.java:1037)
at org.testng.Assert.assertTrue(Assert.java:45)
at selnium.MyFirstMavenProject.AssertsInTestNG.AATest.verifyUserCanLoginToSystem(AATest.java:16)
at java.base/jdk.internal.reflect.NativeMethodAccessorImpl.invoke0(Native Method)
at java.base/jdk.internal.reflect.NativeMethodAccessorImpl.invoke(NativeMethodAccessorImpl.java:77)
at java.base/jdk.internal.reflect.DelegatingMethodAccessorImpl.invoke(DelegatingMethodAccessorImpl.java:43)
at java.base/java.lang.reflect.Method.invoke(Method.java:568)
at org.testng.internal.MethodInvocationHelper.invokeMethod(MethodInvocationHelper.java:133)
at org.testng.internal.TestInvoker.invokeMethod(TestInvoker.java:598)
at org.testng.internal.TestInvoker.invokeTestMethod(TestInvoker.java:173)
at org.testng.internal.MethodRunner.runInSequence(MethodRunner.java:46)
at org.testng.internal.TestInvoker$MethodInvocationAgent.invoke(TestInvoker.java:824)
at org.testng.internal.TestInvoker.invokeTestMethods(TestInvoker.java:146)
at org.testng.internal.TestMethodWorker.invokeTestMethods(TestMethodWorker.java:146)
at org.testng.internal.TestMethodWorker.run(TestMethodWorker.java:128)
at java.base/java.util.ArrayList.forEach(ArrayList.java:1511)
at org.testng.TestRunner.privateRun(TestRunner.java:794)
at org.testng.TestRunner.run(TestRunner.java:596)
at org.testng.SuiteRunner.runTest(SuiteRunner.java:377)
at org.testng.SuiteRunner.runSequentially(SuiteRunner.java:371)
at org.testng.SuiteRunner.privateRun(SuiteRunner.java:332)
at org.testng.SuiteRunner.run(SuiteRunner.java:276)
at org.testng.SuiteRunnerWorker.runSuite(SuiteRunnerWorker.java:53)
at org.testng.SuiteRunnerWorker.run(SuiteRunnerWorker.java:96)
at org.testng.TestNG.runSuitesSequentially(TestNG.java:1212)
at org.testng.TestNG.runSuitesLocally(TestNG.java:1134)
at org.testng.TestNG.runSuites(TestNG.java:1063)
at org.testng.TestNG.run(TestNG.java:1031)
at org.testng.remote.AbstractRemoteTestNG.run(AbstractRemoteTestNG.java:115)
at org.testng.remote.RemoteTestNG.initAndRun(RemoteTestNG.java:251)
at org.testng.remote.RemoteTestNG.main(RemoteTestNG.java:77)
]]>
    </failure>
  </testcase> <!-- verifyUserCanLoginToSystem -->
  <testcase classname="selnium.MyFirstMavenProject.AssertsInTestNG.AATest" name="verifyUserCanSeeEmailInSendBox" time="0.001">
    <failure type="java.lang.AssertionError" message="False asserion is failed so test case is also failed expected [false] but found [true]">
      <![CDATA[java.lang.AssertionError: False asserion is failed so test case is also failed expected [false] but found [true]
at org.testng.Assert.fail(Assert.java:99)
at org.testng.Assert.failNotEquals(Assert.java:1037)
at org.testng.Assert.assertFalse(Assert.java:67)
at selnium.MyFirstMavenProject.AssertsInTestNG.AATest.verifyUserCanSeeEmailInSendBox(AATest.java:33)
at java.base/jdk.internal.reflect.NativeMethodAccessorImpl.invoke0(Native Method)
at java.base/jdk.internal.reflect.NativeMethodAccessorImpl.invoke(NativeMethodAccessorImpl.java:77)
at java.base/jdk.internal.reflect.DelegatingMethodAccessorImpl.invoke(DelegatingMethodAccessorImpl.java:43)
at java.base/java.lang.reflect.Method.invoke(Method.java:568)
at org.testng.internal.MethodInvocationHelper.invokeMethod(MethodInvocationHelper.java:133)
at org.testng.internal.TestInvoker.invokeMethod(TestInvoker.java:598)
at org.testng.internal.TestInvoker.invokeTestMethod(TestInvoker.java:173)
at org.testng.internal.MethodRunner.runInSequence(MethodRunner.java:46)
at org.testng.internal.TestInvoker$MethodInvocationAgent.invoke(TestInvoker.java:824)
at org.testng.internal.TestInvoker.invokeTestMethods(TestInvoker.java:146)
at org.testng.internal.TestMethodWorker.invokeTestMethods(TestMethodWorker.java:146)
at org.testng.internal.TestMethodWorker.run(TestMethodWorker.java:128)
at java.base/java.util.ArrayList.forEach(ArrayList.java:1511)
at org.testng.TestRunner.privateRun(TestRunner.java:794)
at org.testng.TestRunner.run(TestRunner.java:596)
at org.testng.SuiteRunner.runTest(SuiteRunner.java:377)
at org.testng.SuiteRunner.runSequentially(SuiteRunner.java:371)
at org.testng.SuiteRunner.privateRun(SuiteRunner.java:332)
at org.testng.SuiteRunner.run(SuiteRunner.java:276)
at org.testng.SuiteRunnerWorker.runSuite(SuiteRunnerWorker.java:53)
at org.testng.SuiteRunnerWorker.run(SuiteRunnerWorker.java:96)
at org.testng.TestNG.runSuitesSequentially(TestNG.java:1212)
at org.testng.TestNG.runSuitesLocally(TestNG.java:1134)
at org.testng.TestNG.runSuites(TestNG.java:1063)
at org.testng.TestNG.run(TestNG.java:1031)
at org.testng.remote.AbstractRemoteTestNG.run(AbstractRemoteTestNG.java:115)
at org.testng.remote.RemoteTestNG.initAndRun(RemoteTestNG.java:251)
at org.testng.remote.RemoteTestNG.main(RemoteTestNG.java:77)
]]>
    </failure>
  </testcase> <!-- verifyUserCanSeeEmailInSendBox -->
  <testcase classname="selnium.MyFirstMavenProject.AssertsInTestNG.AATest" name="verifyUserCanSendEmail" time="0.0">
    <failure type="java.lang.AssertionError" message="expected [true] but found [false]">
      <![CDATA[java.lang.AssertionError: expected [true] but found [false]
at org.testng.Assert.fail(Assert.java:99)
at org.testng.Assert.failNotEquals(Assert.java:1037)
at org.testng.Assert.assertTrue(Assert.java:45)
at org.testng.Assert.assertTrue(Assert.java:55)
at selnium.MyFirstMavenProject.AssertsInTestNG.AATest.verifyUserCanSendEmail(AATest.java:25)
at java.base/jdk.internal.reflect.NativeMethodAccessorImpl.invoke0(Native Method)
at java.base/jdk.internal.reflect.NativeMethodAccessorImpl.invoke(NativeMethodAccessorImpl.java:77)
at java.base/jdk.internal.reflect.DelegatingMethodAccessorImpl.invoke(DelegatingMethodAccessorImpl.java:43)
at java.base/java.lang.reflect.Method.invoke(Method.java:568)
at org.testng.internal.MethodInvocationHelper.invokeMethod(MethodInvocationHelper.java:133)
at org.testng.internal.TestInvoker.invokeMethod(TestInvoker.java:598)
at org.testng.internal.TestInvoker.invokeTestMethod(TestInvoker.java:173)
at org.testng.internal.MethodRunner.runInSequence(MethodRunner.java:46)
at org.testng.internal.TestInvoker$MethodInvocationAgent.invoke(TestInvoker.java:824)
at org.testng.internal.TestInvoker.invokeTestMethods(TestInvoker.java:146)
at org.testng.internal.TestMethodWorker.invokeTestMethods(TestMethodWorker.java:146)
at org.testng.internal.TestMethodWorker.run(TestMethodWorker.java:128)
at java.base/java.util.ArrayList.forEach(ArrayList.java:1511)
at org.testng.TestRunner.privateRun(TestRunner.java:794)
at org.testng.TestRunner.run(TestRunner.java:596)
at org.testng.SuiteRunner.runTest(SuiteRunner.java:377)
at org.testng.SuiteRunner.runSequentially(SuiteRunner.java:371)
at org.testng.SuiteRunner.privateRun(SuiteRunner.java:332)
at org.testng.SuiteRunner.run(SuiteRunner.java:276)
at org.testng.SuiteRunnerWorker.runSuite(SuiteRunnerWorker.java:53)
at org.testng.SuiteRunnerWorker.run(SuiteRunnerWorker.java:96)
at org.testng.TestNG.runSuitesSequentially(TestNG.java:1212)
at org.testng.TestNG.runSuitesLocally(TestNG.java:1134)
at org.testng.TestNG.runSuites(TestNG.java:1063)
at org.testng.TestNG.run(TestNG.java:1031)
at org.testng.remote.AbstractRemoteTestNG.run(AbstractRemoteTestNG.java:115)
at org.testng.remote.RemoteTestNG.initAndRun(RemoteTestNG.java:251)
at org.testng.remote.RemoteTestNG.main(RemoteTestNG.java:77)
]]>
    </failure>
  </testcase> <!-- verifyUserCanSendEmail -->
  <testcase classname="selnium.MyFirstMavenProject.AssertsInTestNG.CCTest" name="sampleMethod" time="0.0"/>
  <testcase classname="selnium.MyFirstMavenProject.AssertsInTestNG.CCTest" name="sampleMethod2" time="0.001"/>
  <testcase classname="KTCTC.regression.WebTablesTest" name="verifyUserCanNavigateToWebTablePage" time="0.0">
    <skipped/>
  </testcase> <!-- verifyUserCanNavigateToWebTablePage -->
  <testcase classname="KTCTC.regression.WebTablesTest" name="verifyNewUserCanBeAddedOnWebTablePage" time="0.0">
    <skipped/>
  </testcase> <!-- verifyNewUserCanBeAddedOnWebTablePage -->
  <testcase classname="KTCTC.regression.WebTablesTest" name="verifyAllDetailsOfNewlyAddedUser" time="0.0">
    <skipped/>
  </testcase> <!-- verifyAllDetailsOfNewlyAddedUser -->
  <testcase classname="KTCTC.regression.WebTablesTest" name="verifyExistingUserCanBeEdited" time="0.0">
    <skipped/>
  </testcase> <!-- verifyExistingUserCanBeEdited -->
  <testcase classname="KTCTC.regression.WebTablesTest" name="verifyAllDetailsOfEditedUser" time="0.0">
    <skipped/>
  </testcase> <!-- verifyAllDetailsOfEditedUser -->
  <testcase classname="KTCTC.regression.WebTablesTest" name="verifyExistringUserCanBeDeleted" time="0.0">
    <skipped/>
  </testcase> <!-- verifyExistringUserCanBeDeleted -->
  <testcase classname="KTCTC.ATest" name="simple" time="0.0">
    <skipped/>
  </testcase> <!-- simple -->
  <testcase classname="KTCTC.ATest" name="simple1" time="0.0">
    <skipped/>
  </testcase> <!-- simple1 -->
  <testcase classname="KTCTC.regression.WebTablesTest2" name="verifyUserCanNavigateToWebTablePage" time="0.0">
    <skipped/>
  </testcase> <!-- verifyUserCanNavigateToWebTablePage -->
  <testcase classname="KTCTC.regression.WebTablesTest2" name="verifyNewUserCanBeAddedOnWebTablePage" time="0.0">
    <skipped/>
  </testcase> <!-- verifyNewUserCanBeAddedOnWebTablePage -->
  <testcase classname="KTCTC.regression.WebTablesTest2" name="verifyAllDetailsOfNewlyAddedUser" time="0.0">
    <skipped/>
  </testcase> <!-- verifyAllDetailsOfNewlyAddedUser -->
  <testcase classname="KTCTC.regression.WebTablesTest2" name="verifyExistingUserCanBeEdited" time="0.0">
    <skipped/>
  </testcase> <!-- verifyExistingUserCanBeEdited -->
  <testcase classname="KTCTC.regression.WebTablesTest2" name="verifyAllDetailsOfEditedUser" time="0.0">
    <skipped/>
  </testcase> <!-- verifyAllDetailsOfEditedUser -->
  <testcase classname="KTCTC.regression.WebTablesTest2" name="verifyExistringUserCanBeDeleted" time="0.0">
    <skipped/>
  </testcase> <!-- verifyExistringUserCanBeDeleted -->
  <testcase classname="selnium.MyFirstMavenProject.AssertsInTestNG.BBTest" name="verifyUserCanLoginToSystem" time="0.001">
    <failure type="java.lang.AssertionError" message="Page titles is not as expected expected [login page] but found [Login Page]">
      <![CDATA[java.lang.AssertionError: Page titles is not as expected expected [login page] but found [Login Page]
at org.testng.Assert.fail(Assert.java:99)
at org.testng.Assert.failNotEquals(Assert.java:1037)
at org.testng.Assert.assertEqualsImpl(Assert.java:140)
at org.testng.Assert.assertEquals(Assert.java:122)
at org.testng.Assert.assertEquals(Assert.java:629)
at selnium.MyFirstMavenProject.AssertsInTestNG.BBTest.verifyUserCanLoginToSystem(BBTest.java:20)
at java.base/jdk.internal.reflect.NativeMethodAccessorImpl.invoke0(Native Method)
at java.base/jdk.internal.reflect.NativeMethodAccessorImpl.invoke(NativeMethodAccessorImpl.java:77)
at java.base/jdk.internal.reflect.DelegatingMethodAccessorImpl.invoke(DelegatingMethodAccessorImpl.java:43)
at java.base/java.lang.reflect.Method.invoke(Method.java:568)
at org.testng.internal.MethodInvocationHelper.invokeMethod(MethodInvocationHelper.java:133)
at org.testng.internal.TestInvoker.invokeMethod(TestInvoker.java:598)
at org.testng.internal.TestInvoker.invokeTestMethod(TestInvoker.java:173)
at org.testng.internal.MethodRunner.runInSequence(MethodRunner.java:46)
at org.testng.internal.TestInvoker$MethodInvocationAgent.invoke(TestInvoker.java:824)
at org.testng.internal.TestInvoker.invokeTestMethods(TestInvoker.java:146)
at org.testng.internal.TestMethodWorker.invokeTestMethods(TestMethodWorker.java:146)
at org.testng.internal.TestMethodWorker.run(TestMethodWorker.java:128)
at java.base/java.util.ArrayList.forEach(ArrayList.java:1511)
at org.testng.TestRunner.privateRun(TestRunner.java:794)
at org.testng.TestRunner.run(TestRunner.java:596)
at org.testng.SuiteRunner.runTest(SuiteRunner.java:377)
at org.testng.SuiteRunner.runSequentially(SuiteRunner.java:371)
at org.testng.SuiteRunner.privateRun(SuiteRunner.java:332)
at org.testng.SuiteRunner.run(SuiteRunner.java:276)
at org.testng.SuiteRunnerWorker.runSuite(SuiteRunnerWorker.java:53)
at org.testng.SuiteRunnerWorker.run(SuiteRunnerWorker.java:96)
at org.testng.TestNG.runSuitesSequentially(TestNG.java:1212)
at org.testng.TestNG.runSuitesLocally(TestNG.java:1134)
at org.testng.TestNG.runSuites(TestNG.java:1063)
at org.testng.TestNG.run(TestNG.java:1031)
at org.testng.remote.AbstractRemoteTestNG.run(AbstractRemoteTestNG.java:115)
at org.testng.remote.RemoteTestNG.initAndRun(RemoteTestNG.java:251)
at org.testng.remote.RemoteTestNG.main(RemoteTestNG.java:77)
]]>
    </failure>
  </testcase> <!-- verifyUserCanLoginToSystem -->
  <testcase classname="selnium.MyFirstMavenProject.AssertsInTestNG.BBTest" name="verifyUserCanSeeEmailInSendBox" time="0.001"/>
  <testcase classname="selnium.MyFirstMavenProject.AssertsInTestNG.BBTest" name="verifyUserCanSendEmail" time="0.0">
    <failure type="java.lang.AssertionError" message="Arrays differ at element [3]: country != hghgh expected [country] but found [hghgh]">
      <![CDATA[java.lang.AssertionError: Arrays differ at element [3]: country != hghgh expected [country] but found [hghgh]
at org.testng.Assert.fail(Assert.java:99)
at org.testng.Assert.failNotEquals(Assert.java:1037)
at org.testng.Assert.assertEqualsImpl(Assert.java:140)
at org.testng.Assert.assertEquals(Assert.java:1244)
at org.testng.Assert.assertEquals(Assert.java:1302)
at selnium.MyFirstMavenProject.AssertsInTestNG.BBTest.verifyUserCanSendEmail(BBTest.java:28)
at java.base/jdk.internal.reflect.NativeMethodAccessorImpl.invoke0(Native Method)
at java.base/jdk.internal.reflect.NativeMethodAccessorImpl.invoke(NativeMethodAccessorImpl.java:77)
at java.base/jdk.internal.reflect.DelegatingMethodAccessorImpl.invoke(DelegatingMethodAccessorImpl.java:43)
at java.base/java.lang.reflect.Method.invoke(Method.java:568)
at org.testng.internal.MethodInvocationHelper.invokeMethod(MethodInvocationHelper.java:133)
at org.testng.internal.TestInvoker.invokeMethod(TestInvoker.java:598)
at org.testng.internal.TestInvoker.invokeTestMethod(TestInvoker.java:173)
at org.testng.internal.MethodRunner.runInSequence(MethodRunner.java:46)
at org.testng.internal.TestInvoker$MethodInvocationAgent.invoke(TestInvoker.java:824)
at org.testng.internal.TestInvoker.invokeTestMethods(TestInvoker.java:146)
at org.testng.internal.TestMethodWorker.invokeTestMethods(TestMethodWorker.java:146)
at org.testng.internal.TestMethodWorker.run(TestMethodWorker.java:128)
at java.base/java.util.ArrayList.forEach(ArrayList.java:1511)
at org.testng.TestRunner.privateRun(TestRunner.java:794)
at org.testng.TestRunner.run(TestRunner.java:596)
at org.testng.SuiteRunner.runTest(SuiteRunner.java:377)
at org.testng.SuiteRunner.runSequentially(SuiteRunner.java:371)
at org.testng.SuiteRunner.privateRun(SuiteRunner.java:332)
at org.testng.SuiteRunner.run(SuiteRunner.java:276)
at org.testng.SuiteRunnerWorker.runSuite(SuiteRunnerWorker.java:53)
at org.testng.SuiteRunnerWorker.run(SuiteRunnerWorker.java:96)
at org.testng.TestNG.runSuitesSequentially(TestNG.java:1212)
at org.testng.TestNG.runSuitesLocally(TestNG.java:1134)
at org.testng.TestNG.runSuites(TestNG.java:1063)
at org.testng.TestNG.run(TestNG.java:1031)
at org.testng.remote.AbstractRemoteTestNG.run(AbstractRemoteTestNG.java:115)
at org.testng.remote.RemoteTestNG.initAndRun(RemoteTestNG.java:251)
at org.testng.remote.RemoteTestNG.main(RemoteTestNG.java:77)
]]>
    </failure>
  </testcase> <!-- verifyUserCanSendEmail -->
  <testcase classname="selnium.MyFirstMavenProject.AssertsInTestNG.PrioritiesInTestNG" name="D" time="0.001"/>
  <testcase classname="selnium.MyFirstMavenProject.AssertsInTestNG.PrioritiesInTestNG" name="B" time="0.0"/>
  <testcase classname="selnium.MyFirstMavenProject.AssertsInTestNG.PrioritiesInTestNG" name="C" time="0.0"/>
  <testcase classname="selnium.MyFirstMavenProject.AssertsInTestNG.PrioritiesInTestNG" name="A" time="0.001"/>
  <testcase classname="selnium.MyFirstMavenProject.AssertsInTestNG.enableDependentInvocation" name="TT" time="0.001"/>
  <testcase classname="selnium.MyFirstMavenProject.AssertsInTestNG.enableDependentInvocation" name="TT" time="0.0"/>
  <testcase classname="selnium.MyFirstMavenProject.AssertsInTestNG.enableDependentInvocation" name="TT" time="0.001"/>
  <testcase classname="selnium.MyFirstMavenProject.AssertsInTestNG.enableDependentInvocation" name="TT" time="0.0"/>
  <testcase classname="selnium.MyFirstMavenProject.AssertsInTestNG.enableDependentInvocation" name="TT" time="0.001"/>
  <testcase classname="selnium.MyFirstMavenProject.AssertsInTestNG.enableDependentInvocation" name="verifyUserCanLoginToSystem" time="0.001">
    <failure type="java.lang.AssertionError" message="User name is not displayed on UI expected [true] but found [false]">
      <![CDATA[java.lang.AssertionError: User name is not displayed on UI expected [true] but found [false]
at org.testng.Assert.fail(Assert.java:99)
at org.testng.Assert.failNotEquals(Assert.java:1037)
at org.testng.Assert.assertTrue(Assert.java:45)
at selnium.MyFirstMavenProject.AssertsInTestNG.enableDependentInvocation.verifyUserCanLoginToSystem(enableDependentInvocation.java:41)
at java.base/jdk.internal.reflect.NativeMethodAccessorImpl.invoke0(Native Method)
at java.base/jdk.internal.reflect.NativeMethodAccessorImpl.invoke(NativeMethodAccessorImpl.java:77)
at java.base/jdk.internal.reflect.DelegatingMethodAccessorImpl.invoke(DelegatingMethodAccessorImpl.java:43)
at java.base/java.lang.reflect.Method.invoke(Method.java:568)
at org.testng.internal.MethodInvocationHelper.invokeMethod(MethodInvocationHelper.java:133)
at org.testng.internal.TestInvoker.invokeMethod(TestInvoker.java:598)
at org.testng.internal.TestInvoker.invokeTestMethod(TestInvoker.java:173)
at org.testng.internal.MethodRunner.runInSequence(MethodRunner.java:46)
at org.testng.internal.TestInvoker$MethodInvocationAgent.invoke(TestInvoker.java:824)
at org.testng.internal.TestInvoker.invokeTestMethods(TestInvoker.java:146)
at org.testng.internal.TestMethodWorker.invokeTestMethods(TestMethodWorker.java:146)
at org.testng.internal.TestMethodWorker.run(TestMethodWorker.java:128)
at java.base/java.util.ArrayList.forEach(ArrayList.java:1511)
at org.testng.TestRunner.privateRun(TestRunner.java:794)
at org.testng.TestRunner.run(TestRunner.java:596)
at org.testng.SuiteRunner.runTest(SuiteRunner.java:377)
at org.testng.SuiteRunner.runSequentially(SuiteRunner.java:371)
at org.testng.SuiteRunner.privateRun(SuiteRunner.java:332)
at org.testng.SuiteRunner.run(SuiteRunner.java:276)
at org.testng.SuiteRunnerWorker.runSuite(SuiteRunnerWorker.java:53)
at org.testng.SuiteRunnerWorker.run(SuiteRunnerWorker.java:96)
at org.testng.TestNG.runSuitesSequentially(TestNG.java:1212)
at org.testng.TestNG.runSuitesLocally(TestNG.java:1134)
at org.testng.TestNG.runSuites(TestNG.java:1063)
at org.testng.TestNG.run(TestNG.java:1031)
at org.testng.remote.AbstractRemoteTestNG.run(AbstractRemoteTestNG.java:115)
at org.testng.remote.RemoteTestNG.initAndRun(RemoteTestNG.java:251)
at org.testng.remote.RemoteTestNG.main(RemoteTestNG.java:77)
]]>
    </failure>
  </testcase> <!-- verifyUserCanLoginToSystem -->
  <testcase classname="selnium.MyFirstMavenProject.AssertsInTestNG.enableDependentInvocation" name="verifyUserCanSendEmail" time="0.0">
    <skipped/>
  </testcase> <!-- verifyUserCanSendEmail -->
  <testcase classname="KTCTC.RR" name="sampleMethod1" time="0.001"/>
  <testcase classname="KTCTC.RR" name="sampleMethod2" time="0.0"/>
  <testcase classname="com.uiFramework.KTCTC.testbase.TestBase" name="@BeforeSuite beforeSuite" time="0.0">
    <ignored/>
  </testcase> <!-- @BeforeSuite beforeSuite -->
  <testcase classname="com.uiFramework.KTCTC.testbase.TestBase" name="@BeforeSuite beforeSuite" time="0.0">
    <ignored/>
  </testcase> <!-- @BeforeSuite beforeSuite -->
  <testcase classname="com.uiFramework.KTCTC.testbase.TestBase" name="@BeforeSuite beforeSuite" time="0.0">
    <ignored/>
  </testcase> <!-- @BeforeSuite beforeSuite -->
  <testcase classname="com.uiFramework.KTCTC.testbase.TestBase" name="@BeforeSuite beforeSuite" time="0.0">
    <ignored/>
  </testcase> <!-- @BeforeSuite beforeSuite -->
  <testcase classname="com.uiFramework.KTCTC.testbase.TestBase" name="@AfterSuite afterSuiteMethod" time="0.0">
    <ignored/>
  </testcase> <!-- @AfterSuite afterSuiteMethod -->
  <testcase classname="com.uiFramework.KTCTC.testbase.TestBase" name="@AfterSuite afterSuiteMethod" time="0.0">
    <ignored/>
  </testcase> <!-- @AfterSuite afterSuiteMethod -->
  <testcase classname="com.uiFramework.KTCTC.testbase.TestBase" name="@AfterSuite afterSuiteMethod" time="0.0">
    <ignored/>
  </testcase> <!-- @AfterSuite afterSuiteMethod -->
  <testcase classname="com.uiFramework.KTCTC.testbase.TestBase" name="@AfterSuite afterSuiteMethod" time="0.0">
    <ignored/>
  </testcase> <!-- @AfterSuite afterSuiteMethod -->
  <testcase classname="selnium.MyFirstMavenProject.AssertsInTestNG.enableDependentInvocation" name="verifyUserCanSeeEmailInSendBox" time="0.0">
    <ignored/>
  </testcase> <!-- verifyUserCanSeeEmailInSendBox -->
</testsuite> <!-- Default test -->
