<?xml version="1.0" encoding="UTF-8"?>
<testng-results ignored="9" total="46" passed="14" failed="6" skipped="17">
  <reporter-output>
  </reporter-output>
  <suite started-at="2023-01-29T21:09:44 IST" name="Default suite" finished-at="2023-01-29T21:09:49 IST" duration-ms="4644">
    <groups>
    </groups>
    <test started-at="2023-01-29T21:09:44 IST" name="Default test" finished-at="2023-01-29T21:09:49 IST" duration-ms="4644">
      <class name="KTCTC.BTest">
        <test-method is-config="true" signature="beforeSuite()[pri:0, instance:KTCTC.BTest@5dafbe45]" started-at="2023-01-29T21:09:44 IST" name="beforeSuite" finished-at="2023-01-29T21:09:44 IST" duration-ms="71" status="PASS">
          <reporter-output>
          </reporter-output>
        </test-method> <!-- beforeSuite -->
        <test-method is-config="true" signature="beforeClassOfA()[pri:0, instance:KTCTC.BTest@5dafbe45]" started-at="2023-01-29T21:09:44 IST" name="beforeClassOfA" finished-at="2023-01-29T21:09:47 IST" duration-ms="2451" status="FAIL">
          <exception class="org.openqa.selenium.SessionNotCreatedException">
            <message>
              <![CDATA[session not created: This version of ChromeDriver only supports Chrome version 100
Current browser version is 109.0.5414.120 with binary path C:\Program Files\Google\Chrome\Application\chrome.exe
Build info: version: '3.141.59', revision: 'e82be7d358', time: '2018-11-14T08:17:03'
System info: host: 'LAPTOP-OVD06K6F', ip: '192.168.43.93', os.name: 'Windows 11', os.arch: 'amd64', os.version: '10.0', java.version: '17.0.3'
Driver info: driver.version: ChromeDriver
remote stacktrace: Backtrace:
Ordinal0 [0x00927413+2389011]
Ordinal0 [0x008B9F61+1941345]
Ordinal0 [0x007AC658+837208]
Ordinal0 [0x007CC773+968563]
Ordinal0 [0x007C837A+951162]
Ordinal0 [0x007C5C51+941137]
Ordinal0 [0x007F8C80+1150080]
Ordinal0 [0x007F88DA+1149146]
Ordinal0 [0x007F3F66+1130342]
Ordinal0 [0x007CE546+976198]
Ordinal0 [0x007CF456+980054]
GetHandleVerifier [0x00AD9632+1727522]
GetHandleVerifier [0x00B8BA4D+2457661]
GetHandleVerifier [0x009BEB81+569713]
GetHandleVerifier [0x009BDD76+566118]
Ordinal0 [0x008C0B2B+1968939]
Ordinal0 [0x008C5988+1989000]
Ordinal0 [0x008C5A75+1989237]
Ordinal0 [0x008CECB1+2026673]
BaseThreadInitThunk [0x76FF6BD9+25]
RtlGetFullPathName_UEx [0x77558FD2+1218]
RtlGetFullPathName_UEx [0x77558F9D+1165]
]]>
            </message>
            <full-stacktrace>
              <![CDATA[org.openqa.selenium.SessionNotCreatedException: session not created: This version of ChromeDriver only supports Chrome version 100
Current browser version is 109.0.5414.120 with binary path C:\Program Files\Google\Chrome\Application\chrome.exe
Build info: version: '3.141.59', revision: 'e82be7d358', time: '2018-11-14T08:17:03'
System info: host: 'LAPTOP-OVD06K6F', ip: '192.168.43.93', os.name: 'Windows 11', os.arch: 'amd64', os.version: '10.0', java.version: '17.0.3'
Driver info: driver.version: ChromeDriver
remote stacktrace: Backtrace:
Ordinal0 [0x00927413+2389011]
Ordinal0 [0x008B9F61+1941345]
Ordinal0 [0x007AC658+837208]
Ordinal0 [0x007CC773+968563]
Ordinal0 [0x007C837A+951162]
Ordinal0 [0x007C5C51+941137]
Ordinal0 [0x007F8C80+1150080]
Ordinal0 [0x007F88DA+1149146]
Ordinal0 [0x007F3F66+1130342]
Ordinal0 [0x007CE546+976198]
Ordinal0 [0x007CF456+980054]
GetHandleVerifier [0x00AD9632+1727522]
GetHandleVerifier [0x00B8BA4D+2457661]
GetHandleVerifier [0x009BEB81+569713]
GetHandleVerifier [0x009BDD76+566118]
Ordinal0 [0x008C0B2B+1968939]
Ordinal0 [0x008C5988+1989000]
Ordinal0 [0x008C5A75+1989237]
Ordinal0 [0x008CECB1+2026673]
BaseThreadInitThunk [0x76FF6BD9+25]
RtlGetFullPathName_UEx [0x77558FD2+1218]
RtlGetFullPathName_UEx [0x77558F9D+1165]

at java.base/jdk.internal.reflect.NativeConstructorAccessorImpl.newInstance0(Native Method)
at java.base/jdk.internal.reflect.NativeConstructorAccessorImpl.newInstance(NativeConstructorAccessorImpl.java:77)
at java.base/jdk.internal.reflect.DelegatingConstructorAccessorImpl.newInstance(DelegatingConstructorAccessorImpl.java:45)
at java.base/java.lang.reflect.Constructor.newInstanceWithCaller(Constructor.java:499)
at java.base/java.lang.reflect.Constructor.newInstance(Constructor.java:480)
at org.openqa.selenium.remote.W3CHandshakeResponse.lambda$errorHandler$0(W3CHandshakeResponse.java:62)
at org.openqa.selenium.remote.HandshakeResponse.lambda$getResponseFunction$0(HandshakeResponse.java:30)
at org.openqa.selenium.remote.ProtocolHandshake.lambda$createSession$0(ProtocolHandshake.java:126)
at java.base/java.util.stream.ReferencePipeline$3$1.accept(ReferencePipeline.java:197)
at java.base/java.util.Spliterators$ArraySpliterator.tryAdvance(Spliterators.java:1002)
at java.base/java.util.stream.ReferencePipeline.forEachWithCancel(ReferencePipeline.java:129)
at java.base/java.util.stream.AbstractPipeline.copyIntoWithCancel(AbstractPipeline.java:527)
at java.base/java.util.stream.AbstractPipeline.copyInto(AbstractPipeline.java:513)
at java.base/java.util.stream.AbstractPipeline.wrapAndCopyInto(AbstractPipeline.java:499)
at java.base/java.util.stream.FindOps$FindOp.evaluateSequential(FindOps.java:150)
at java.base/java.util.stream.AbstractPipeline.evaluate(AbstractPipeline.java:234)
at java.base/java.util.stream.ReferencePipeline.findFirst(ReferencePipeline.java:647)
at org.openqa.selenium.remote.ProtocolHandshake.createSession(ProtocolHandshake.java:128)
at org.openqa.selenium.remote.ProtocolHandshake.createSession(ProtocolHandshake.java:74)
at org.openqa.selenium.remote.HttpCommandExecutor.execute(HttpCommandExecutor.java:136)
at org.openqa.selenium.remote.service.DriverCommandExecutor.execute(DriverCommandExecutor.java:83)
at org.openqa.selenium.remote.RemoteWebDriver.execute(RemoteWebDriver.java:552)
at org.openqa.selenium.remote.RemoteWebDriver.startSession(RemoteWebDriver.java:213)
at org.openqa.selenium.remote.RemoteWebDriver.<init>(RemoteWebDriver.java:131)
at org.openqa.selenium.chrome.ChromeDriver.<init>(ChromeDriver.java:181)
at org.openqa.selenium.chrome.ChromeDriver.<init>(ChromeDriver.java:168)
at org.openqa.selenium.chrome.ChromeDriver.<init>(ChromeDriver.java:157)
at com.uiFramework.KTCTC.helper.browserConfiguration.ChromeBrowser.getChromeDriver(ChromeBrowser.java:49)
at com.uiFramework.KTCTC.helper.browserConfiguration.ChromeBrowser.getBrowserInstance(ChromeBrowser.java:60)
at KTCTC.BTest.beforeClassOfA(BTest.java:17)
at java.base/jdk.internal.reflect.NativeMethodAccessorImpl.invoke0(Native Method)
at java.base/jdk.internal.reflect.NativeMethodAccessorImpl.invoke(NativeMethodAccessorImpl.java:77)
at java.base/jdk.internal.reflect.DelegatingMethodAccessorImpl.invoke(DelegatingMethodAccessorImpl.java:43)
at java.base/java.lang.reflect.Method.invoke(Method.java:568)
at org.testng.internal.MethodInvocationHelper.invokeMethod(MethodInvocationHelper.java:133)
at org.testng.internal.MethodInvocationHelper.invokeMethodConsideringTimeout(MethodInvocationHelper.java:62)
at org.testng.internal.ConfigInvoker.invokeConfigurationMethod(ConfigInvoker.java:385)
at org.testng.internal.ConfigInvoker.invokeConfigurations(ConfigInvoker.java:321)
at org.testng.internal.TestMethodWorker.invokeBeforeClassMethods(TestMethodWorker.java:176)
at org.testng.internal.TestMethodWorker.run(TestMethodWorker.java:122)
at java.base/java.util.ArrayList.forEach(ArrayList.java:1511)
at org.testng.TestRunner.privateRun(TestRunner.java:794)
at org.testng.TestRunner.run(TestRunner.java:596)
at org.testng.SuiteRunner.runTest(SuiteRunner.java:377)
at org.testng.SuiteRunner.runSequentially(SuiteRunner.java:371)
at org.testng.SuiteRunner.privateRun(SuiteRunner.java:332)
at org.testng.SuiteRunner.run(SuiteRunner.java:276)
at org.testng.SuiteRunnerWorker.runSuite(SuiteRunnerWorker.java:53)
at org.testng.SuiteRunnerWorker.run(SuiteRunnerWorker.java:96)
at org.testng.TestNG.runSuitesSequentially(TestNG.java:1212)
at org.testng.TestNG.runSuitesLocally(TestNG.java:1134)
at org.testng.TestNG.runSuites(TestNG.java:1063)
at org.testng.TestNG.run(TestNG.java:1031)
at org.testng.remote.AbstractRemoteTestNG.run(AbstractRemoteTestNG.java:115)
at org.testng.remote.RemoteTestNG.initAndRun(RemoteTestNG.java:251)
at org.testng.remote.RemoteTestNG.main(RemoteTestNG.java:77)
]]>
            </full-stacktrace>
          </exception> <!-- org.openqa.selenium.SessionNotCreatedException -->
          <reporter-output>
          </reporter-output>
        </test-method> <!-- beforeClassOfA -->
        <test-method is-config="true" signature="beforeMethod(java.lang.reflect.Method)[pri:0, instance:KTCTC.BTest@5dafbe45]" started-at="2023-01-29T21:09:47 IST" name="beforeMethod" finished-at="1970-01-01T05:30:00 IST" duration-ms="-1675006787427" status="SKIP">
          <reporter-output>
          </reporter-output>
        </test-method> <!-- beforeMethod -->
        <test-method signature="simpleFromB()[pri:0, instance:KTCTC.BTest@5dafbe45]" started-at="2023-01-29T21:09:47 IST" name="simpleFromB" finished-at="2023-01-29T21:09:47 IST" duration-ms="0" status="SKIP">
          <exception class="org.openqa.selenium.SessionNotCreatedException">
            <message>
              <![CDATA[session not created: This version of ChromeDriver only supports Chrome version 100
Current browser version is 109.0.5414.120 with binary path C:\Program Files\Google\Chrome\Application\chrome.exe
Build info: version: '3.141.59', revision: 'e82be7d358', time: '2018-11-14T08:17:03'
System info: host: 'LAPTOP-OVD06K6F', ip: '192.168.43.93', os.name: 'Windows 11', os.arch: 'amd64', os.version: '10.0', java.version: '17.0.3'
Driver info: driver.version: ChromeDriver
remote stacktrace: Backtrace:
Ordinal0 [0x00927413+2389011]
Ordinal0 [0x008B9F61+1941345]
Ordinal0 [0x007AC658+837208]
Ordinal0 [0x007CC773+968563]
Ordinal0 [0x007C837A+951162]
Ordinal0 [0x007C5C51+941137]
Ordinal0 [0x007F8C80+1150080]
Ordinal0 [0x007F88DA+1149146]
Ordinal0 [0x007F3F66+1130342]
Ordinal0 [0x007CE546+976198]
Ordinal0 [0x007CF456+980054]
GetHandleVerifier [0x00AD9632+1727522]
GetHandleVerifier [0x00B8BA4D+2457661]
GetHandleVerifier [0x009BEB81+569713]
GetHandleVerifier [0x009BDD76+566118]
Ordinal0 [0x008C0B2B+1968939]
Ordinal0 [0x008C5988+1989000]
Ordinal0 [0x008C5A75+1989237]
Ordinal0 [0x008CECB1+2026673]
BaseThreadInitThunk [0x76FF6BD9+25]
RtlGetFullPathName_UEx [0x77558FD2+1218]
RtlGetFullPathName_UEx [0x77558F9D+1165]
]]>
            </message>
            <full-stacktrace>
              <![CDATA[org.openqa.selenium.SessionNotCreatedException: session not created: This version of ChromeDriver only supports Chrome version 100
Current browser version is 109.0.5414.120 with binary path C:\Program Files\Google\Chrome\Application\chrome.exe
Build info: version: '3.141.59', revision: 'e82be7d358', time: '2018-11-14T08:17:03'
System info: host: 'LAPTOP-OVD06K6F', ip: '192.168.43.93', os.name: 'Windows 11', os.arch: 'amd64', os.version: '10.0', java.version: '17.0.3'
Driver info: driver.version: ChromeDriver
remote stacktrace: Backtrace:
Ordinal0 [0x00927413+2389011]
Ordinal0 [0x008B9F61+1941345]
Ordinal0 [0x007AC658+837208]
Ordinal0 [0x007CC773+968563]
Ordinal0 [0x007C837A+951162]
Ordinal0 [0x007C5C51+941137]
Ordinal0 [0x007F8C80+1150080]
Ordinal0 [0x007F88DA+1149146]
Ordinal0 [0x007F3F66+1130342]
Ordinal0 [0x007CE546+976198]
Ordinal0 [0x007CF456+980054]
GetHandleVerifier [0x00AD9632+1727522]
GetHandleVerifier [0x00B8BA4D+2457661]
GetHandleVerifier [0x009BEB81+569713]
GetHandleVerifier [0x009BDD76+566118]
Ordinal0 [0x008C0B2B+1968939]
Ordinal0 [0x008C5988+1989000]
Ordinal0 [0x008C5A75+1989237]
Ordinal0 [0x008CECB1+2026673]
BaseThreadInitThunk [0x76FF6BD9+25]
RtlGetFullPathName_UEx [0x77558FD2+1218]
RtlGetFullPathName_UEx [0x77558F9D+1165]

at java.base/jdk.internal.reflect.NativeConstructorAccessorImpl.newInstance0(Native Method)
at java.base/jdk.internal.reflect.NativeConstructorAccessorImpl.newInstance(NativeConstructorAccessorImpl.java:77)
at java.base/jdk.internal.reflect.DelegatingConstructorAccessorImpl.newInstance(DelegatingConstructorAccessorImpl.java:45)
at java.base/java.lang.reflect.Constructor.newInstanceWithCaller(Constructor.java:499)
at java.base/java.lang.reflect.Constructor.newInstance(Constructor.java:480)
at org.openqa.selenium.remote.W3CHandshakeResponse.lambda$errorHandler$0(W3CHandshakeResponse.java:62)
at org.openqa.selenium.remote.HandshakeResponse.lambda$getResponseFunction$0(HandshakeResponse.java:30)
at org.openqa.selenium.remote.ProtocolHandshake.lambda$createSession$0(ProtocolHandshake.java:126)
at java.base/java.util.stream.ReferencePipeline$3$1.accept(ReferencePipeline.java:197)
at java.base/java.util.Spliterators$ArraySpliterator.tryAdvance(Spliterators.java:1002)
at java.base/java.util.stream.ReferencePipeline.forEachWithCancel(ReferencePipeline.java:129)
at java.base/java.util.stream.AbstractPipeline.copyIntoWithCancel(AbstractPipeline.java:527)
at java.base/java.util.stream.AbstractPipeline.copyInto(AbstractPipeline.java:513)
at java.base/java.util.stream.AbstractPipeline.wrapAndCopyInto(AbstractPipeline.java:499)
at java.base/java.util.stream.FindOps$FindOp.evaluateSequential(FindOps.java:150)
at java.base/java.util.stream.AbstractPipeline.evaluate(AbstractPipeline.java:234)
at java.base/java.util.stream.ReferencePipeline.findFirst(ReferencePipeline.java:647)
at org.openqa.selenium.remote.ProtocolHandshake.createSession(ProtocolHandshake.java:128)
at org.openqa.selenium.remote.ProtocolHandshake.createSession(ProtocolHandshake.java:74)
at org.openqa.selenium.remote.HttpCommandExecutor.execute(HttpCommandExecutor.java:136)
at org.openqa.selenium.remote.service.DriverCommandExecutor.execute(DriverCommandExecutor.java:83)
at org.openqa.selenium.remote.RemoteWebDriver.execute(RemoteWebDriver.java:552)
at org.openqa.selenium.remote.RemoteWebDriver.startSession(RemoteWebDriver.java:213)
at org.openqa.selenium.remote.RemoteWebDriver.<init>(RemoteWebDriver.java:131)
at org.openqa.selenium.chrome.ChromeDriver.<init>(ChromeDriver.java:181)
at org.openqa.selenium.chrome.ChromeDriver.<init>(ChromeDriver.java:168)
at org.openqa.selenium.chrome.ChromeDriver.<init>(ChromeDriver.java:157)
at com.uiFramework.KTCTC.helper.browserConfiguration.ChromeBrowser.getChromeDriver(ChromeBrowser.java:49)
at com.uiFramework.KTCTC.helper.browserConfiguration.ChromeBrowser.getBrowserInstance(ChromeBrowser.java:60)
at KTCTC.BTest.beforeClassOfA(BTest.java:17)
at java.base/jdk.internal.reflect.NativeMethodAccessorImpl.invoke0(Native Method)
at java.base/jdk.internal.reflect.NativeMethodAccessorImpl.invoke(NativeMethodAccessorImpl.java:77)
at java.base/jdk.internal.reflect.DelegatingMethodAccessorImpl.invoke(DelegatingMethodAccessorImpl.java:43)
at java.base/java.lang.reflect.Method.invoke(Method.java:568)
at org.testng.internal.MethodInvocationHelper.invokeMethod(MethodInvocationHelper.java:133)
at org.testng.internal.MethodInvocationHelper.invokeMethodConsideringTimeout(MethodInvocationHelper.java:62)
at org.testng.internal.ConfigInvoker.invokeConfigurationMethod(ConfigInvoker.java:385)
at org.testng.internal.ConfigInvoker.invokeConfigurations(ConfigInvoker.java:321)
at org.testng.internal.TestMethodWorker.invokeBeforeClassMethods(TestMethodWorker.java:176)
at org.testng.internal.TestMethodWorker.run(TestMethodWorker.java:122)
at java.base/java.util.ArrayList.forEach(ArrayList.java:1511)
at org.testng.TestRunner.privateRun(TestRunner.java:794)
at org.testng.TestRunner.run(TestRunner.java:596)
at org.testng.SuiteRunner.runTest(SuiteRunner.java:377)
at org.testng.SuiteRunner.runSequentially(SuiteRunner.java:371)
at org.testng.SuiteRunner.privateRun(SuiteRunner.java:332)
at org.testng.SuiteRunner.run(SuiteRunner.java:276)
at org.testng.SuiteRunnerWorker.runSuite(SuiteRunnerWorker.java:53)
at org.testng.SuiteRunnerWorker.run(SuiteRunnerWorker.java:96)
at org.testng.TestNG.runSuitesSequentially(TestNG.java:1212)
at org.testng.TestNG.runSuitesLocally(TestNG.java:1134)
at org.testng.TestNG.runSuites(TestNG.java:1063)
at org.testng.TestNG.run(TestNG.java:1031)
at org.testng.remote.AbstractRemoteTestNG.run(AbstractRemoteTestNG.java:115)
at org.testng.remote.RemoteTestNG.initAndRun(RemoteTestNG.java:251)
at org.testng.remote.RemoteTestNG.main(RemoteTestNG.java:77)
]]>
            </full-stacktrace>
          </exception> <!-- org.openqa.selenium.SessionNotCreatedException -->
          <reporter-output>
          </reporter-output>
        </test-method> <!-- simpleFromB -->
        <test-method is-config="true" signature="afterMethod(org.testng.ITestResult)[pri:0, instance:KTCTC.BTest@5dafbe45]" started-at="2023-01-29T21:09:47 IST" name="afterMethod" finished-at="1970-01-01T05:30:00 IST" duration-ms="-1675006787433" status="SKIP">
          <reporter-output>
          </reporter-output>
        </test-method> <!-- afterMethod -->
        <test-method is-config="true" signature="beforeMethod(java.lang.reflect.Method)[pri:0, instance:KTCTC.BTest@5dafbe45]" started-at="2023-01-29T21:09:47 IST" name="beforeMethod" finished-at="1970-01-01T05:30:00 IST" duration-ms="-1675006787436" status="SKIP">
          <reporter-output>
          </reporter-output>
        </test-method> <!-- beforeMethod -->
        <test-method signature="simpleFromBB()[pri:0, instance:KTCTC.BTest@5dafbe45]" started-at="2023-01-29T21:09:47 IST" name="simpleFromBB" finished-at="2023-01-29T21:09:47 IST" duration-ms="0" status="SKIP">
          <exception class="org.openqa.selenium.SessionNotCreatedException">
            <message>
              <![CDATA[session not created: This version of ChromeDriver only supports Chrome version 100
Current browser version is 109.0.5414.120 with binary path C:\Program Files\Google\Chrome\Application\chrome.exe
Build info: version: '3.141.59', revision: 'e82be7d358', time: '2018-11-14T08:17:03'
System info: host: 'LAPTOP-OVD06K6F', ip: '192.168.43.93', os.name: 'Windows 11', os.arch: 'amd64', os.version: '10.0', java.version: '17.0.3'
Driver info: driver.version: ChromeDriver
remote stacktrace: Backtrace:
Ordinal0 [0x00927413+2389011]
Ordinal0 [0x008B9F61+1941345]
Ordinal0 [0x007AC658+837208]
Ordinal0 [0x007CC773+968563]
Ordinal0 [0x007C837A+951162]
Ordinal0 [0x007C5C51+941137]
Ordinal0 [0x007F8C80+1150080]
Ordinal0 [0x007F88DA+1149146]
Ordinal0 [0x007F3F66+1130342]
Ordinal0 [0x007CE546+976198]
Ordinal0 [0x007CF456+980054]
GetHandleVerifier [0x00AD9632+1727522]
GetHandleVerifier [0x00B8BA4D+2457661]
GetHandleVerifier [0x009BEB81+569713]
GetHandleVerifier [0x009BDD76+566118]
Ordinal0 [0x008C0B2B+1968939]
Ordinal0 [0x008C5988+1989000]
Ordinal0 [0x008C5A75+1989237]
Ordinal0 [0x008CECB1+2026673]
BaseThreadInitThunk [0x76FF6BD9+25]
RtlGetFullPathName_UEx [0x77558FD2+1218]
RtlGetFullPathName_UEx [0x77558F9D+1165]
]]>
            </message>
            <full-stacktrace>
              <![CDATA[org.openqa.selenium.SessionNotCreatedException: session not created: This version of ChromeDriver only supports Chrome version 100
Current browser version is 109.0.5414.120 with binary path C:\Program Files\Google\Chrome\Application\chrome.exe
Build info: version: '3.141.59', revision: 'e82be7d358', time: '2018-11-14T08:17:03'
System info: host: 'LAPTOP-OVD06K6F', ip: '192.168.43.93', os.name: 'Windows 11', os.arch: 'amd64', os.version: '10.0', java.version: '17.0.3'
Driver info: driver.version: ChromeDriver
remote stacktrace: Backtrace:
Ordinal0 [0x00927413+2389011]
Ordinal0 [0x008B9F61+1941345]
Ordinal0 [0x007AC658+837208]
Ordinal0 [0x007CC773+968563]
Ordinal0 [0x007C837A+951162]
Ordinal0 [0x007C5C51+941137]
Ordinal0 [0x007F8C80+1150080]
Ordinal0 [0x007F88DA+1149146]
Ordinal0 [0x007F3F66+1130342]
Ordinal0 [0x007CE546+976198]
Ordinal0 [0x007CF456+980054]
GetHandleVerifier [0x00AD9632+1727522]
GetHandleVerifier [0x00B8BA4D+2457661]
GetHandleVerifier [0x009BEB81+569713]
GetHandleVerifier [0x009BDD76+566118]
Ordinal0 [0x008C0B2B+1968939]
Ordinal0 [0x008C5988+1989000]
Ordinal0 [0x008C5A75+1989237]
Ordinal0 [0x008CECB1+2026673]
BaseThreadInitThunk [0x76FF6BD9+25]
RtlGetFullPathName_UEx [0x77558FD2+1218]
RtlGetFullPathName_UEx [0x77558F9D+1165]

at java.base/jdk.internal.reflect.NativeConstructorAccessorImpl.newInstance0(Native Method)
at java.base/jdk.internal.reflect.NativeConstructorAccessorImpl.newInstance(NativeConstructorAccessorImpl.java:77)
at java.base/jdk.internal.reflect.DelegatingConstructorAccessorImpl.newInstance(DelegatingConstructorAccessorImpl.java:45)
at java.base/java.lang.reflect.Constructor.newInstanceWithCaller(Constructor.java:499)
at java.base/java.lang.reflect.Constructor.newInstance(Constructor.java:480)
at org.openqa.selenium.remote.W3CHandshakeResponse.lambda$errorHandler$0(W3CHandshakeResponse.java:62)
at org.openqa.selenium.remote.HandshakeResponse.lambda$getResponseFunction$0(HandshakeResponse.java:30)
at org.openqa.selenium.remote.ProtocolHandshake.lambda$createSession$0(ProtocolHandshake.java:126)
at java.base/java.util.stream.ReferencePipeline$3$1.accept(ReferencePipeline.java:197)
at java.base/java.util.Spliterators$ArraySpliterator.tryAdvance(Spliterators.java:1002)
at java.base/java.util.stream.ReferencePipeline.forEachWithCancel(ReferencePipeline.java:129)
at java.base/java.util.stream.AbstractPipeline.copyIntoWithCancel(AbstractPipeline.java:527)
at java.base/java.util.stream.AbstractPipeline.copyInto(AbstractPipeline.java:513)
at java.base/java.util.stream.AbstractPipeline.wrapAndCopyInto(AbstractPipeline.java:499)
at java.base/java.util.stream.FindOps$FindOp.evaluateSequential(FindOps.java:150)
at java.base/java.util.stream.AbstractPipeline.evaluate(AbstractPipeline.java:234)
at java.base/java.util.stream.ReferencePipeline.findFirst(ReferencePipeline.java:647)
at org.openqa.selenium.remote.ProtocolHandshake.createSession(ProtocolHandshake.java:128)
at org.openqa.selenium.remote.ProtocolHandshake.createSession(ProtocolHandshake.java:74)
at org.openqa.selenium.remote.HttpCommandExecutor.execute(HttpCommandExecutor.java:136)
at org.openqa.selenium.remote.service.DriverCommandExecutor.execute(DriverCommandExecutor.java:83)
at org.openqa.selenium.remote.RemoteWebDriver.execute(RemoteWebDriver.java:552)
at org.openqa.selenium.remote.RemoteWebDriver.startSession(RemoteWebDriver.java:213)
at org.openqa.selenium.remote.RemoteWebDriver.<init>(RemoteWebDriver.java:131)
at org.openqa.selenium.chrome.ChromeDriver.<init>(ChromeDriver.java:181)
at org.openqa.selenium.chrome.ChromeDriver.<init>(ChromeDriver.java:168)
at org.openqa.selenium.chrome.ChromeDriver.<init>(ChromeDriver.java:157)
at com.uiFramework.KTCTC.helper.browserConfiguration.ChromeBrowser.getChromeDriver(ChromeBrowser.java:49)
at com.uiFramework.KTCTC.helper.browserConfiguration.ChromeBrowser.getBrowserInstance(ChromeBrowser.java:60)
at KTCTC.BTest.beforeClassOfA(BTest.java:17)
at java.base/jdk.internal.reflect.NativeMethodAccessorImpl.invoke0(Native Method)
at java.base/jdk.internal.reflect.NativeMethodAccessorImpl.invoke(NativeMethodAccessorImpl.java:77)
at java.base/jdk.internal.reflect.DelegatingMethodAccessorImpl.invoke(DelegatingMethodAccessorImpl.java:43)
at java.base/java.lang.reflect.Method.invoke(Method.java:568)
at org.testng.internal.MethodInvocationHelper.invokeMethod(MethodInvocationHelper.java:133)
at org.testng.internal.MethodInvocationHelper.invokeMethodConsideringTimeout(MethodInvocationHelper.java:62)
at org.testng.internal.ConfigInvoker.invokeConfigurationMethod(ConfigInvoker.java:385)
at org.testng.internal.ConfigInvoker.invokeConfigurations(ConfigInvoker.java:321)
at org.testng.internal.TestMethodWorker.invokeBeforeClassMethods(TestMethodWorker.java:176)
at org.testng.internal.TestMethodWorker.run(TestMethodWorker.java:122)
at java.base/java.util.ArrayList.forEach(ArrayList.java:1511)
at org.testng.TestRunner.privateRun(TestRunner.java:794)
at org.testng.TestRunner.run(TestRunner.java:596)
at org.testng.SuiteRunner.runTest(SuiteRunner.java:377)
at org.testng.SuiteRunner.runSequentially(SuiteRunner.java:371)
at org.testng.SuiteRunner.privateRun(SuiteRunner.java:332)
at org.testng.SuiteRunner.run(SuiteRunner.java:276)
at org.testng.SuiteRunnerWorker.runSuite(SuiteRunnerWorker.java:53)
at org.testng.SuiteRunnerWorker.run(SuiteRunnerWorker.java:96)
at org.testng.TestNG.runSuitesSequentially(TestNG.java:1212)
at org.testng.TestNG.runSuitesLocally(TestNG.java:1134)
at org.testng.TestNG.runSuites(TestNG.java:1063)
at org.testng.TestNG.run(TestNG.java:1031)
at org.testng.remote.AbstractRemoteTestNG.run(AbstractRemoteTestNG.java:115)
at org.testng.remote.RemoteTestNG.initAndRun(RemoteTestNG.java:251)
at org.testng.remote.RemoteTestNG.main(RemoteTestNG.java:77)
]]>
            </full-stacktrace>
          </exception> <!-- org.openqa.selenium.SessionNotCreatedException -->
          <reporter-output>
          </reporter-output>
        </test-method> <!-- simpleFromBB -->
        <test-method is-config="true" signature="afterMethod(org.testng.ITestResult)[pri:0, instance:KTCTC.BTest@5dafbe45]" started-at="2023-01-29T21:09:47 IST" name="afterMethod" finished-at="1970-01-01T05:30:00 IST" duration-ms="-1675006787440" status="SKIP">
          <reporter-output>
          </reporter-output>
        </test-method> <!-- afterMethod -->
        <test-method is-config="true" signature="afterClass()[pri:0, instance:KTCTC.BTest@5dafbe45]" started-at="2023-01-29T21:09:47 IST" name="afterClass" finished-at="1970-01-01T05:30:00 IST" duration-ms="-1675006787441" status="SKIP">
          <reporter-output>
          </reporter-output>
        </test-method> <!-- afterClass -->
        <test-method is-config="true" signature="afterSuiteMethod()[pri:0, instance:KTCTC.BTest@5dafbe45]" started-at="2023-01-29T21:09:49 IST" name="afterSuiteMethod" finished-at="1970-01-01T05:30:00 IST" duration-ms="-1675006789701" status="SKIP">
          <reporter-output>
          </reporter-output>
        </test-method> <!-- afterSuiteMethod -->
      </class> <!-- KTCTC.BTest -->
      <class name="KTCTC.RR">
        <test-method signature="sampleMethod1()[pri:0, instance:KTCTC.RR@5d908d47]" started-at="2023-01-29T21:09:49 IST" name="sampleMethod1" finished-at="2023-01-29T21:09:49 IST" duration-ms="1" status="PASS">
          <reporter-output>
          </reporter-output>
        </test-method> <!-- sampleMethod1 -->
        <test-method signature="sampleMethod2()[pri:0, instance:KTCTC.RR@5d908d47]" started-at="2023-01-29T21:09:49 IST" name="sampleMethod2" finished-at="2023-01-29T21:09:49 IST" duration-ms="0" status="PASS">
          <reporter-output>
          </reporter-output>
        </test-method> <!-- sampleMethod2 -->
      </class> <!-- KTCTC.RR -->
      <class name="selnium.MyFirstMavenProject.AssertsInTestNG.AATest">
        <test-method signature="verifyUserCanLoginToSystem()[pri:0, instance:selnium.MyFirstMavenProject.AssertsInTestNG.AATest@38145825]" started-at="2023-01-29T21:09:47 IST" name="verifyUserCanLoginToSystem" finished-at="2023-01-29T21:09:47 IST" duration-ms="2" status="FAIL">
          <exception class="java.lang.AssertionError">
            <message>
              <![CDATA[User name is not displayed on UI expected [true] but found [false]]]>
            </message>
            <full-stacktrace>
              <![CDATA[java.lang.AssertionError: User name is not displayed on UI expected [true] but found [false]
at org.testng.Assert.fail(Assert.java:99)
at org.testng.Assert.failNotEquals(Assert.java:1037)
at org.testng.Assert.assertTrue(Assert.java:45)
at selnium.MyFirstMavenProject.AssertsInTestNG.AATest.verifyUserCanLoginToSystem(AATest.java:16)
at java.base/jdk.internal.reflect.NativeMethodAccessorImpl.invoke0(Native Method)
at java.base/jdk.internal.reflect.NativeMethodAccessorImpl.invoke(NativeMethodAccessorImpl.java:77)
at java.base/jdk.internal.reflect.DelegatingMethodAccessorImpl.invoke(DelegatingMethodAccessorImpl.java:43)
at java.base/java.lang.reflect.Method.invoke(Method.java:568)
at org.testng.internal.MethodInvocationHelper.invokeMethod(MethodInvocationHelper.java:133)
at org.testng.internal.TestInvoker.invokeMethod(TestInvoker.java:598)
at org.testng.internal.TestInvoker.invokeTestMethod(TestInvoker.java:173)
at org.testng.internal.MethodRunner.runInSequence(MethodRunner.java:46)
at org.testng.internal.TestInvoker$MethodInvocationAgent.invoke(TestInvoker.java:824)
at org.testng.internal.TestInvoker.invokeTestMethods(TestInvoker.java:146)
at org.testng.internal.TestMethodWorker.invokeTestMethods(TestMethodWorker.java:146)
at org.testng.internal.TestMethodWorker.run(TestMethodWorker.java:128)
at java.base/java.util.ArrayList.forEach(ArrayList.java:1511)
at org.testng.TestRunner.privateRun(TestRunner.java:794)
at org.testng.TestRunner.run(TestRunner.java:596)
at org.testng.SuiteRunner.runTest(SuiteRunner.java:377)
at org.testng.SuiteRunner.runSequentially(SuiteRunner.java:371)
at org.testng.SuiteRunner.privateRun(SuiteRunner.java:332)
at org.testng.SuiteRunner.run(SuiteRunner.java:276)
at org.testng.SuiteRunnerWorker.runSuite(SuiteRunnerWorker.java:53)
at org.testng.SuiteRunnerWorker.run(SuiteRunnerWorker.java:96)
at org.testng.TestNG.runSuitesSequentially(TestNG.java:1212)
at org.testng.TestNG.runSuitesLocally(TestNG.java:1134)
at org.testng.TestNG.runSuites(TestNG.java:1063)
at org.testng.TestNG.run(TestNG.java:1031)
at org.testng.remote.AbstractRemoteTestNG.run(AbstractRemoteTestNG.java:115)
at org.testng.remote.RemoteTestNG.initAndRun(RemoteTestNG.java:251)
at org.testng.remote.RemoteTestNG.main(RemoteTestNG.java:77)
]]>
            </full-stacktrace>
          </exception> <!-- java.lang.AssertionError -->
          <reporter-output>
          </reporter-output>
        </test-method> <!-- verifyUserCanLoginToSystem -->
        <test-method signature="verifyUserCanSeeEmailInSendBox()[pri:0, instance:selnium.MyFirstMavenProject.AssertsInTestNG.AATest@38145825]" started-at="2023-01-29T21:09:47 IST" name="verifyUserCanSeeEmailInSendBox" finished-at="2023-01-29T21:09:47 IST" duration-ms="1" status="FAIL">
          <exception class="java.lang.AssertionError">
            <message>
              <![CDATA[False asserion is failed so test case is also failed expected [false] but found [true]]]>
            </message>
            <full-stacktrace>
              <![CDATA[java.lang.AssertionError: False asserion is failed so test case is also failed expected [false] but found [true]
at org.testng.Assert.fail(Assert.java:99)
at org.testng.Assert.failNotEquals(Assert.java:1037)
at org.testng.Assert.assertFalse(Assert.java:67)
at selnium.MyFirstMavenProject.AssertsInTestNG.AATest.verifyUserCanSeeEmailInSendBox(AATest.java:33)
at java.base/jdk.internal.reflect.NativeMethodAccessorImpl.invoke0(Native Method)
at java.base/jdk.internal.reflect.NativeMethodAccessorImpl.invoke(NativeMethodAccessorImpl.java:77)
at java.base/jdk.internal.reflect.DelegatingMethodAccessorImpl.invoke(DelegatingMethodAccessorImpl.java:43)
at java.base/java.lang.reflect.Method.invoke(Method.java:568)
at org.testng.internal.MethodInvocationHelper.invokeMethod(MethodInvocationHelper.java:133)
at org.testng.internal.TestInvoker.invokeMethod(TestInvoker.java:598)
at org.testng.internal.TestInvoker.invokeTestMethod(TestInvoker.java:173)
at org.testng.internal.MethodRunner.runInSequence(MethodRunner.java:46)
at org.testng.internal.TestInvoker$MethodInvocationAgent.invoke(TestInvoker.java:824)
at org.testng.internal.TestInvoker.invokeTestMethods(TestInvoker.java:146)
at org.testng.internal.TestMethodWorker.invokeTestMethods(TestMethodWorker.java:146)
at org.testng.internal.TestMethodWorker.run(TestMethodWorker.java:128)
at java.base/java.util.ArrayList.forEach(ArrayList.java:1511)
at org.testng.TestRunner.privateRun(TestRunner.java:794)
at org.testng.TestRunner.run(TestRunner.java:596)
at org.testng.SuiteRunner.runTest(SuiteRunner.java:377)
at org.testng.SuiteRunner.runSequentially(SuiteRunner.java:371)
at org.testng.SuiteRunner.privateRun(SuiteRunner.java:332)
at org.testng.SuiteRunner.run(SuiteRunner.java:276)
at org.testng.SuiteRunnerWorker.runSuite(SuiteRunnerWorker.java:53)
at org.testng.SuiteRunnerWorker.run(SuiteRunnerWorker.java:96)
at org.testng.TestNG.runSuitesSequentially(TestNG.java:1212)
at org.testng.TestNG.runSuitesLocally(TestNG.java:1134)
at org.testng.TestNG.runSuites(TestNG.java:1063)
at org.testng.TestNG.run(TestNG.java:1031)
at org.testng.remote.AbstractRemoteTestNG.run(AbstractRemoteTestNG.java:115)
at org.testng.remote.RemoteTestNG.initAndRun(RemoteTestNG.java:251)
at org.testng.remote.RemoteTestNG.main(RemoteTestNG.java:77)
]]>
            </full-stacktrace>
          </exception> <!-- java.lang.AssertionError -->
          <reporter-output>
          </reporter-output>
        </test-method> <!-- verifyUserCanSeeEmailInSendBox -->
        <test-method signature="verifyUserCanSendEmail()[pri:0, instance:selnium.MyFirstMavenProject.AssertsInTestNG.AATest@38145825]" started-at="2023-01-29T21:09:47 IST" name="verifyUserCanSendEmail" finished-at="2023-01-29T21:09:47 IST" duration-ms="0" status="FAIL">
          <exception class="java.lang.AssertionError">
            <message>
              <![CDATA[expected [true] but found [false]]]>
            </message>
            <full-stacktrace>
              <![CDATA[java.lang.AssertionError: expected [true] but found [false]
at org.testng.Assert.fail(Assert.java:99)
at org.testng.Assert.failNotEquals(Assert.java:1037)
at org.testng.Assert.assertTrue(Assert.java:45)
at org.testng.Assert.assertTrue(Assert.java:55)
at selnium.MyFirstMavenProject.AssertsInTestNG.AATest.verifyUserCanSendEmail(AATest.java:25)
at java.base/jdk.internal.reflect.NativeMethodAccessorImpl.invoke0(Native Method)
at java.base/jdk.internal.reflect.NativeMethodAccessorImpl.invoke(NativeMethodAccessorImpl.java:77)
at java.base/jdk.internal.reflect.DelegatingMethodAccessorImpl.invoke(DelegatingMethodAccessorImpl.java:43)
at java.base/java.lang.reflect.Method.invoke(Method.java:568)
at org.testng.internal.MethodInvocationHelper.invokeMethod(MethodInvocationHelper.java:133)
at org.testng.internal.TestInvoker.invokeMethod(TestInvoker.java:598)
at org.testng.internal.TestInvoker.invokeTestMethod(TestInvoker.java:173)
at org.testng.internal.MethodRunner.runInSequence(MethodRunner.java:46)
at org.testng.internal.TestInvoker$MethodInvocationAgent.invoke(TestInvoker.java:824)
at org.testng.internal.TestInvoker.invokeTestMethods(TestInvoker.java:146)
at org.testng.internal.TestMethodWorker.invokeTestMethods(TestMethodWorker.java:146)
at org.testng.internal.TestMethodWorker.run(TestMethodWorker.java:128)
at java.base/java.util.ArrayList.forEach(ArrayList.java:1511)
at org.testng.TestRunner.privateRun(TestRunner.java:794)
at org.testng.TestRunner.run(TestRunner.java:596)
at org.testng.SuiteRunner.runTest(SuiteRunner.java:377)
at org.testng.SuiteRunner.runSequentially(SuiteRunner.java:371)
at org.testng.SuiteRunner.privateRun(SuiteRunner.java:332)
at org.testng.SuiteRunner.run(SuiteRunner.java:276)
at org.testng.SuiteRunnerWorker.runSuite(SuiteRunnerWorker.java:53)
at org.testng.SuiteRunnerWorker.run(SuiteRunnerWorker.java:96)
at org.testng.TestNG.runSuitesSequentially(TestNG.java:1212)
at org.testng.TestNG.runSuitesLocally(TestNG.java:1134)
at org.testng.TestNG.runSuites(TestNG.java:1063)
at org.testng.TestNG.run(TestNG.java:1031)
at org.testng.remote.AbstractRemoteTestNG.run(AbstractRemoteTestNG.java:115)
at org.testng.remote.RemoteTestNG.initAndRun(RemoteTestNG.java:251)
at org.testng.remote.RemoteTestNG.main(RemoteTestNG.java:77)
]]>
            </full-stacktrace>
          </exception> <!-- java.lang.AssertionError -->
          <reporter-output>
          </reporter-output>
        </test-method> <!-- verifyUserCanSendEmail -->
      </class> <!-- selnium.MyFirstMavenProject.AssertsInTestNG.AATest -->
      <class name="selnium.MyFirstMavenProject.AssertsInTestNG.BBTest">
        <test-method signature="verifyUserCanLoginToSystem()[pri:0, instance:selnium.MyFirstMavenProject.AssertsInTestNG.BBTest@37313c65]" started-at="2023-01-29T21:09:49 IST" name="verifyUserCanLoginToSystem" finished-at="2023-01-29T21:09:49 IST" duration-ms="1" status="FAIL">
          <exception class="java.lang.AssertionError">
            <message>
              <![CDATA[Page titles is not as expected expected [login page] but found [Login Page]]]>
            </message>
            <full-stacktrace>
              <![CDATA[java.lang.AssertionError: Page titles is not as expected expected [login page] but found [Login Page]
at org.testng.Assert.fail(Assert.java:99)
at org.testng.Assert.failNotEquals(Assert.java:1037)
at org.testng.Assert.assertEqualsImpl(Assert.java:140)
at org.testng.Assert.assertEquals(Assert.java:122)
at org.testng.Assert.assertEquals(Assert.java:629)
at selnium.MyFirstMavenProject.AssertsInTestNG.BBTest.verifyUserCanLoginToSystem(BBTest.java:20)
at java.base/jdk.internal.reflect.NativeMethodAccessorImpl.invoke0(Native Method)
at java.base/jdk.internal.reflect.NativeMethodAccessorImpl.invoke(NativeMethodAccessorImpl.java:77)
at java.base/jdk.internal.reflect.DelegatingMethodAccessorImpl.invoke(DelegatingMethodAccessorImpl.java:43)
at java.base/java.lang.reflect.Method.invoke(Method.java:568)
at org.testng.internal.MethodInvocationHelper.invokeMethod(MethodInvocationHelper.java:133)
at org.testng.internal.TestInvoker.invokeMethod(TestInvoker.java:598)
at org.testng.internal.TestInvoker.invokeTestMethod(TestInvoker.java:173)
at org.testng.internal.MethodRunner.runInSequence(MethodRunner.java:46)
at org.testng.internal.TestInvoker$MethodInvocationAgent.invoke(TestInvoker.java:824)
at org.testng.internal.TestInvoker.invokeTestMethods(TestInvoker.java:146)
at org.testng.internal.TestMethodWorker.invokeTestMethods(TestMethodWorker.java:146)
at org.testng.internal.TestMethodWorker.run(TestMethodWorker.java:128)
at java.base/java.util.ArrayList.forEach(ArrayList.java:1511)
at org.testng.TestRunner.privateRun(TestRunner.java:794)
at org.testng.TestRunner.run(TestRunner.java:596)
at org.testng.SuiteRunner.runTest(SuiteRunner.java:377)
at org.testng.SuiteRunner.runSequentially(SuiteRunner.java:371)
at org.testng.SuiteRunner.privateRun(SuiteRunner.java:332)
at org.testng.SuiteRunner.run(SuiteRunner.java:276)
at org.testng.SuiteRunnerWorker.runSuite(SuiteRunnerWorker.java:53)
at org.testng.SuiteRunnerWorker.run(SuiteRunnerWorker.java:96)
at org.testng.TestNG.runSuitesSequentially(TestNG.java:1212)
at org.testng.TestNG.runSuitesLocally(TestNG.java:1134)
at org.testng.TestNG.runSuites(TestNG.java:1063)
at org.testng.TestNG.run(TestNG.java:1031)
at org.testng.remote.AbstractRemoteTestNG.run(AbstractRemoteTestNG.java:115)
at org.testng.remote.RemoteTestNG.initAndRun(RemoteTestNG.java:251)
at org.testng.remote.RemoteTestNG.main(RemoteTestNG.java:77)
]]>
            </full-stacktrace>
          </exception> <!-- java.lang.AssertionError -->
          <reporter-output>
          </reporter-output>
        </test-method> <!-- verifyUserCanLoginToSystem -->
        <test-method signature="verifyUserCanSeeEmailInSendBox()[pri:0, instance:selnium.MyFirstMavenProject.AssertsInTestNG.BBTest@37313c65]" started-at="2023-01-29T21:09:49 IST" name="verifyUserCanSeeEmailInSendBox" finished-at="2023-01-29T21:09:49 IST" duration-ms="1" status="PASS">
          <reporter-output>
          </reporter-output>
        </test-method> <!-- verifyUserCanSeeEmailInSendBox -->
        <test-method signature="verifyUserCanSendEmail()[pri:0, instance:selnium.MyFirstMavenProject.AssertsInTestNG.BBTest@37313c65]" started-at="2023-01-29T21:09:49 IST" name="verifyUserCanSendEmail" finished-at="2023-01-29T21:09:49 IST" duration-ms="0" status="FAIL">
          <exception class="java.lang.AssertionError">
            <message>
              <![CDATA[Arrays differ at element [3]: country != hghgh expected [country] but found [hghgh]]]>
            </message>
            <full-stacktrace>
              <![CDATA[java.lang.AssertionError: Arrays differ at element [3]: country != hghgh expected [country] but found [hghgh]
at org.testng.Assert.fail(Assert.java:99)
at org.testng.Assert.failNotEquals(Assert.java:1037)
at org.testng.Assert.assertEqualsImpl(Assert.java:140)
at org.testng.Assert.assertEquals(Assert.java:1244)
at org.testng.Assert.assertEquals(Assert.java:1302)
at selnium.MyFirstMavenProject.AssertsInTestNG.BBTest.verifyUserCanSendEmail(BBTest.java:28)
at java.base/jdk.internal.reflect.NativeMethodAccessorImpl.invoke0(Native Method)
at java.base/jdk.internal.reflect.NativeMethodAccessorImpl.invoke(NativeMethodAccessorImpl.java:77)
at java.base/jdk.internal.reflect.DelegatingMethodAccessorImpl.invoke(DelegatingMethodAccessorImpl.java:43)
at java.base/java.lang.reflect.Method.invoke(Method.java:568)
at org.testng.internal.MethodInvocationHelper.invokeMethod(MethodInvocationHelper.java:133)
at org.testng.internal.TestInvoker.invokeMethod(TestInvoker.java:598)
at org.testng.internal.TestInvoker.invokeTestMethod(TestInvoker.java:173)
at org.testng.internal.MethodRunner.runInSequence(MethodRunner.java:46)
at org.testng.internal.TestInvoker$MethodInvocationAgent.invoke(TestInvoker.java:824)
at org.testng.internal.TestInvoker.invokeTestMethods(TestInvoker.java:146)
at org.testng.internal.TestMethodWorker.invokeTestMethods(TestMethodWorker.java:146)
at org.testng.internal.TestMethodWorker.run(TestMethodWorker.java:128)
at java.base/java.util.ArrayList.forEach(ArrayList.java:1511)
at org.testng.TestRunner.privateRun(TestRunner.java:794)
at org.testng.TestRunner.run(TestRunner.java:596)
at org.testng.SuiteRunner.runTest(SuiteRunner.java:377)
at org.testng.SuiteRunner.runSequentially(SuiteRunner.java:371)
at org.testng.SuiteRunner.privateRun(SuiteRunner.java:332)
at org.testng.SuiteRunner.run(SuiteRunner.java:276)
at org.testng.SuiteRunnerWorker.runSuite(SuiteRunnerWorker.java:53)
at org.testng.SuiteRunnerWorker.run(SuiteRunnerWorker.java:96)
at org.testng.TestNG.runSuitesSequentially(TestNG.java:1212)
at org.testng.TestNG.runSuitesLocally(TestNG.java:1134)
at org.testng.TestNG.runSuites(TestNG.java:1063)
at org.testng.TestNG.run(TestNG.java:1031)
at org.testng.remote.AbstractRemoteTestNG.run(AbstractRemoteTestNG.java:115)
at org.testng.remote.RemoteTestNG.initAndRun(RemoteTestNG.java:251)
at org.testng.remote.RemoteTestNG.main(RemoteTestNG.java:77)
]]>
            </full-stacktrace>
          </exception> <!-- java.lang.AssertionError -->
          <reporter-output>
          </reporter-output>
        </test-method> <!-- verifyUserCanSendEmail -->
      </class> <!-- selnium.MyFirstMavenProject.AssertsInTestNG.BBTest -->
      <class name="selnium.MyFirstMavenProject.AssertsInTestNG.PrioritiesInTestNG">
        <test-method signature="D()[pri:0, instance:selnium.MyFirstMavenProject.AssertsInTestNG.PrioritiesInTestNG@465232e9]" started-at="2023-01-29T21:09:49 IST" name="D" finished-at="2023-01-29T21:09:49 IST" duration-ms="1" status="PASS">
          <reporter-output>
          </reporter-output>
        </test-method> <!-- D -->
        <test-method signature="B()[pri:1, instance:selnium.MyFirstMavenProject.AssertsInTestNG.PrioritiesInTestNG@465232e9]" started-at="2023-01-29T21:09:49 IST" name="B" finished-at="2023-01-29T21:09:49 IST" duration-ms="0" status="PASS">
          <reporter-output>
          </reporter-output>
        </test-method> <!-- B -->
        <test-method signature="C()[pri:2, instance:selnium.MyFirstMavenProject.AssertsInTestNG.PrioritiesInTestNG@465232e9]" started-at="2023-01-29T21:09:49 IST" name="C" finished-at="2023-01-29T21:09:49 IST" duration-ms="0" status="PASS">
          <reporter-output>
          </reporter-output>
        </test-method> <!-- C -->
        <test-method signature="A()[pri:3, instance:selnium.MyFirstMavenProject.AssertsInTestNG.PrioritiesInTestNG@465232e9]" started-at="2023-01-29T21:09:49 IST" name="A" finished-at="2023-01-29T21:09:49 IST" duration-ms="1" status="PASS">
          <reporter-output>
          </reporter-output>
        </test-method> <!-- A -->
      </class> <!-- selnium.MyFirstMavenProject.AssertsInTestNG.PrioritiesInTestNG -->
      <class name="KTCTC.regression.WebTablesTest2">
        <test-method is-config="true" signature="beforeClassOfA()[pri:0, instance:KTCTC.regression.WebTablesTest2@1e4f4a5c]" started-at="2023-01-29T21:09:48 IST" name="beforeClassOfA" finished-at="2023-01-29T21:09:49 IST" duration-ms="729" status="FAIL">
          <exception class="org.openqa.selenium.SessionNotCreatedException">
            <message>
              <![CDATA[session not created: This version of ChromeDriver only supports Chrome version 100
Current browser version is 109.0.5414.120 with binary path C:\Program Files\Google\Chrome\Application\chrome.exe
Build info: version: '3.141.59', revision: 'e82be7d358', time: '2018-11-14T08:17:03'
System info: host: 'LAPTOP-OVD06K6F', ip: '192.168.43.93', os.name: 'Windows 11', os.arch: 'amd64', os.version: '10.0', java.version: '17.0.3'
Driver info: driver.version: ChromeDriver
remote stacktrace: Backtrace:
Ordinal0 [0x00927413+2389011]
Ordinal0 [0x008B9F61+1941345]
Ordinal0 [0x007AC658+837208]
Ordinal0 [0x007CC773+968563]
Ordinal0 [0x007C837A+951162]
Ordinal0 [0x007C5C51+941137]
Ordinal0 [0x007F8C80+1150080]
Ordinal0 [0x007F88DA+1149146]
Ordinal0 [0x007F3F66+1130342]
Ordinal0 [0x007CE546+976198]
Ordinal0 [0x007CF456+980054]
GetHandleVerifier [0x00AD9632+1727522]
GetHandleVerifier [0x00B8BA4D+2457661]
GetHandleVerifier [0x009BEB81+569713]
GetHandleVerifier [0x009BDD76+566118]
Ordinal0 [0x008C0B2B+1968939]
Ordinal0 [0x008C5988+1989000]
Ordinal0 [0x008C5A75+1989237]
Ordinal0 [0x008CECB1+2026673]
BaseThreadInitThunk [0x76FF6BD9+25]
RtlGetFullPathName_UEx [0x77558FD2+1218]
RtlGetFullPathName_UEx [0x77558F9D+1165]
]]>
            </message>
            <full-stacktrace>
              <![CDATA[org.openqa.selenium.SessionNotCreatedException: session not created: This version of ChromeDriver only supports Chrome version 100
Current browser version is 109.0.5414.120 with binary path C:\Program Files\Google\Chrome\Application\chrome.exe
Build info: version: '3.141.59', revision: 'e82be7d358', time: '2018-11-14T08:17:03'
System info: host: 'LAPTOP-OVD06K6F', ip: '192.168.43.93', os.name: 'Windows 11', os.arch: 'amd64', os.version: '10.0', java.version: '17.0.3'
Driver info: driver.version: ChromeDriver
remote stacktrace: Backtrace:
Ordinal0 [0x00927413+2389011]
Ordinal0 [0x008B9F61+1941345]
Ordinal0 [0x007AC658+837208]
Ordinal0 [0x007CC773+968563]
Ordinal0 [0x007C837A+951162]
Ordinal0 [0x007C5C51+941137]
Ordinal0 [0x007F8C80+1150080]
Ordinal0 [0x007F88DA+1149146]
Ordinal0 [0x007F3F66+1130342]
Ordinal0 [0x007CE546+976198]
Ordinal0 [0x007CF456+980054]
GetHandleVerifier [0x00AD9632+1727522]
GetHandleVerifier [0x00B8BA4D+2457661]
GetHandleVerifier [0x009BEB81+569713]
GetHandleVerifier [0x009BDD76+566118]
Ordinal0 [0x008C0B2B+1968939]
Ordinal0 [0x008C5988+1989000]
Ordinal0 [0x008C5A75+1989237]
Ordinal0 [0x008CECB1+2026673]
BaseThreadInitThunk [0x76FF6BD9+25]
RtlGetFullPathName_UEx [0x77558FD2+1218]
RtlGetFullPathName_UEx [0x77558F9D+1165]

at java.base/jdk.internal.reflect.NativeConstructorAccessorImpl.newInstance0(Native Method)
at java.base/jdk.internal.reflect.NativeConstructorAccessorImpl.newInstance(NativeConstructorAccessorImpl.java:77)
at java.base/jdk.internal.reflect.DelegatingConstructorAccessorImpl.newInstance(DelegatingConstructorAccessorImpl.java:45)
at java.base/java.lang.reflect.Constructor.newInstanceWithCaller(Constructor.java:499)
at java.base/java.lang.reflect.Constructor.newInstance(Constructor.java:480)
at org.openqa.selenium.remote.W3CHandshakeResponse.lambda$errorHandler$0(W3CHandshakeResponse.java:62)
at org.openqa.selenium.remote.HandshakeResponse.lambda$getResponseFunction$0(HandshakeResponse.java:30)
at org.openqa.selenium.remote.ProtocolHandshake.lambda$createSession$0(ProtocolHandshake.java:126)
at java.base/java.util.stream.ReferencePipeline$3$1.accept(ReferencePipeline.java:197)
at java.base/java.util.Spliterators$ArraySpliterator.tryAdvance(Spliterators.java:1002)
at java.base/java.util.stream.ReferencePipeline.forEachWithCancel(ReferencePipeline.java:129)
at java.base/java.util.stream.AbstractPipeline.copyIntoWithCancel(AbstractPipeline.java:527)
at java.base/java.util.stream.AbstractPipeline.copyInto(AbstractPipeline.java:513)
at java.base/java.util.stream.AbstractPipeline.wrapAndCopyInto(AbstractPipeline.java:499)
at java.base/java.util.stream.FindOps$FindOp.evaluateSequential(FindOps.java:150)
at java.base/java.util.stream.AbstractPipeline.evaluate(AbstractPipeline.java:234)
at java.base/java.util.stream.ReferencePipeline.findFirst(ReferencePipeline.java:647)
at org.openqa.selenium.remote.ProtocolHandshake.createSession(ProtocolHandshake.java:128)
at org.openqa.selenium.remote.ProtocolHandshake.createSession(ProtocolHandshake.java:74)
at org.openqa.selenium.remote.HttpCommandExecutor.execute(HttpCommandExecutor.java:136)
at org.openqa.selenium.remote.service.DriverCommandExecutor.execute(DriverCommandExecutor.java:83)
at org.openqa.selenium.remote.RemoteWebDriver.execute(RemoteWebDriver.java:552)
at org.openqa.selenium.remote.RemoteWebDriver.startSession(RemoteWebDriver.java:213)
at org.openqa.selenium.remote.RemoteWebDriver.<init>(RemoteWebDriver.java:131)
at org.openqa.selenium.chrome.ChromeDriver.<init>(ChromeDriver.java:181)
at org.openqa.selenium.chrome.ChromeDriver.<init>(ChromeDriver.java:168)
at org.openqa.selenium.chrome.ChromeDriver.<init>(ChromeDriver.java:157)
at com.uiFramework.KTCTC.helper.browserConfiguration.ChromeBrowser.getChromeDriver(ChromeBrowser.java:49)
at com.uiFramework.KTCTC.helper.browserConfiguration.ChromeBrowser.getBrowserInstance(ChromeBrowser.java:60)
at com.uiFramework.KTCTC.testbase.TestBase.beforeClassOfA(TestBase.java:46)
at java.base/jdk.internal.reflect.NativeMethodAccessorImpl.invoke0(Native Method)
at java.base/jdk.internal.reflect.NativeMethodAccessorImpl.invoke(NativeMethodAccessorImpl.java:77)
at java.base/jdk.internal.reflect.DelegatingMethodAccessorImpl.invoke(DelegatingMethodAccessorImpl.java:43)
at java.base/java.lang.reflect.Method.invoke(Method.java:568)
at org.testng.internal.MethodInvocationHelper.invokeMethod(MethodInvocationHelper.java:133)
at org.testng.internal.MethodInvocationHelper.invokeMethodConsideringTimeout(MethodInvocationHelper.java:62)
at org.testng.internal.ConfigInvoker.invokeConfigurationMethod(ConfigInvoker.java:385)
at org.testng.internal.ConfigInvoker.invokeConfigurations(ConfigInvoker.java:321)
at org.testng.internal.TestMethodWorker.invokeBeforeClassMethods(TestMethodWorker.java:176)
at org.testng.internal.TestMethodWorker.run(TestMethodWorker.java:122)
at java.base/java.util.ArrayList.forEach(ArrayList.java:1511)
at org.testng.TestRunner.privateRun(TestRunner.java:794)
at org.testng.TestRunner.run(TestRunner.java:596)
at org.testng.SuiteRunner.runTest(SuiteRunner.java:377)
at org.testng.SuiteRunner.runSequentially(SuiteRunner.java:371)
at org.testng.SuiteRunner.privateRun(SuiteRunner.java:332)
at org.testng.SuiteRunner.run(SuiteRunner.java:276)
at org.testng.SuiteRunnerWorker.runSuite(SuiteRunnerWorker.java:53)
at org.testng.SuiteRunnerWorker.run(SuiteRunnerWorker.java:96)
at org.testng.TestNG.runSuitesSequentially(TestNG.java:1212)
at org.testng.TestNG.runSuitesLocally(TestNG.java:1134)
at org.testng.TestNG.runSuites(TestNG.java:1063)
at org.testng.TestNG.run(TestNG.java:1031)
at org.testng.remote.AbstractRemoteTestNG.run(AbstractRemoteTestNG.java:115)
at org.testng.remote.RemoteTestNG.initAndRun(RemoteTestNG.java:251)
at org.testng.remote.RemoteTestNG.main(RemoteTestNG.java:77)
]]>
            </full-stacktrace>
          </exception> <!-- org.openqa.selenium.SessionNotCreatedException -->
          <reporter-output>
          </reporter-output>
        </test-method> <!-- beforeClassOfA -->
        <test-method is-config="true" signature="beforeMethod(java.lang.reflect.Method)[pri:0, instance:KTCTC.regression.WebTablesTest2@1e4f4a5c]" started-at="2023-01-29T21:09:49 IST" name="beforeMethod" finished-at="1970-01-01T05:30:00 IST" duration-ms="-1675006789548" status="SKIP">
          <reporter-output>
          </reporter-output>
        </test-method> <!-- beforeMethod -->
        <test-method signature="verifyUserCanNavigateToWebTablePage()[pri:1, instance:KTCTC.regression.WebTablesTest2@1e4f4a5c]" started-at="2023-01-29T21:09:49 IST" name="verifyUserCanNavigateToWebTablePage" finished-at="2023-01-29T21:09:49 IST" duration-ms="0" status="SKIP">
          <exception class="org.openqa.selenium.SessionNotCreatedException">
            <message>
              <![CDATA[session not created: This version of ChromeDriver only supports Chrome version 100
Current browser version is 109.0.5414.120 with binary path C:\Program Files\Google\Chrome\Application\chrome.exe
Build info: version: '3.141.59', revision: 'e82be7d358', time: '2018-11-14T08:17:03'
System info: host: 'LAPTOP-OVD06K6F', ip: '192.168.43.93', os.name: 'Windows 11', os.arch: 'amd64', os.version: '10.0', java.version: '17.0.3'
Driver info: driver.version: ChromeDriver
remote stacktrace: Backtrace:
Ordinal0 [0x00927413+2389011]
Ordinal0 [0x008B9F61+1941345]
Ordinal0 [0x007AC658+837208]
Ordinal0 [0x007CC773+968563]
Ordinal0 [0x007C837A+951162]
Ordinal0 [0x007C5C51+941137]
Ordinal0 [0x007F8C80+1150080]
Ordinal0 [0x007F88DA+1149146]
Ordinal0 [0x007F3F66+1130342]
Ordinal0 [0x007CE546+976198]
Ordinal0 [0x007CF456+980054]
GetHandleVerifier [0x00AD9632+1727522]
GetHandleVerifier [0x00B8BA4D+2457661]
GetHandleVerifier [0x009BEB81+569713]
GetHandleVerifier [0x009BDD76+566118]
Ordinal0 [0x008C0B2B+1968939]
Ordinal0 [0x008C5988+1989000]
Ordinal0 [0x008C5A75+1989237]
Ordinal0 [0x008CECB1+2026673]
BaseThreadInitThunk [0x76FF6BD9+25]
RtlGetFullPathName_UEx [0x77558FD2+1218]
RtlGetFullPathName_UEx [0x77558F9D+1165]
]]>
            </message>
            <full-stacktrace>
              <![CDATA[org.openqa.selenium.SessionNotCreatedException: session not created: This version of ChromeDriver only supports Chrome version 100
Current browser version is 109.0.5414.120 with binary path C:\Program Files\Google\Chrome\Application\chrome.exe
Build info: version: '3.141.59', revision: 'e82be7d358', time: '2018-11-14T08:17:03'
System info: host: 'LAPTOP-OVD06K6F', ip: '192.168.43.93', os.name: 'Windows 11', os.arch: 'amd64', os.version: '10.0', java.version: '17.0.3'
Driver info: driver.version: ChromeDriver
remote stacktrace: Backtrace:
Ordinal0 [0x00927413+2389011]
Ordinal0 [0x008B9F61+1941345]
Ordinal0 [0x007AC658+837208]
Ordinal0 [0x007CC773+968563]
Ordinal0 [0x007C837A+951162]
Ordinal0 [0x007C5C51+941137]
Ordinal0 [0x007F8C80+1150080]
Ordinal0 [0x007F88DA+1149146]
Ordinal0 [0x007F3F66+1130342]
Ordinal0 [0x007CE546+976198]
Ordinal0 [0x007CF456+980054]
GetHandleVerifier [0x00AD9632+1727522]
GetHandleVerifier [0x00B8BA4D+2457661]
GetHandleVerifier [0x009BEB81+569713]
GetHandleVerifier [0x009BDD76+566118]
Ordinal0 [0x008C0B2B+1968939]
Ordinal0 [0x008C5988+1989000]
Ordinal0 [0x008C5A75+1989237]
Ordinal0 [0x008CECB1+2026673]
BaseThreadInitThunk [0x76FF6BD9+25]
RtlGetFullPathName_UEx [0x77558FD2+1218]
RtlGetFullPathName_UEx [0x77558F9D+1165]

at java.base/jdk.internal.reflect.NativeConstructorAccessorImpl.newInstance0(Native Method)
at java.base/jdk.internal.reflect.NativeConstructorAccessorImpl.newInstance(NativeConstructorAccessorImpl.java:77)
at java.base/jdk.internal.reflect.DelegatingConstructorAccessorImpl.newInstance(DelegatingConstructorAccessorImpl.java:45)
at java.base/java.lang.reflect.Constructor.newInstanceWithCaller(Constructor.java:499)
at java.base/java.lang.reflect.Constructor.newInstance(Constructor.java:480)
at org.openqa.selenium.remote.W3CHandshakeResponse.lambda$errorHandler$0(W3CHandshakeResponse.java:62)
at org.openqa.selenium.remote.HandshakeResponse.lambda$getResponseFunction$0(HandshakeResponse.java:30)
at org.openqa.selenium.remote.ProtocolHandshake.lambda$createSession$0(ProtocolHandshake.java:126)
at java.base/java.util.stream.ReferencePipeline$3$1.accept(ReferencePipeline.java:197)
at java.base/java.util.Spliterators$ArraySpliterator.tryAdvance(Spliterators.java:1002)
at java.base/java.util.stream.ReferencePipeline.forEachWithCancel(ReferencePipeline.java:129)
at java.base/java.util.stream.AbstractPipeline.copyIntoWithCancel(AbstractPipeline.java:527)
at java.base/java.util.stream.AbstractPipeline.copyInto(AbstractPipeline.java:513)
at java.base/java.util.stream.AbstractPipeline.wrapAndCopyInto(AbstractPipeline.java:499)
at java.base/java.util.stream.FindOps$FindOp.evaluateSequential(FindOps.java:150)
at java.base/java.util.stream.AbstractPipeline.evaluate(AbstractPipeline.java:234)
at java.base/java.util.stream.ReferencePipeline.findFirst(ReferencePipeline.java:647)
at org.openqa.selenium.remote.ProtocolHandshake.createSession(ProtocolHandshake.java:128)
at org.openqa.selenium.remote.ProtocolHandshake.createSession(ProtocolHandshake.java:74)
at org.openqa.selenium.remote.HttpCommandExecutor.execute(HttpCommandExecutor.java:136)
at org.openqa.selenium.remote.service.DriverCommandExecutor.execute(DriverCommandExecutor.java:83)
at org.openqa.selenium.remote.RemoteWebDriver.execute(RemoteWebDriver.java:552)
at org.openqa.selenium.remote.RemoteWebDriver.startSession(RemoteWebDriver.java:213)
at org.openqa.selenium.remote.RemoteWebDriver.<init>(RemoteWebDriver.java:131)
at org.openqa.selenium.chrome.ChromeDriver.<init>(ChromeDriver.java:181)
at org.openqa.selenium.chrome.ChromeDriver.<init>(ChromeDriver.java:168)
at org.openqa.selenium.chrome.ChromeDriver.<init>(ChromeDriver.java:157)
at com.uiFramework.KTCTC.helper.browserConfiguration.ChromeBrowser.getChromeDriver(ChromeBrowser.java:49)
at com.uiFramework.KTCTC.helper.browserConfiguration.ChromeBrowser.getBrowserInstance(ChromeBrowser.java:60)
at com.uiFramework.KTCTC.testbase.TestBase.beforeClassOfA(TestBase.java:46)
at java.base/jdk.internal.reflect.NativeMethodAccessorImpl.invoke0(Native Method)
at java.base/jdk.internal.reflect.NativeMethodAccessorImpl.invoke(NativeMethodAccessorImpl.java:77)
at java.base/jdk.internal.reflect.DelegatingMethodAccessorImpl.invoke(DelegatingMethodAccessorImpl.java:43)
at java.base/java.lang.reflect.Method.invoke(Method.java:568)
at org.testng.internal.MethodInvocationHelper.invokeMethod(MethodInvocationHelper.java:133)
at org.testng.internal.MethodInvocationHelper.invokeMethodConsideringTimeout(MethodInvocationHelper.java:62)
at org.testng.internal.ConfigInvoker.invokeConfigurationMethod(ConfigInvoker.java:385)
at org.testng.internal.ConfigInvoker.invokeConfigurations(ConfigInvoker.java:321)
at org.testng.internal.TestMethodWorker.invokeBeforeClassMethods(TestMethodWorker.java:176)
at org.testng.internal.TestMethodWorker.run(TestMethodWorker.java:122)
at java.base/java.util.ArrayList.forEach(ArrayList.java:1511)
at org.testng.TestRunner.privateRun(TestRunner.java:794)
at org.testng.TestRunner.run(TestRunner.java:596)
at org.testng.SuiteRunner.runTest(SuiteRunner.java:377)
at org.testng.SuiteRunner.runSequentially(SuiteRunner.java:371)
at org.testng.SuiteRunner.privateRun(SuiteRunner.java:332)
at org.testng.SuiteRunner.run(SuiteRunner.java:276)
at org.testng.SuiteRunnerWorker.runSuite(SuiteRunnerWorker.java:53)
at org.testng.SuiteRunnerWorker.run(SuiteRunnerWorker.java:96)
at org.testng.TestNG.runSuitesSequentially(TestNG.java:1212)
at org.testng.TestNG.runSuitesLocally(TestNG.java:1134)
at org.testng.TestNG.runSuites(TestNG.java:1063)
at org.testng.TestNG.run(TestNG.java:1031)
at org.testng.remote.AbstractRemoteTestNG.run(AbstractRemoteTestNG.java:115)
at org.testng.remote.RemoteTestNG.initAndRun(RemoteTestNG.java:251)
at org.testng.remote.RemoteTestNG.main(RemoteTestNG.java:77)
]]>
            </full-stacktrace>
          </exception> <!-- org.openqa.selenium.SessionNotCreatedException -->
          <reporter-output>
          </reporter-output>
        </test-method> <!-- verifyUserCanNavigateToWebTablePage -->
        <test-method is-config="true" signature="afterMethod(org.testng.ITestResult)[pri:0, instance:KTCTC.regression.WebTablesTest2@1e4f4a5c]" started-at="2023-01-29T21:09:49 IST" name="afterMethod" finished-at="1970-01-01T05:30:00 IST" duration-ms="-1675006789551" status="SKIP">
          <reporter-output>
          </reporter-output>
        </test-method> <!-- afterMethod -->
        <test-method signature="verifyNewUserCanBeAddedOnWebTablePage()[pri:2, instance:KTCTC.regression.WebTablesTest2@1e4f4a5c]" started-at="2023-01-29T21:09:49 IST" name="verifyNewUserCanBeAddedOnWebTablePage" finished-at="2023-01-29T21:09:49 IST" duration-ms="0" status="SKIP">
          <exception class="org.openqa.selenium.SessionNotCreatedException">
            <message>
              <![CDATA[session not created: This version of ChromeDriver only supports Chrome version 100
Current browser version is 109.0.5414.120 with binary path C:\Program Files\Google\Chrome\Application\chrome.exe
Build info: version: '3.141.59', revision: 'e82be7d358', time: '2018-11-14T08:17:03'
System info: host: 'LAPTOP-OVD06K6F', ip: '192.168.43.93', os.name: 'Windows 11', os.arch: 'amd64', os.version: '10.0', java.version: '17.0.3'
Driver info: driver.version: ChromeDriver
remote stacktrace: Backtrace:
Ordinal0 [0x00927413+2389011]
Ordinal0 [0x008B9F61+1941345]
Ordinal0 [0x007AC658+837208]
Ordinal0 [0x007CC773+968563]
Ordinal0 [0x007C837A+951162]
Ordinal0 [0x007C5C51+941137]
Ordinal0 [0x007F8C80+1150080]
Ordinal0 [0x007F88DA+1149146]
Ordinal0 [0x007F3F66+1130342]
Ordinal0 [0x007CE546+976198]
Ordinal0 [0x007CF456+980054]
GetHandleVerifier [0x00AD9632+1727522]
GetHandleVerifier [0x00B8BA4D+2457661]
GetHandleVerifier [0x009BEB81+569713]
GetHandleVerifier [0x009BDD76+566118]
Ordinal0 [0x008C0B2B+1968939]
Ordinal0 [0x008C5988+1989000]
Ordinal0 [0x008C5A75+1989237]
Ordinal0 [0x008CECB1+2026673]
BaseThreadInitThunk [0x76FF6BD9+25]
RtlGetFullPathName_UEx [0x77558FD2+1218]
RtlGetFullPathName_UEx [0x77558F9D+1165]
]]>
            </message>
            <full-stacktrace>
              <![CDATA[org.openqa.selenium.SessionNotCreatedException: session not created: This version of ChromeDriver only supports Chrome version 100
Current browser version is 109.0.5414.120 with binary path C:\Program Files\Google\Chrome\Application\chrome.exe
Build info: version: '3.141.59', revision: 'e82be7d358', time: '2018-11-14T08:17:03'
System info: host: 'LAPTOP-OVD06K6F', ip: '192.168.43.93', os.name: 'Windows 11', os.arch: 'amd64', os.version: '10.0', java.version: '17.0.3'
Driver info: driver.version: ChromeDriver
remote stacktrace: Backtrace:
Ordinal0 [0x00927413+2389011]
Ordinal0 [0x008B9F61+1941345]
Ordinal0 [0x007AC658+837208]
Ordinal0 [0x007CC773+968563]
Ordinal0 [0x007C837A+951162]
Ordinal0 [0x007C5C51+941137]
Ordinal0 [0x007F8C80+1150080]
Ordinal0 [0x007F88DA+1149146]
Ordinal0 [0x007F3F66+1130342]
Ordinal0 [0x007CE546+976198]
Ordinal0 [0x007CF456+980054]
GetHandleVerifier [0x00AD9632+1727522]
GetHandleVerifier [0x00B8BA4D+2457661]
GetHandleVerifier [0x009BEB81+569713]
GetHandleVerifier [0x009BDD76+566118]
Ordinal0 [0x008C0B2B+1968939]
Ordinal0 [0x008C5988+1989000]
Ordinal0 [0x008C5A75+1989237]
Ordinal0 [0x008CECB1+2026673]
BaseThreadInitThunk [0x76FF6BD9+25]
RtlGetFullPathName_UEx [0x77558FD2+1218]
RtlGetFullPathName_UEx [0x77558F9D+1165]

at java.base/jdk.internal.reflect.NativeConstructorAccessorImpl.newInstance0(Native Method)
at java.base/jdk.internal.reflect.NativeConstructorAccessorImpl.newInstance(NativeConstructorAccessorImpl.java:77)
at java.base/jdk.internal.reflect.DelegatingConstructorAccessorImpl.newInstance(DelegatingConstructorAccessorImpl.java:45)
at java.base/java.lang.reflect.Constructor.newInstanceWithCaller(Constructor.java:499)
at java.base/java.lang.reflect.Constructor.newInstance(Constructor.java:480)
at org.openqa.selenium.remote.W3CHandshakeResponse.lambda$errorHandler$0(W3CHandshakeResponse.java:62)
at org.openqa.selenium.remote.HandshakeResponse.lambda$getResponseFunction$0(HandshakeResponse.java:30)
at org.openqa.selenium.remote.ProtocolHandshake.lambda$createSession$0(ProtocolHandshake.java:126)
at java.base/java.util.stream.ReferencePipeline$3$1.accept(ReferencePipeline.java:197)
at java.base/java.util.Spliterators$ArraySpliterator.tryAdvance(Spliterators.java:1002)
at java.base/java.util.stream.ReferencePipeline.forEachWithCancel(ReferencePipeline.java:129)
at java.base/java.util.stream.AbstractPipeline.copyIntoWithCancel(AbstractPipeline.java:527)
at java.base/java.util.stream.AbstractPipeline.copyInto(AbstractPipeline.java:513)
at java.base/java.util.stream.AbstractPipeline.wrapAndCopyInto(AbstractPipeline.java:499)
at java.base/java.util.stream.FindOps$FindOp.evaluateSequential(FindOps.java:150)
at java.base/java.util.stream.AbstractPipeline.evaluate(AbstractPipeline.java:234)
at java.base/java.util.stream.ReferencePipeline.findFirst(ReferencePipeline.java:647)
at org.openqa.selenium.remote.ProtocolHandshake.createSession(ProtocolHandshake.java:128)
at org.openqa.selenium.remote.ProtocolHandshake.createSession(ProtocolHandshake.java:74)
at org.openqa.selenium.remote.HttpCommandExecutor.execute(HttpCommandExecutor.java:136)
at org.openqa.selenium.remote.service.DriverCommandExecutor.execute(DriverCommandExecutor.java:83)
at org.openqa.selenium.remote.RemoteWebDriver.execute(RemoteWebDriver.java:552)
at org.openqa.selenium.remote.RemoteWebDriver.startSession(RemoteWebDriver.java:213)
at org.openqa.selenium.remote.RemoteWebDriver.<init>(RemoteWebDriver.java:131)
at org.openqa.selenium.chrome.ChromeDriver.<init>(ChromeDriver.java:181)
at org.openqa.selenium.chrome.ChromeDriver.<init>(ChromeDriver.java:168)
at org.openqa.selenium.chrome.ChromeDriver.<init>(ChromeDriver.java:157)
at com.uiFramework.KTCTC.helper.browserConfiguration.ChromeBrowser.getChromeDriver(ChromeBrowser.java:49)
at com.uiFramework.KTCTC.helper.browserConfiguration.ChromeBrowser.getBrowserInstance(ChromeBrowser.java:60)
at com.uiFramework.KTCTC.testbase.TestBase.beforeClassOfA(TestBase.java:46)
at java.base/jdk.internal.reflect.NativeMethodAccessorImpl.invoke0(Native Method)
at java.base/jdk.internal.reflect.NativeMethodAccessorImpl.invoke(NativeMethodAccessorImpl.java:77)
at java.base/jdk.internal.reflect.DelegatingMethodAccessorImpl.invoke(DelegatingMethodAccessorImpl.java:43)
at java.base/java.lang.reflect.Method.invoke(Method.java:568)
at org.testng.internal.MethodInvocationHelper.invokeMethod(MethodInvocationHelper.java:133)
at org.testng.internal.MethodInvocationHelper.invokeMethodConsideringTimeout(MethodInvocationHelper.java:62)
at org.testng.internal.ConfigInvoker.invokeConfigurationMethod(ConfigInvoker.java:385)
at org.testng.internal.ConfigInvoker.invokeConfigurations(ConfigInvoker.java:321)
at org.testng.internal.TestMethodWorker.invokeBeforeClassMethods(TestMethodWorker.java:176)
at org.testng.internal.TestMethodWorker.run(TestMethodWorker.java:122)
at java.base/java.util.ArrayList.forEach(ArrayList.java:1511)
at org.testng.TestRunner.privateRun(TestRunner.java:794)
at org.testng.TestRunner.run(TestRunner.java:596)
at org.testng.SuiteRunner.runTest(SuiteRunner.java:377)
at org.testng.SuiteRunner.runSequentially(SuiteRunner.java:371)
at org.testng.SuiteRunner.privateRun(SuiteRunner.java:332)
at org.testng.SuiteRunner.run(SuiteRunner.java:276)
at org.testng.SuiteRunnerWorker.runSuite(SuiteRunnerWorker.java:53)
at org.testng.SuiteRunnerWorker.run(SuiteRunnerWorker.java:96)
at org.testng.TestNG.runSuitesSequentially(TestNG.java:1212)
at org.testng.TestNG.runSuitesLocally(TestNG.java:1134)
at org.testng.TestNG.runSuites(TestNG.java:1063)
at org.testng.TestNG.run(TestNG.java:1031)
at org.testng.remote.AbstractRemoteTestNG.run(AbstractRemoteTestNG.java:115)
at org.testng.remote.RemoteTestNG.initAndRun(RemoteTestNG.java:251)
at org.testng.remote.RemoteTestNG.main(RemoteTestNG.java:77)
]]>
            </full-stacktrace>
          </exception> <!-- org.openqa.selenium.SessionNotCreatedException -->
          <reporter-output>
          </reporter-output>
        </test-method> <!-- verifyNewUserCanBeAddedOnWebTablePage -->
        <test-method is-config="true" signature="beforeMethod(java.lang.reflect.Method)[pri:0, instance:KTCTC.regression.WebTablesTest2@1e4f4a5c]" started-at="2023-01-29T21:09:49 IST" name="beforeMethod" finished-at="1970-01-01T05:30:00 IST" duration-ms="-1675006789553" status="SKIP">
          <reporter-output>
          </reporter-output>
        </test-method> <!-- beforeMethod -->
        <test-method is-config="true" signature="afterMethod(org.testng.ITestResult)[pri:0, instance:KTCTC.regression.WebTablesTest2@1e4f4a5c]" started-at="2023-01-29T21:09:49 IST" name="afterMethod" finished-at="1970-01-01T05:30:00 IST" duration-ms="-1675006789555" status="SKIP">
          <reporter-output>
          </reporter-output>
        </test-method> <!-- afterMethod -->
        <test-method is-config="true" signature="beforeMethod(java.lang.reflect.Method)[pri:0, instance:KTCTC.regression.WebTablesTest2@1e4f4a5c]" started-at="2023-01-29T21:09:49 IST" name="beforeMethod" finished-at="1970-01-01T05:30:00 IST" duration-ms="-1675006789556" status="SKIP">
          <reporter-output>
          </reporter-output>
        </test-method> <!-- beforeMethod -->
        <test-method signature="verifyAllDetailsOfNewlyAddedUser()[pri:3, instance:KTCTC.regression.WebTablesTest2@1e4f4a5c]" started-at="2023-01-29T21:09:49 IST" name="verifyAllDetailsOfNewlyAddedUser" finished-at="2023-01-29T21:09:49 IST" duration-ms="0" status="SKIP">
          <exception class="org.openqa.selenium.SessionNotCreatedException">
            <message>
              <![CDATA[session not created: This version of ChromeDriver only supports Chrome version 100
Current browser version is 109.0.5414.120 with binary path C:\Program Files\Google\Chrome\Application\chrome.exe
Build info: version: '3.141.59', revision: 'e82be7d358', time: '2018-11-14T08:17:03'
System info: host: 'LAPTOP-OVD06K6F', ip: '192.168.43.93', os.name: 'Windows 11', os.arch: 'amd64', os.version: '10.0', java.version: '17.0.3'
Driver info: driver.version: ChromeDriver
remote stacktrace: Backtrace:
Ordinal0 [0x00927413+2389011]
Ordinal0 [0x008B9F61+1941345]
Ordinal0 [0x007AC658+837208]
Ordinal0 [0x007CC773+968563]
Ordinal0 [0x007C837A+951162]
Ordinal0 [0x007C5C51+941137]
Ordinal0 [0x007F8C80+1150080]
Ordinal0 [0x007F88DA+1149146]
Ordinal0 [0x007F3F66+1130342]
Ordinal0 [0x007CE546+976198]
Ordinal0 [0x007CF456+980054]
GetHandleVerifier [0x00AD9632+1727522]
GetHandleVerifier [0x00B8BA4D+2457661]
GetHandleVerifier [0x009BEB81+569713]
GetHandleVerifier [0x009BDD76+566118]
Ordinal0 [0x008C0B2B+1968939]
Ordinal0 [0x008C5988+1989000]
Ordinal0 [0x008C5A75+1989237]
Ordinal0 [0x008CECB1+2026673]
BaseThreadInitThunk [0x76FF6BD9+25]
RtlGetFullPathName_UEx [0x77558FD2+1218]
RtlGetFullPathName_UEx [0x77558F9D+1165]
]]>
            </message>
            <full-stacktrace>
              <![CDATA[org.openqa.selenium.SessionNotCreatedException: session not created: This version of ChromeDriver only supports Chrome version 100
Current browser version is 109.0.5414.120 with binary path C:\Program Files\Google\Chrome\Application\chrome.exe
Build info: version: '3.141.59', revision: 'e82be7d358', time: '2018-11-14T08:17:03'
System info: host: 'LAPTOP-OVD06K6F', ip: '192.168.43.93', os.name: 'Windows 11', os.arch: 'amd64', os.version: '10.0', java.version: '17.0.3'
Driver info: driver.version: ChromeDriver
remote stacktrace: Backtrace:
Ordinal0 [0x00927413+2389011]
Ordinal0 [0x008B9F61+1941345]
Ordinal0 [0x007AC658+837208]
Ordinal0 [0x007CC773+968563]
Ordinal0 [0x007C837A+951162]
Ordinal0 [0x007C5C51+941137]
Ordinal0 [0x007F8C80+1150080]
Ordinal0 [0x007F88DA+1149146]
Ordinal0 [0x007F3F66+1130342]
Ordinal0 [0x007CE546+976198]
Ordinal0 [0x007CF456+980054]
GetHandleVerifier [0x00AD9632+1727522]
GetHandleVerifier [0x00B8BA4D+2457661]
GetHandleVerifier [0x009BEB81+569713]
GetHandleVerifier [0x009BDD76+566118]
Ordinal0 [0x008C0B2B+1968939]
Ordinal0 [0x008C5988+1989000]
Ordinal0 [0x008C5A75+1989237]
Ordinal0 [0x008CECB1+2026673]
BaseThreadInitThunk [0x76FF6BD9+25]
RtlGetFullPathName_UEx [0x77558FD2+1218]
RtlGetFullPathName_UEx [0x77558F9D+1165]

at java.base/jdk.internal.reflect.NativeConstructorAccessorImpl.newInstance0(Native Method)
at java.base/jdk.internal.reflect.NativeConstructorAccessorImpl.newInstance(NativeConstructorAccessorImpl.java:77)
at java.base/jdk.internal.reflect.DelegatingConstructorAccessorImpl.newInstance(DelegatingConstructorAccessorImpl.java:45)
at java.base/java.lang.reflect.Constructor.newInstanceWithCaller(Constructor.java:499)
at java.base/java.lang.reflect.Constructor.newInstance(Constructor.java:480)
at org.openqa.selenium.remote.W3CHandshakeResponse.lambda$errorHandler$0(W3CHandshakeResponse.java:62)
at org.openqa.selenium.remote.HandshakeResponse.lambda$getResponseFunction$0(HandshakeResponse.java:30)
at org.openqa.selenium.remote.ProtocolHandshake.lambda$createSession$0(ProtocolHandshake.java:126)
at java.base/java.util.stream.ReferencePipeline$3$1.accept(ReferencePipeline.java:197)
at java.base/java.util.Spliterators$ArraySpliterator.tryAdvance(Spliterators.java:1002)
at java.base/java.util.stream.ReferencePipeline.forEachWithCancel(ReferencePipeline.java:129)
at java.base/java.util.stream.AbstractPipeline.copyIntoWithCancel(AbstractPipeline.java:527)
at java.base/java.util.stream.AbstractPipeline.copyInto(AbstractPipeline.java:513)
at java.base/java.util.stream.AbstractPipeline.wrapAndCopyInto(AbstractPipeline.java:499)
at java.base/java.util.stream.FindOps$FindOp.evaluateSequential(FindOps.java:150)
at java.base/java.util.stream.AbstractPipeline.evaluate(AbstractPipeline.java:234)
at java.base/java.util.stream.ReferencePipeline.findFirst(ReferencePipeline.java:647)
at org.openqa.selenium.remote.ProtocolHandshake.createSession(ProtocolHandshake.java:128)
at org.openqa.selenium.remote.ProtocolHandshake.createSession(ProtocolHandshake.java:74)
at org.openqa.selenium.remote.HttpCommandExecutor.execute(HttpCommandExecutor.java:136)
at org.openqa.selenium.remote.service.DriverCommandExecutor.execute(DriverCommandExecutor.java:83)
at org.openqa.selenium.remote.RemoteWebDriver.execute(RemoteWebDriver.java:552)
at org.openqa.selenium.remote.RemoteWebDriver.startSession(RemoteWebDriver.java:213)
at org.openqa.selenium.remote.RemoteWebDriver.<init>(RemoteWebDriver.java:131)
at org.openqa.selenium.chrome.ChromeDriver.<init>(ChromeDriver.java:181)
at org.openqa.selenium.chrome.ChromeDriver.<init>(ChromeDriver.java:168)
at org.openqa.selenium.chrome.ChromeDriver.<init>(ChromeDriver.java:157)
at com.uiFramework.KTCTC.helper.browserConfiguration.ChromeBrowser.getChromeDriver(ChromeBrowser.java:49)
at com.uiFramework.KTCTC.helper.browserConfiguration.ChromeBrowser.getBrowserInstance(ChromeBrowser.java:60)
at com.uiFramework.KTCTC.testbase.TestBase.beforeClassOfA(TestBase.java:46)
at java.base/jdk.internal.reflect.NativeMethodAccessorImpl.invoke0(Native Method)
at java.base/jdk.internal.reflect.NativeMethodAccessorImpl.invoke(NativeMethodAccessorImpl.java:77)
at java.base/jdk.internal.reflect.DelegatingMethodAccessorImpl.invoke(DelegatingMethodAccessorImpl.java:43)
at java.base/java.lang.reflect.Method.invoke(Method.java:568)
at org.testng.internal.MethodInvocationHelper.invokeMethod(MethodInvocationHelper.java:133)
at org.testng.internal.MethodInvocationHelper.invokeMethodConsideringTimeout(MethodInvocationHelper.java:62)
at org.testng.internal.ConfigInvoker.invokeConfigurationMethod(ConfigInvoker.java:385)
at org.testng.internal.ConfigInvoker.invokeConfigurations(ConfigInvoker.java:321)
at org.testng.internal.TestMethodWorker.invokeBeforeClassMethods(TestMethodWorker.java:176)
at org.testng.internal.TestMethodWorker.run(TestMethodWorker.java:122)
at java.base/java.util.ArrayList.forEach(ArrayList.java:1511)
at org.testng.TestRunner.privateRun(TestRunner.java:794)
at org.testng.TestRunner.run(TestRunner.java:596)
at org.testng.SuiteRunner.runTest(SuiteRunner.java:377)
at org.testng.SuiteRunner.runSequentially(SuiteRunner.java:371)
at org.testng.SuiteRunner.privateRun(SuiteRunner.java:332)
at org.testng.SuiteRunner.run(SuiteRunner.java:276)
at org.testng.SuiteRunnerWorker.runSuite(SuiteRunnerWorker.java:53)
at org.testng.SuiteRunnerWorker.run(SuiteRunnerWorker.java:96)
at org.testng.TestNG.runSuitesSequentially(TestNG.java:1212)
at org.testng.TestNG.runSuitesLocally(TestNG.java:1134)
at org.testng.TestNG.runSuites(TestNG.java:1063)
at org.testng.TestNG.run(TestNG.java:1031)
at org.testng.remote.AbstractRemoteTestNG.run(AbstractRemoteTestNG.java:115)
at org.testng.remote.RemoteTestNG.initAndRun(RemoteTestNG.java:251)
at org.testng.remote.RemoteTestNG.main(RemoteTestNG.java:77)
]]>
            </full-stacktrace>
          </exception> <!-- org.openqa.selenium.SessionNotCreatedException -->
          <reporter-output>
          </reporter-output>
        </test-method> <!-- verifyAllDetailsOfNewlyAddedUser -->
        <test-method is-config="true" signature="afterMethod(org.testng.ITestResult)[pri:0, instance:KTCTC.regression.WebTablesTest2@1e4f4a5c]" started-at="2023-01-29T21:09:49 IST" name="afterMethod" finished-at="1970-01-01T05:30:00 IST" duration-ms="-1675006789559" status="SKIP">
          <reporter-output>
          </reporter-output>
        </test-method> <!-- afterMethod -->
        <test-method is-config="true" signature="beforeMethod(java.lang.reflect.Method)[pri:0, instance:KTCTC.regression.WebTablesTest2@1e4f4a5c]" started-at="2023-01-29T21:09:49 IST" name="beforeMethod" finished-at="1970-01-01T05:30:00 IST" duration-ms="-1675006789560" status="SKIP">
          <reporter-output>
          </reporter-output>
        </test-method> <!-- beforeMethod -->
        <test-method signature="verifyExistingUserCanBeEdited()[pri:4, instance:KTCTC.regression.WebTablesTest2@1e4f4a5c]" started-at="2023-01-29T21:09:49 IST" name="verifyExistingUserCanBeEdited" finished-at="2023-01-29T21:09:49 IST" duration-ms="0" status="SKIP">
          <exception class="org.openqa.selenium.SessionNotCreatedException">
            <message>
              <![CDATA[session not created: This version of ChromeDriver only supports Chrome version 100
Current browser version is 109.0.5414.120 with binary path C:\Program Files\Google\Chrome\Application\chrome.exe
Build info: version: '3.141.59', revision: 'e82be7d358', time: '2018-11-14T08:17:03'
System info: host: 'LAPTOP-OVD06K6F', ip: '192.168.43.93', os.name: 'Windows 11', os.arch: 'amd64', os.version: '10.0', java.version: '17.0.3'
Driver info: driver.version: ChromeDriver
remote stacktrace: Backtrace:
Ordinal0 [0x00927413+2389011]
Ordinal0 [0x008B9F61+1941345]
Ordinal0 [0x007AC658+837208]
Ordinal0 [0x007CC773+968563]
Ordinal0 [0x007C837A+951162]
Ordinal0 [0x007C5C51+941137]
Ordinal0 [0x007F8C80+1150080]
Ordinal0 [0x007F88DA+1149146]
Ordinal0 [0x007F3F66+1130342]
Ordinal0 [0x007CE546+976198]
Ordinal0 [0x007CF456+980054]
GetHandleVerifier [0x00AD9632+1727522]
GetHandleVerifier [0x00B8BA4D+2457661]
GetHandleVerifier [0x009BEB81+569713]
GetHandleVerifier [0x009BDD76+566118]
Ordinal0 [0x008C0B2B+1968939]
Ordinal0 [0x008C5988+1989000]
Ordinal0 [0x008C5A75+1989237]
Ordinal0 [0x008CECB1+2026673]
BaseThreadInitThunk [0x76FF6BD9+25]
RtlGetFullPathName_UEx [0x77558FD2+1218]
RtlGetFullPathName_UEx [0x77558F9D+1165]
]]>
            </message>
            <full-stacktrace>
              <![CDATA[org.openqa.selenium.SessionNotCreatedException: session not created: This version of ChromeDriver only supports Chrome version 100
Current browser version is 109.0.5414.120 with binary path C:\Program Files\Google\Chrome\Application\chrome.exe
Build info: version: '3.141.59', revision: 'e82be7d358', time: '2018-11-14T08:17:03'
System info: host: 'LAPTOP-OVD06K6F', ip: '192.168.43.93', os.name: 'Windows 11', os.arch: 'amd64', os.version: '10.0', java.version: '17.0.3'
Driver info: driver.version: ChromeDriver
remote stacktrace: Backtrace:
Ordinal0 [0x00927413+2389011]
Ordinal0 [0x008B9F61+1941345]
Ordinal0 [0x007AC658+837208]
Ordinal0 [0x007CC773+968563]
Ordinal0 [0x007C837A+951162]
Ordinal0 [0x007C5C51+941137]
Ordinal0 [0x007F8C80+1150080]
Ordinal0 [0x007F88DA+1149146]
Ordinal0 [0x007F3F66+1130342]
Ordinal0 [0x007CE546+976198]
Ordinal0 [0x007CF456+980054]
GetHandleVerifier [0x00AD9632+1727522]
GetHandleVerifier [0x00B8BA4D+2457661]
GetHandleVerifier [0x009BEB81+569713]
GetHandleVerifier [0x009BDD76+566118]
Ordinal0 [0x008C0B2B+1968939]
Ordinal0 [0x008C5988+1989000]
Ordinal0 [0x008C5A75+1989237]
Ordinal0 [0x008CECB1+2026673]
BaseThreadInitThunk [0x76FF6BD9+25]
RtlGetFullPathName_UEx [0x77558FD2+1218]
RtlGetFullPathName_UEx [0x77558F9D+1165]

at java.base/jdk.internal.reflect.NativeConstructorAccessorImpl.newInstance0(Native Method)
at java.base/jdk.internal.reflect.NativeConstructorAccessorImpl.newInstance(NativeConstructorAccessorImpl.java:77)
at java.base/jdk.internal.reflect.DelegatingConstructorAccessorImpl.newInstance(DelegatingConstructorAccessorImpl.java:45)
at java.base/java.lang.reflect.Constructor.newInstanceWithCaller(Constructor.java:499)
at java.base/java.lang.reflect.Constructor.newInstance(Constructor.java:480)
at org.openqa.selenium.remote.W3CHandshakeResponse.lambda$errorHandler$0(W3CHandshakeResponse.java:62)
at org.openqa.selenium.remote.HandshakeResponse.lambda$getResponseFunction$0(HandshakeResponse.java:30)
at org.openqa.selenium.remote.ProtocolHandshake.lambda$createSession$0(ProtocolHandshake.java:126)
at java.base/java.util.stream.ReferencePipeline$3$1.accept(ReferencePipeline.java:197)
at java.base/java.util.Spliterators$ArraySpliterator.tryAdvance(Spliterators.java:1002)
at java.base/java.util.stream.ReferencePipeline.forEachWithCancel(ReferencePipeline.java:129)
at java.base/java.util.stream.AbstractPipeline.copyIntoWithCancel(AbstractPipeline.java:527)
at java.base/java.util.stream.AbstractPipeline.copyInto(AbstractPipeline.java:513)
at java.base/java.util.stream.AbstractPipeline.wrapAndCopyInto(AbstractPipeline.java:499)
at java.base/java.util.stream.FindOps$FindOp.evaluateSequential(FindOps.java:150)
at java.base/java.util.stream.AbstractPipeline.evaluate(AbstractPipeline.java:234)
at java.base/java.util.stream.ReferencePipeline.findFirst(ReferencePipeline.java:647)
at org.openqa.selenium.remote.ProtocolHandshake.createSession(ProtocolHandshake.java:128)
at org.openqa.selenium.remote.ProtocolHandshake.createSession(ProtocolHandshake.java:74)
at org.openqa.selenium.remote.HttpCommandExecutor.execute(HttpCommandExecutor.java:136)
at org.openqa.selenium.remote.service.DriverCommandExecutor.execute(DriverCommandExecutor.java:83)
at org.openqa.selenium.remote.RemoteWebDriver.execute(RemoteWebDriver.java:552)
at org.openqa.selenium.remote.RemoteWebDriver.startSession(RemoteWebDriver.java:213)
at org.openqa.selenium.remote.RemoteWebDriver.<init>(RemoteWebDriver.java:131)
at org.openqa.selenium.chrome.ChromeDriver.<init>(ChromeDriver.java:181)
at org.openqa.selenium.chrome.ChromeDriver.<init>(ChromeDriver.java:168)
at org.openqa.selenium.chrome.ChromeDriver.<init>(ChromeDriver.java:157)
at com.uiFramework.KTCTC.helper.browserConfiguration.ChromeBrowser.getChromeDriver(ChromeBrowser.java:49)
at com.uiFramework.KTCTC.helper.browserConfiguration.ChromeBrowser.getBrowserInstance(ChromeBrowser.java:60)
at com.uiFramework.KTCTC.testbase.TestBase.beforeClassOfA(TestBase.java:46)
at java.base/jdk.internal.reflect.NativeMethodAccessorImpl.invoke0(Native Method)
at java.base/jdk.internal.reflect.NativeMethodAccessorImpl.invoke(NativeMethodAccessorImpl.java:77)
at java.base/jdk.internal.reflect.DelegatingMethodAccessorImpl.invoke(DelegatingMethodAccessorImpl.java:43)
at java.base/java.lang.reflect.Method.invoke(Method.java:568)
at org.testng.internal.MethodInvocationHelper.invokeMethod(MethodInvocationHelper.java:133)
at org.testng.internal.MethodInvocationHelper.invokeMethodConsideringTimeout(MethodInvocationHelper.java:62)
at org.testng.internal.ConfigInvoker.invokeConfigurationMethod(ConfigInvoker.java:385)
at org.testng.internal.ConfigInvoker.invokeConfigurations(ConfigInvoker.java:321)
at org.testng.internal.TestMethodWorker.invokeBeforeClassMethods(TestMethodWorker.java:176)
at org.testng.internal.TestMethodWorker.run(TestMethodWorker.java:122)
at java.base/java.util.ArrayList.forEach(ArrayList.java:1511)
at org.testng.TestRunner.privateRun(TestRunner.java:794)
at org.testng.TestRunner.run(TestRunner.java:596)
at org.testng.SuiteRunner.runTest(SuiteRunner.java:377)
at org.testng.SuiteRunner.runSequentially(SuiteRunner.java:371)
at org.testng.SuiteRunner.privateRun(SuiteRunner.java:332)
at org.testng.SuiteRunner.run(SuiteRunner.java:276)
at org.testng.SuiteRunnerWorker.runSuite(SuiteRunnerWorker.java:53)
at org.testng.SuiteRunnerWorker.run(SuiteRunnerWorker.java:96)
at org.testng.TestNG.runSuitesSequentially(TestNG.java:1212)
at org.testng.TestNG.runSuitesLocally(TestNG.java:1134)
at org.testng.TestNG.runSuites(TestNG.java:1063)
at org.testng.TestNG.run(TestNG.java:1031)
at org.testng.remote.AbstractRemoteTestNG.run(AbstractRemoteTestNG.java:115)
at org.testng.remote.RemoteTestNG.initAndRun(RemoteTestNG.java:251)
at org.testng.remote.RemoteTestNG.main(RemoteTestNG.java:77)
]]>
            </full-stacktrace>
          </exception> <!-- org.openqa.selenium.SessionNotCreatedException -->
          <reporter-output>
          </reporter-output>
        </test-method> <!-- verifyExistingUserCanBeEdited -->
        <test-method is-config="true" signature="beforeMethod(java.lang.reflect.Method)[pri:0, instance:KTCTC.regression.WebTablesTest2@1e4f4a5c]" started-at="2023-01-29T21:09:49 IST" name="beforeMethod" finished-at="1970-01-01T05:30:00 IST" duration-ms="-1675006789562" status="SKIP">
          <reporter-output>
          </reporter-output>
        </test-method> <!-- beforeMethod -->
        <test-method is-config="true" signature="afterMethod(org.testng.ITestResult)[pri:0, instance:KTCTC.regression.WebTablesTest2@1e4f4a5c]" started-at="2023-01-29T21:09:49 IST" name="afterMethod" finished-at="1970-01-01T05:30:00 IST" duration-ms="-1675006789562" status="SKIP">
          <reporter-output>
          </reporter-output>
        </test-method> <!-- afterMethod -->
        <test-method signature="verifyAllDetailsOfEditedUser()[pri:5, instance:KTCTC.regression.WebTablesTest2@1e4f4a5c]" started-at="2023-01-29T21:09:49 IST" name="verifyAllDetailsOfEditedUser" finished-at="2023-01-29T21:09:49 IST" duration-ms="0" status="SKIP">
          <exception class="org.openqa.selenium.SessionNotCreatedException">
            <message>
              <![CDATA[session not created: This version of ChromeDriver only supports Chrome version 100
Current browser version is 109.0.5414.120 with binary path C:\Program Files\Google\Chrome\Application\chrome.exe
Build info: version: '3.141.59', revision: 'e82be7d358', time: '2018-11-14T08:17:03'
System info: host: 'LAPTOP-OVD06K6F', ip: '192.168.43.93', os.name: 'Windows 11', os.arch: 'amd64', os.version: '10.0', java.version: '17.0.3'
Driver info: driver.version: ChromeDriver
remote stacktrace: Backtrace:
Ordinal0 [0x00927413+2389011]
Ordinal0 [0x008B9F61+1941345]
Ordinal0 [0x007AC658+837208]
Ordinal0 [0x007CC773+968563]
Ordinal0 [0x007C837A+951162]
Ordinal0 [0x007C5C51+941137]
Ordinal0 [0x007F8C80+1150080]
Ordinal0 [0x007F88DA+1149146]
Ordinal0 [0x007F3F66+1130342]
Ordinal0 [0x007CE546+976198]
Ordinal0 [0x007CF456+980054]
GetHandleVerifier [0x00AD9632+1727522]
GetHandleVerifier [0x00B8BA4D+2457661]
GetHandleVerifier [0x009BEB81+569713]
GetHandleVerifier [0x009BDD76+566118]
Ordinal0 [0x008C0B2B+1968939]
Ordinal0 [0x008C5988+1989000]
Ordinal0 [0x008C5A75+1989237]
Ordinal0 [0x008CECB1+2026673]
BaseThreadInitThunk [0x76FF6BD9+25]
RtlGetFullPathName_UEx [0x77558FD2+1218]
RtlGetFullPathName_UEx [0x77558F9D+1165]
]]>
            </message>
            <full-stacktrace>
              <![CDATA[org.openqa.selenium.SessionNotCreatedException: session not created: This version of ChromeDriver only supports Chrome version 100
Current browser version is 109.0.5414.120 with binary path C:\Program Files\Google\Chrome\Application\chrome.exe
Build info: version: '3.141.59', revision: 'e82be7d358', time: '2018-11-14T08:17:03'
System info: host: 'LAPTOP-OVD06K6F', ip: '192.168.43.93', os.name: 'Windows 11', os.arch: 'amd64', os.version: '10.0', java.version: '17.0.3'
Driver info: driver.version: ChromeDriver
remote stacktrace: Backtrace:
Ordinal0 [0x00927413+2389011]
Ordinal0 [0x008B9F61+1941345]
Ordinal0 [0x007AC658+837208]
Ordinal0 [0x007CC773+968563]
Ordinal0 [0x007C837A+951162]
Ordinal0 [0x007C5C51+941137]
Ordinal0 [0x007F8C80+1150080]
Ordinal0 [0x007F88DA+1149146]
Ordinal0 [0x007F3F66+1130342]
Ordinal0 [0x007CE546+976198]
Ordinal0 [0x007CF456+980054]
GetHandleVerifier [0x00AD9632+1727522]
GetHandleVerifier [0x00B8BA4D+2457661]
GetHandleVerifier [0x009BEB81+569713]
GetHandleVerifier [0x009BDD76+566118]
Ordinal0 [0x008C0B2B+1968939]
Ordinal0 [0x008C5988+1989000]
Ordinal0 [0x008C5A75+1989237]
Ordinal0 [0x008CECB1+2026673]
BaseThreadInitThunk [0x76FF6BD9+25]
RtlGetFullPathName_UEx [0x77558FD2+1218]
RtlGetFullPathName_UEx [0x77558F9D+1165]

at java.base/jdk.internal.reflect.NativeConstructorAccessorImpl.newInstance0(Native Method)
at java.base/jdk.internal.reflect.NativeConstructorAccessorImpl.newInstance(NativeConstructorAccessorImpl.java:77)
at java.base/jdk.internal.reflect.DelegatingConstructorAccessorImpl.newInstance(DelegatingConstructorAccessorImpl.java:45)
at java.base/java.lang.reflect.Constructor.newInstanceWithCaller(Constructor.java:499)
at java.base/java.lang.reflect.Constructor.newInstance(Constructor.java:480)
at org.openqa.selenium.remote.W3CHandshakeResponse.lambda$errorHandler$0(W3CHandshakeResponse.java:62)
at org.openqa.selenium.remote.HandshakeResponse.lambda$getResponseFunction$0(HandshakeResponse.java:30)
at org.openqa.selenium.remote.ProtocolHandshake.lambda$createSession$0(ProtocolHandshake.java:126)
at java.base/java.util.stream.ReferencePipeline$3$1.accept(ReferencePipeline.java:197)
at java.base/java.util.Spliterators$ArraySpliterator.tryAdvance(Spliterators.java:1002)
at java.base/java.util.stream.ReferencePipeline.forEachWithCancel(ReferencePipeline.java:129)
at java.base/java.util.stream.AbstractPipeline.copyIntoWithCancel(AbstractPipeline.java:527)
at java.base/java.util.stream.AbstractPipeline.copyInto(AbstractPipeline.java:513)
at java.base/java.util.stream.AbstractPipeline.wrapAndCopyInto(AbstractPipeline.java:499)
at java.base/java.util.stream.FindOps$FindOp.evaluateSequential(FindOps.java:150)
at java.base/java.util.stream.AbstractPipeline.evaluate(AbstractPipeline.java:234)
at java.base/java.util.stream.ReferencePipeline.findFirst(ReferencePipeline.java:647)
at org.openqa.selenium.remote.ProtocolHandshake.createSession(ProtocolHandshake.java:128)
at org.openqa.selenium.remote.ProtocolHandshake.createSession(ProtocolHandshake.java:74)
at org.openqa.selenium.remote.HttpCommandExecutor.execute(HttpCommandExecutor.java:136)
at org.openqa.selenium.remote.service.DriverCommandExecutor.execute(DriverCommandExecutor.java:83)
at org.openqa.selenium.remote.RemoteWebDriver.execute(RemoteWebDriver.java:552)
at org.openqa.selenium.remote.RemoteWebDriver.startSession(RemoteWebDriver.java:213)
at org.openqa.selenium.remote.RemoteWebDriver.<init>(RemoteWebDriver.java:131)
at org.openqa.selenium.chrome.ChromeDriver.<init>(ChromeDriver.java:181)
at org.openqa.selenium.chrome.ChromeDriver.<init>(ChromeDriver.java:168)
at org.openqa.selenium.chrome.ChromeDriver.<init>(ChromeDriver.java:157)
at com.uiFramework.KTCTC.helper.browserConfiguration.ChromeBrowser.getChromeDriver(ChromeBrowser.java:49)
at com.uiFramework.KTCTC.helper.browserConfiguration.ChromeBrowser.getBrowserInstance(ChromeBrowser.java:60)
at com.uiFramework.KTCTC.testbase.TestBase.beforeClassOfA(TestBase.java:46)
at java.base/jdk.internal.reflect.NativeMethodAccessorImpl.invoke0(Native Method)
at java.base/jdk.internal.reflect.NativeMethodAccessorImpl.invoke(NativeMethodAccessorImpl.java:77)
at java.base/jdk.internal.reflect.DelegatingMethodAccessorImpl.invoke(DelegatingMethodAccessorImpl.java:43)
at java.base/java.lang.reflect.Method.invoke(Method.java:568)
at org.testng.internal.MethodInvocationHelper.invokeMethod(MethodInvocationHelper.java:133)
at org.testng.internal.MethodInvocationHelper.invokeMethodConsideringTimeout(MethodInvocationHelper.java:62)
at org.testng.internal.ConfigInvoker.invokeConfigurationMethod(ConfigInvoker.java:385)
at org.testng.internal.ConfigInvoker.invokeConfigurations(ConfigInvoker.java:321)
at org.testng.internal.TestMethodWorker.invokeBeforeClassMethods(TestMethodWorker.java:176)
at org.testng.internal.TestMethodWorker.run(TestMethodWorker.java:122)
at java.base/java.util.ArrayList.forEach(ArrayList.java:1511)
at org.testng.TestRunner.privateRun(TestRunner.java:794)
at org.testng.TestRunner.run(TestRunner.java:596)
at org.testng.SuiteRunner.runTest(SuiteRunner.java:377)
at org.testng.SuiteRunner.runSequentially(SuiteRunner.java:371)
at org.testng.SuiteRunner.privateRun(SuiteRunner.java:332)
at org.testng.SuiteRunner.run(SuiteRunner.java:276)
at org.testng.SuiteRunnerWorker.runSuite(SuiteRunnerWorker.java:53)
at org.testng.SuiteRunnerWorker.run(SuiteRunnerWorker.java:96)
at org.testng.TestNG.runSuitesSequentially(TestNG.java:1212)
at org.testng.TestNG.runSuitesLocally(TestNG.java:1134)
at org.testng.TestNG.runSuites(TestNG.java:1063)
at org.testng.TestNG.run(TestNG.java:1031)
at org.testng.remote.AbstractRemoteTestNG.run(AbstractRemoteTestNG.java:115)
at org.testng.remote.RemoteTestNG.initAndRun(RemoteTestNG.java:251)
at org.testng.remote.RemoteTestNG.main(RemoteTestNG.java:77)
]]>
            </full-stacktrace>
          </exception> <!-- org.openqa.selenium.SessionNotCreatedException -->
          <reporter-output>
          </reporter-output>
        </test-method> <!-- verifyAllDetailsOfEditedUser -->
        <test-method is-config="true" signature="afterMethod(org.testng.ITestResult)[pri:0, instance:KTCTC.regression.WebTablesTest2@1e4f4a5c]" started-at="2023-01-29T21:09:49 IST" name="afterMethod" finished-at="1970-01-01T05:30:00 IST" duration-ms="-1675006789564" status="SKIP">
          <reporter-output>
          </reporter-output>
        </test-method> <!-- afterMethod -->
        <test-method is-config="true" signature="beforeMethod(java.lang.reflect.Method)[pri:0, instance:KTCTC.regression.WebTablesTest2@1e4f4a5c]" started-at="2023-01-29T21:09:49 IST" name="beforeMethod" finished-at="1970-01-01T05:30:00 IST" duration-ms="-1675006789566" status="SKIP">
          <reporter-output>
          </reporter-output>
        </test-method> <!-- beforeMethod -->
        <test-method signature="verifyExistringUserCanBeDeleted()[pri:6, instance:KTCTC.regression.WebTablesTest2@1e4f4a5c]" started-at="2023-01-29T21:09:49 IST" name="verifyExistringUserCanBeDeleted" finished-at="2023-01-29T21:09:49 IST" duration-ms="0" status="SKIP">
          <exception class="org.openqa.selenium.SessionNotCreatedException">
            <message>
              <![CDATA[session not created: This version of ChromeDriver only supports Chrome version 100
Current browser version is 109.0.5414.120 with binary path C:\Program Files\Google\Chrome\Application\chrome.exe
Build info: version: '3.141.59', revision: 'e82be7d358', time: '2018-11-14T08:17:03'
System info: host: 'LAPTOP-OVD06K6F', ip: '192.168.43.93', os.name: 'Windows 11', os.arch: 'amd64', os.version: '10.0', java.version: '17.0.3'
Driver info: driver.version: ChromeDriver
remote stacktrace: Backtrace:
Ordinal0 [0x00927413+2389011]
Ordinal0 [0x008B9F61+1941345]
Ordinal0 [0x007AC658+837208]
Ordinal0 [0x007CC773+968563]
Ordinal0 [0x007C837A+951162]
Ordinal0 [0x007C5C51+941137]
Ordinal0 [0x007F8C80+1150080]
Ordinal0 [0x007F88DA+1149146]
Ordinal0 [0x007F3F66+1130342]
Ordinal0 [0x007CE546+976198]
Ordinal0 [0x007CF456+980054]
GetHandleVerifier [0x00AD9632+1727522]
GetHandleVerifier [0x00B8BA4D+2457661]
GetHandleVerifier [0x009BEB81+569713]
GetHandleVerifier [0x009BDD76+566118]
Ordinal0 [0x008C0B2B+1968939]
Ordinal0 [0x008C5988+1989000]
Ordinal0 [0x008C5A75+1989237]
Ordinal0 [0x008CECB1+2026673]
BaseThreadInitThunk [0x76FF6BD9+25]
RtlGetFullPathName_UEx [0x77558FD2+1218]
RtlGetFullPathName_UEx [0x77558F9D+1165]
]]>
            </message>
            <full-stacktrace>
              <![CDATA[org.openqa.selenium.SessionNotCreatedException: session not created: This version of ChromeDriver only supports Chrome version 100
Current browser version is 109.0.5414.120 with binary path C:\Program Files\Google\Chrome\Application\chrome.exe
Build info: version: '3.141.59', revision: 'e82be7d358', time: '2018-11-14T08:17:03'
System info: host: 'LAPTOP-OVD06K6F', ip: '192.168.43.93', os.name: 'Windows 11', os.arch: 'amd64', os.version: '10.0', java.version: '17.0.3'
Driver info: driver.version: ChromeDriver
remote stacktrace: Backtrace:
Ordinal0 [0x00927413+2389011]
Ordinal0 [0x008B9F61+1941345]
Ordinal0 [0x007AC658+837208]
Ordinal0 [0x007CC773+968563]
Ordinal0 [0x007C837A+951162]
Ordinal0 [0x007C5C51+941137]
Ordinal0 [0x007F8C80+1150080]
Ordinal0 [0x007F88DA+1149146]
Ordinal0 [0x007F3F66+1130342]
Ordinal0 [0x007CE546+976198]
Ordinal0 [0x007CF456+980054]
GetHandleVerifier [0x00AD9632+1727522]
GetHandleVerifier [0x00B8BA4D+2457661]
GetHandleVerifier [0x009BEB81+569713]
GetHandleVerifier [0x009BDD76+566118]
Ordinal0 [0x008C0B2B+1968939]
Ordinal0 [0x008C5988+1989000]
Ordinal0 [0x008C5A75+1989237]
Ordinal0 [0x008CECB1+2026673]
BaseThreadInitThunk [0x76FF6BD9+25]
RtlGetFullPathName_UEx [0x77558FD2+1218]
RtlGetFullPathName_UEx [0x77558F9D+1165]

at java.base/jdk.internal.reflect.NativeConstructorAccessorImpl.newInstance0(Native Method)
at java.base/jdk.internal.reflect.NativeConstructorAccessorImpl.newInstance(NativeConstructorAccessorImpl.java:77)
at java.base/jdk.internal.reflect.DelegatingConstructorAccessorImpl.newInstance(DelegatingConstructorAccessorImpl.java:45)
at java.base/java.lang.reflect.Constructor.newInstanceWithCaller(Constructor.java:499)
at java.base/java.lang.reflect.Constructor.newInstance(Constructor.java:480)
at org.openqa.selenium.remote.W3CHandshakeResponse.lambda$errorHandler$0(W3CHandshakeResponse.java:62)
at org.openqa.selenium.remote.HandshakeResponse.lambda$getResponseFunction$0(HandshakeResponse.java:30)
at org.openqa.selenium.remote.ProtocolHandshake.lambda$createSession$0(ProtocolHandshake.java:126)
at java.base/java.util.stream.ReferencePipeline$3$1.accept(ReferencePipeline.java:197)
at java.base/java.util.Spliterators$ArraySpliterator.tryAdvance(Spliterators.java:1002)
at java.base/java.util.stream.ReferencePipeline.forEachWithCancel(ReferencePipeline.java:129)
at java.base/java.util.stream.AbstractPipeline.copyIntoWithCancel(AbstractPipeline.java:527)
at java.base/java.util.stream.AbstractPipeline.copyInto(AbstractPipeline.java:513)
at java.base/java.util.stream.AbstractPipeline.wrapAndCopyInto(AbstractPipeline.java:499)
at java.base/java.util.stream.FindOps$FindOp.evaluateSequential(FindOps.java:150)
at java.base/java.util.stream.AbstractPipeline.evaluate(AbstractPipeline.java:234)
at java.base/java.util.stream.ReferencePipeline.findFirst(ReferencePipeline.java:647)
at org.openqa.selenium.remote.ProtocolHandshake.createSession(ProtocolHandshake.java:128)
at org.openqa.selenium.remote.ProtocolHandshake.createSession(ProtocolHandshake.java:74)
at org.openqa.selenium.remote.HttpCommandExecutor.execute(HttpCommandExecutor.java:136)
at org.openqa.selenium.remote.service.DriverCommandExecutor.execute(DriverCommandExecutor.java:83)
at org.openqa.selenium.remote.RemoteWebDriver.execute(RemoteWebDriver.java:552)
at org.openqa.selenium.remote.RemoteWebDriver.startSession(RemoteWebDriver.java:213)
at org.openqa.selenium.remote.RemoteWebDriver.<init>(RemoteWebDriver.java:131)
at org.openqa.selenium.chrome.ChromeDriver.<init>(ChromeDriver.java:181)
at org.openqa.selenium.chrome.ChromeDriver.<init>(ChromeDriver.java:168)
at org.openqa.selenium.chrome.ChromeDriver.<init>(ChromeDriver.java:157)
at com.uiFramework.KTCTC.helper.browserConfiguration.ChromeBrowser.getChromeDriver(ChromeBrowser.java:49)
at com.uiFramework.KTCTC.helper.browserConfiguration.ChromeBrowser.getBrowserInstance(ChromeBrowser.java:60)
at com.uiFramework.KTCTC.testbase.TestBase.beforeClassOfA(TestBase.java:46)
at java.base/jdk.internal.reflect.NativeMethodAccessorImpl.invoke0(Native Method)
at java.base/jdk.internal.reflect.NativeMethodAccessorImpl.invoke(NativeMethodAccessorImpl.java:77)
at java.base/jdk.internal.reflect.DelegatingMethodAccessorImpl.invoke(DelegatingMethodAccessorImpl.java:43)
at java.base/java.lang.reflect.Method.invoke(Method.java:568)
at org.testng.internal.MethodInvocationHelper.invokeMethod(MethodInvocationHelper.java:133)
at org.testng.internal.MethodInvocationHelper.invokeMethodConsideringTimeout(MethodInvocationHelper.java:62)
at org.testng.internal.ConfigInvoker.invokeConfigurationMethod(ConfigInvoker.java:385)
at org.testng.internal.ConfigInvoker.invokeConfigurations(ConfigInvoker.java:321)
at org.testng.internal.TestMethodWorker.invokeBeforeClassMethods(TestMethodWorker.java:176)
at org.testng.internal.TestMethodWorker.run(TestMethodWorker.java:122)
at java.base/java.util.ArrayList.forEach(ArrayList.java:1511)
at org.testng.TestRunner.privateRun(TestRunner.java:794)
at org.testng.TestRunner.run(TestRunner.java:596)
at org.testng.SuiteRunner.runTest(SuiteRunner.java:377)
at org.testng.SuiteRunner.runSequentially(SuiteRunner.java:371)
at org.testng.SuiteRunner.privateRun(SuiteRunner.java:332)
at org.testng.SuiteRunner.run(SuiteRunner.java:276)
at org.testng.SuiteRunnerWorker.runSuite(SuiteRunnerWorker.java:53)
at org.testng.SuiteRunnerWorker.run(SuiteRunnerWorker.java:96)
at org.testng.TestNG.runSuitesSequentially(TestNG.java:1212)
at org.testng.TestNG.runSuitesLocally(TestNG.java:1134)
at org.testng.TestNG.runSuites(TestNG.java:1063)
at org.testng.TestNG.run(TestNG.java:1031)
at org.testng.remote.AbstractRemoteTestNG.run(AbstractRemoteTestNG.java:115)
at org.testng.remote.RemoteTestNG.initAndRun(RemoteTestNG.java:251)
at org.testng.remote.RemoteTestNG.main(RemoteTestNG.java:77)
]]>
            </full-stacktrace>
          </exception> <!-- org.openqa.selenium.SessionNotCreatedException -->
          <reporter-output>
          </reporter-output>
        </test-method> <!-- verifyExistringUserCanBeDeleted -->
        <test-method is-config="true" signature="afterMethod(org.testng.ITestResult)[pri:0, instance:KTCTC.regression.WebTablesTest2@1e4f4a5c]" started-at="2023-01-29T21:09:49 IST" name="afterMethod" finished-at="1970-01-01T05:30:00 IST" duration-ms="-1675006789569" status="SKIP">
          <reporter-output>
          </reporter-output>
        </test-method> <!-- afterMethod -->
        <test-method is-config="true" signature="afterClass()[pri:0, instance:KTCTC.regression.WebTablesTest2@1e4f4a5c]" started-at="2023-01-29T21:09:49 IST" name="afterClass" finished-at="1970-01-01T05:30:00 IST" duration-ms="-1675006789570" status="SKIP">
          <reporter-output>
          </reporter-output>
        </test-method> <!-- afterClass -->
      </class> <!-- KTCTC.regression.WebTablesTest2 -->
      <class name="selnium.MyFirstMavenProject.AssertsInTestNG.CCTest">
        <test-method signature="sampleMethod()[pri:0, instance:selnium.MyFirstMavenProject.AssertsInTestNG.CCTest@41330d4f]" started-at="2023-01-29T21:09:47 IST" name="sampleMethod" finished-at="2023-01-29T21:09:47 IST" duration-ms="0" status="PASS">
          <reporter-output>
          </reporter-output>
        </test-method> <!-- sampleMethod -->
        <test-method signature="sampleMethod2()[pri:0, instance:selnium.MyFirstMavenProject.AssertsInTestNG.CCTest@41330d4f]" started-at="2023-01-29T21:09:47 IST" name="sampleMethod2" finished-at="2023-01-29T21:09:47 IST" duration-ms="1" status="PASS">
          <reporter-output>
          </reporter-output>
        </test-method> <!-- sampleMethod2 -->
      </class> <!-- selnium.MyFirstMavenProject.AssertsInTestNG.CCTest -->
      <class name="selnium.MyFirstMavenProject.AssertsInTestNG.enableDependentInvocation">
        <test-method signature="TT()[pri:0, instance:selnium.MyFirstMavenProject.AssertsInTestNG.enableDependentInvocation@660acfb]" started-at="2023-01-29T21:09:49 IST" name="TT" finished-at="2023-01-29T21:09:49 IST" duration-ms="1" status="PASS">
          <reporter-output>
          </reporter-output>
        </test-method> <!-- TT -->
        <test-method signature="TT()[pri:0, instance:selnium.MyFirstMavenProject.AssertsInTestNG.enableDependentInvocation@660acfb]" started-at="2023-01-29T21:09:49 IST" name="TT" finished-at="2023-01-29T21:09:49 IST" duration-ms="0" status="PASS">
          <reporter-output>
          </reporter-output>
        </test-method> <!-- TT -->
        <test-method signature="TT()[pri:0, instance:selnium.MyFirstMavenProject.AssertsInTestNG.enableDependentInvocation@660acfb]" started-at="2023-01-29T21:09:49 IST" name="TT" finished-at="2023-01-29T21:09:49 IST" duration-ms="1" status="PASS">
          <reporter-output>
          </reporter-output>
        </test-method> <!-- TT -->
        <test-method signature="TT()[pri:0, instance:selnium.MyFirstMavenProject.AssertsInTestNG.enableDependentInvocation@660acfb]" started-at="2023-01-29T21:09:49 IST" name="TT" finished-at="2023-01-29T21:09:49 IST" duration-ms="1" status="PASS">
          <reporter-output>
          </reporter-output>
        </test-method> <!-- TT -->
        <test-method signature="TT()[pri:0, instance:selnium.MyFirstMavenProject.AssertsInTestNG.enableDependentInvocation@660acfb]" started-at="2023-01-29T21:09:49 IST" name="TT" finished-at="2023-01-29T21:09:49 IST" duration-ms="0" status="PASS">
          <reporter-output>
          </reporter-output>
        </test-method> <!-- TT -->
        <test-method signature="verifyUserCanLoginToSystem()[pri:0, instance:selnium.MyFirstMavenProject.AssertsInTestNG.enableDependentInvocation@660acfb]" started-at="2023-01-29T21:09:49 IST" name="verifyUserCanLoginToSystem" finished-at="2023-01-29T21:09:49 IST" duration-ms="1" status="FAIL">
          <exception class="java.lang.AssertionError">
            <message>
              <![CDATA[User name is not displayed on UI expected [true] but found [false]]]>
            </message>
            <full-stacktrace>
              <![CDATA[java.lang.AssertionError: User name is not displayed on UI expected [true] but found [false]
at org.testng.Assert.fail(Assert.java:99)
at org.testng.Assert.failNotEquals(Assert.java:1037)
at org.testng.Assert.assertTrue(Assert.java:45)
at selnium.MyFirstMavenProject.AssertsInTestNG.enableDependentInvocation.verifyUserCanLoginToSystem(enableDependentInvocation.java:41)
at java.base/jdk.internal.reflect.NativeMethodAccessorImpl.invoke0(Native Method)
at java.base/jdk.internal.reflect.NativeMethodAccessorImpl.invoke(NativeMethodAccessorImpl.java:77)
at java.base/jdk.internal.reflect.DelegatingMethodAccessorImpl.invoke(DelegatingMethodAccessorImpl.java:43)
at java.base/java.lang.reflect.Method.invoke(Method.java:568)
at org.testng.internal.MethodInvocationHelper.invokeMethod(MethodInvocationHelper.java:133)
at org.testng.internal.TestInvoker.invokeMethod(TestInvoker.java:598)
at org.testng.internal.TestInvoker.invokeTestMethod(TestInvoker.java:173)
at org.testng.internal.MethodRunner.runInSequence(MethodRunner.java:46)
at org.testng.internal.TestInvoker$MethodInvocationAgent.invoke(TestInvoker.java:824)
at org.testng.internal.TestInvoker.invokeTestMethods(TestInvoker.java:146)
at org.testng.internal.TestMethodWorker.invokeTestMethods(TestMethodWorker.java:146)
at org.testng.internal.TestMethodWorker.run(TestMethodWorker.java:128)
at java.base/java.util.ArrayList.forEach(ArrayList.java:1511)
at org.testng.TestRunner.privateRun(TestRunner.java:794)
at org.testng.TestRunner.run(TestRunner.java:596)
at org.testng.SuiteRunner.runTest(SuiteRunner.java:377)
at org.testng.SuiteRunner.runSequentially(SuiteRunner.java:371)
at org.testng.SuiteRunner.privateRun(SuiteRunner.java:332)
at org.testng.SuiteRunner.run(SuiteRunner.java:276)
at org.testng.SuiteRunnerWorker.runSuite(SuiteRunnerWorker.java:53)
at org.testng.SuiteRunnerWorker.run(SuiteRunnerWorker.java:96)
at org.testng.TestNG.runSuitesSequentially(TestNG.java:1212)
at org.testng.TestNG.runSuitesLocally(TestNG.java:1134)
at org.testng.TestNG.runSuites(TestNG.java:1063)
at org.testng.TestNG.run(TestNG.java:1031)
at org.testng.remote.AbstractRemoteTestNG.run(AbstractRemoteTestNG.java:115)
at org.testng.remote.RemoteTestNG.initAndRun(RemoteTestNG.java:251)
at org.testng.remote.RemoteTestNG.main(RemoteTestNG.java:77)
]]>
            </full-stacktrace>
          </exception> <!-- java.lang.AssertionError -->
          <reporter-output>
          </reporter-output>
        </test-method> <!-- verifyUserCanLoginToSystem -->
        <test-method signature="verifyUserCanSendEmail()[pri:0, instance:selnium.MyFirstMavenProject.AssertsInTestNG.enableDependentInvocation@660acfb]" started-at="2023-01-29T21:09:49 IST" name="verifyUserCanSendEmail" finished-at="2023-01-29T21:09:49 IST" depends-on-methods="selnium.MyFirstMavenProject.AssertsInTestNG.enableDependentInvocation.verifyUserCanLoginToSystem" duration-ms="0" status="SKIP">
          <exception class="java.lang.Throwable">
            <message>
              <![CDATA[Method enableDependentInvocation.verifyUserCanSendEmail()[pri:0, instance:selnium.MyFirstMavenProject.AssertsInTestNG.enableDependentInvocation@660acfb] depends on not successfully finished methods]]>
            </message>
            <full-stacktrace>
              <![CDATA[java.lang.Throwable: Method enableDependentInvocation.verifyUserCanSendEmail()[pri:0, instance:selnium.MyFirstMavenProject.AssertsInTestNG.enableDependentInvocation@660acfb] depends on not successfully finished methods
at org.testng.internal.TestInvoker.invokeTestMethods(TestInvoker.java:102)
at org.testng.internal.TestMethodWorker.invokeTestMethods(TestMethodWorker.java:146)
at org.testng.internal.TestMethodWorker.run(TestMethodWorker.java:128)
at java.base/java.util.ArrayList.forEach(ArrayList.java:1511)
at org.testng.TestRunner.privateRun(TestRunner.java:794)
at org.testng.TestRunner.run(TestRunner.java:596)
at org.testng.SuiteRunner.runTest(SuiteRunner.java:377)
at org.testng.SuiteRunner.runSequentially(SuiteRunner.java:371)
at org.testng.SuiteRunner.privateRun(SuiteRunner.java:332)
at org.testng.SuiteRunner.run(SuiteRunner.java:276)
at org.testng.SuiteRunnerWorker.runSuite(SuiteRunnerWorker.java:53)
at org.testng.SuiteRunnerWorker.run(SuiteRunnerWorker.java:96)
at org.testng.TestNG.runSuitesSequentially(TestNG.java:1212)
at org.testng.TestNG.runSuitesLocally(TestNG.java:1134)
at org.testng.TestNG.runSuites(TestNG.java:1063)
at org.testng.TestNG.run(TestNG.java:1031)
at org.testng.remote.AbstractRemoteTestNG.run(AbstractRemoteTestNG.java:115)
at org.testng.remote.RemoteTestNG.initAndRun(RemoteTestNG.java:251)
at org.testng.remote.RemoteTestNG.main(RemoteTestNG.java:77)
]]>
            </full-stacktrace>
          </exception> <!-- java.lang.Throwable -->
          <reporter-output>
          </reporter-output>
        </test-method> <!-- verifyUserCanSendEmail -->
      </class> <!-- selnium.MyFirstMavenProject.AssertsInTestNG.enableDependentInvocation -->
      <class name="KTCTC.regression.WebTablesTest">
        <test-method is-config="true" signature="beforeClassOfA()[pri:0, instance:KTCTC.regression.WebTablesTest@7dc19a70]" started-at="2023-01-29T21:09:47 IST" name="beforeClassOfA" finished-at="2023-01-29T21:09:48 IST" duration-ms="604" status="FAIL">
          <exception class="org.openqa.selenium.SessionNotCreatedException">
            <message>
              <![CDATA[session not created: This version of ChromeDriver only supports Chrome version 100
Current browser version is 109.0.5414.120 with binary path C:\Program Files\Google\Chrome\Application\chrome.exe
Build info: version: '3.141.59', revision: 'e82be7d358', time: '2018-11-14T08:17:03'
System info: host: 'LAPTOP-OVD06K6F', ip: '192.168.43.93', os.name: 'Windows 11', os.arch: 'amd64', os.version: '10.0', java.version: '17.0.3'
Driver info: driver.version: ChromeDriver
remote stacktrace: Backtrace:
Ordinal0 [0x00927413+2389011]
Ordinal0 [0x008B9F61+1941345]
Ordinal0 [0x007AC658+837208]
Ordinal0 [0x007CC773+968563]
Ordinal0 [0x007C837A+951162]
Ordinal0 [0x007C5C51+941137]
Ordinal0 [0x007F8C80+1150080]
Ordinal0 [0x007F88DA+1149146]
Ordinal0 [0x007F3F66+1130342]
Ordinal0 [0x007CE546+976198]
Ordinal0 [0x007CF456+980054]
GetHandleVerifier [0x00AD9632+1727522]
GetHandleVerifier [0x00B8BA4D+2457661]
GetHandleVerifier [0x009BEB81+569713]
GetHandleVerifier [0x009BDD76+566118]
Ordinal0 [0x008C0B2B+1968939]
Ordinal0 [0x008C5988+1989000]
Ordinal0 [0x008C5A75+1989237]
Ordinal0 [0x008CECB1+2026673]
BaseThreadInitThunk [0x76FF6BD9+25]
RtlGetFullPathName_UEx [0x77558FD2+1218]
RtlGetFullPathName_UEx [0x77558F9D+1165]
]]>
            </message>
            <full-stacktrace>
              <![CDATA[org.openqa.selenium.SessionNotCreatedException: session not created: This version of ChromeDriver only supports Chrome version 100
Current browser version is 109.0.5414.120 with binary path C:\Program Files\Google\Chrome\Application\chrome.exe
Build info: version: '3.141.59', revision: 'e82be7d358', time: '2018-11-14T08:17:03'
System info: host: 'LAPTOP-OVD06K6F', ip: '192.168.43.93', os.name: 'Windows 11', os.arch: 'amd64', os.version: '10.0', java.version: '17.0.3'
Driver info: driver.version: ChromeDriver
remote stacktrace: Backtrace:
Ordinal0 [0x00927413+2389011]
Ordinal0 [0x008B9F61+1941345]
Ordinal0 [0x007AC658+837208]
Ordinal0 [0x007CC773+968563]
Ordinal0 [0x007C837A+951162]
Ordinal0 [0x007C5C51+941137]
Ordinal0 [0x007F8C80+1150080]
Ordinal0 [0x007F88DA+1149146]
Ordinal0 [0x007F3F66+1130342]
Ordinal0 [0x007CE546+976198]
Ordinal0 [0x007CF456+980054]
GetHandleVerifier [0x00AD9632+1727522]
GetHandleVerifier [0x00B8BA4D+2457661]
GetHandleVerifier [0x009BEB81+569713]
GetHandleVerifier [0x009BDD76+566118]
Ordinal0 [0x008C0B2B+1968939]
Ordinal0 [0x008C5988+1989000]
Ordinal0 [0x008C5A75+1989237]
Ordinal0 [0x008CECB1+2026673]
BaseThreadInitThunk [0x76FF6BD9+25]
RtlGetFullPathName_UEx [0x77558FD2+1218]
RtlGetFullPathName_UEx [0x77558F9D+1165]

at java.base/jdk.internal.reflect.NativeConstructorAccessorImpl.newInstance0(Native Method)
at java.base/jdk.internal.reflect.NativeConstructorAccessorImpl.newInstance(NativeConstructorAccessorImpl.java:77)
at java.base/jdk.internal.reflect.DelegatingConstructorAccessorImpl.newInstance(DelegatingConstructorAccessorImpl.java:45)
at java.base/java.lang.reflect.Constructor.newInstanceWithCaller(Constructor.java:499)
at java.base/java.lang.reflect.Constructor.newInstance(Constructor.java:480)
at org.openqa.selenium.remote.W3CHandshakeResponse.lambda$errorHandler$0(W3CHandshakeResponse.java:62)
at org.openqa.selenium.remote.HandshakeResponse.lambda$getResponseFunction$0(HandshakeResponse.java:30)
at org.openqa.selenium.remote.ProtocolHandshake.lambda$createSession$0(ProtocolHandshake.java:126)
at java.base/java.util.stream.ReferencePipeline$3$1.accept(ReferencePipeline.java:197)
at java.base/java.util.Spliterators$ArraySpliterator.tryAdvance(Spliterators.java:1002)
at java.base/java.util.stream.ReferencePipeline.forEachWithCancel(ReferencePipeline.java:129)
at java.base/java.util.stream.AbstractPipeline.copyIntoWithCancel(AbstractPipeline.java:527)
at java.base/java.util.stream.AbstractPipeline.copyInto(AbstractPipeline.java:513)
at java.base/java.util.stream.AbstractPipeline.wrapAndCopyInto(AbstractPipeline.java:499)
at java.base/java.util.stream.FindOps$FindOp.evaluateSequential(FindOps.java:150)
at java.base/java.util.stream.AbstractPipeline.evaluate(AbstractPipeline.java:234)
at java.base/java.util.stream.ReferencePipeline.findFirst(ReferencePipeline.java:647)
at org.openqa.selenium.remote.ProtocolHandshake.createSession(ProtocolHandshake.java:128)
at org.openqa.selenium.remote.ProtocolHandshake.createSession(ProtocolHandshake.java:74)
at org.openqa.selenium.remote.HttpCommandExecutor.execute(HttpCommandExecutor.java:136)
at org.openqa.selenium.remote.service.DriverCommandExecutor.execute(DriverCommandExecutor.java:83)
at org.openqa.selenium.remote.RemoteWebDriver.execute(RemoteWebDriver.java:552)
at org.openqa.selenium.remote.RemoteWebDriver.startSession(RemoteWebDriver.java:213)
at org.openqa.selenium.remote.RemoteWebDriver.<init>(RemoteWebDriver.java:131)
at org.openqa.selenium.chrome.ChromeDriver.<init>(ChromeDriver.java:181)
at org.openqa.selenium.chrome.ChromeDriver.<init>(ChromeDriver.java:168)
at org.openqa.selenium.chrome.ChromeDriver.<init>(ChromeDriver.java:157)
at com.uiFramework.KTCTC.helper.browserConfiguration.ChromeBrowser.getChromeDriver(ChromeBrowser.java:49)
at com.uiFramework.KTCTC.helper.browserConfiguration.ChromeBrowser.getBrowserInstance(ChromeBrowser.java:60)
at com.uiFramework.KTCTC.testbase.TestBase.beforeClassOfA(TestBase.java:46)
at java.base/jdk.internal.reflect.NativeMethodAccessorImpl.invoke0(Native Method)
at java.base/jdk.internal.reflect.NativeMethodAccessorImpl.invoke(NativeMethodAccessorImpl.java:77)
at java.base/jdk.internal.reflect.DelegatingMethodAccessorImpl.invoke(DelegatingMethodAccessorImpl.java:43)
at java.base/java.lang.reflect.Method.invoke(Method.java:568)
at org.testng.internal.MethodInvocationHelper.invokeMethod(MethodInvocationHelper.java:133)
at org.testng.internal.MethodInvocationHelper.invokeMethodConsideringTimeout(MethodInvocationHelper.java:62)
at org.testng.internal.ConfigInvoker.invokeConfigurationMethod(ConfigInvoker.java:385)
at org.testng.internal.ConfigInvoker.invokeConfigurations(ConfigInvoker.java:321)
at org.testng.internal.TestMethodWorker.invokeBeforeClassMethods(TestMethodWorker.java:176)
at org.testng.internal.TestMethodWorker.run(TestMethodWorker.java:122)
at java.base/java.util.ArrayList.forEach(ArrayList.java:1511)
at org.testng.TestRunner.privateRun(TestRunner.java:794)
at org.testng.TestRunner.run(TestRunner.java:596)
at org.testng.SuiteRunner.runTest(SuiteRunner.java:377)
at org.testng.SuiteRunner.runSequentially(SuiteRunner.java:371)
at org.testng.SuiteRunner.privateRun(SuiteRunner.java:332)
at org.testng.SuiteRunner.run(SuiteRunner.java:276)
at org.testng.SuiteRunnerWorker.runSuite(SuiteRunnerWorker.java:53)
at org.testng.SuiteRunnerWorker.run(SuiteRunnerWorker.java:96)
at org.testng.TestNG.runSuitesSequentially(TestNG.java:1212)
at org.testng.TestNG.runSuitesLocally(TestNG.java:1134)
at org.testng.TestNG.runSuites(TestNG.java:1063)
at org.testng.TestNG.run(TestNG.java:1031)
at org.testng.remote.AbstractRemoteTestNG.run(AbstractRemoteTestNG.java:115)
at org.testng.remote.RemoteTestNG.initAndRun(RemoteTestNG.java:251)
at org.testng.remote.RemoteTestNG.main(RemoteTestNG.java:77)
]]>
            </full-stacktrace>
          </exception> <!-- org.openqa.selenium.SessionNotCreatedException -->
          <reporter-output>
          </reporter-output>
        </test-method> <!-- beforeClassOfA -->
        <test-method is-config="true" signature="beforeMethod(java.lang.reflect.Method)[pri:0, instance:KTCTC.regression.WebTablesTest@7dc19a70]" started-at="2023-01-29T21:09:48 IST" name="beforeMethod" finished-at="1970-01-01T05:30:00 IST" duration-ms="-1675006788069" status="SKIP">
          <reporter-output>
          </reporter-output>
        </test-method> <!-- beforeMethod -->
        <test-method signature="verifyUserCanNavigateToWebTablePage()[pri:1, instance:KTCTC.regression.WebTablesTest@7dc19a70]" started-at="2023-01-29T21:09:48 IST" name="verifyUserCanNavigateToWebTablePage" finished-at="2023-01-29T21:09:48 IST" duration-ms="0" status="SKIP">
          <exception class="org.openqa.selenium.SessionNotCreatedException">
            <message>
              <![CDATA[session not created: This version of ChromeDriver only supports Chrome version 100
Current browser version is 109.0.5414.120 with binary path C:\Program Files\Google\Chrome\Application\chrome.exe
Build info: version: '3.141.59', revision: 'e82be7d358', time: '2018-11-14T08:17:03'
System info: host: 'LAPTOP-OVD06K6F', ip: '192.168.43.93', os.name: 'Windows 11', os.arch: 'amd64', os.version: '10.0', java.version: '17.0.3'
Driver info: driver.version: ChromeDriver
remote stacktrace: Backtrace:
Ordinal0 [0x00927413+2389011]
Ordinal0 [0x008B9F61+1941345]
Ordinal0 [0x007AC658+837208]
Ordinal0 [0x007CC773+968563]
Ordinal0 [0x007C837A+951162]
Ordinal0 [0x007C5C51+941137]
Ordinal0 [0x007F8C80+1150080]
Ordinal0 [0x007F88DA+1149146]
Ordinal0 [0x007F3F66+1130342]
Ordinal0 [0x007CE546+976198]
Ordinal0 [0x007CF456+980054]
GetHandleVerifier [0x00AD9632+1727522]
GetHandleVerifier [0x00B8BA4D+2457661]
GetHandleVerifier [0x009BEB81+569713]
GetHandleVerifier [0x009BDD76+566118]
Ordinal0 [0x008C0B2B+1968939]
Ordinal0 [0x008C5988+1989000]
Ordinal0 [0x008C5A75+1989237]
Ordinal0 [0x008CECB1+2026673]
BaseThreadInitThunk [0x76FF6BD9+25]
RtlGetFullPathName_UEx [0x77558FD2+1218]
RtlGetFullPathName_UEx [0x77558F9D+1165]
]]>
            </message>
            <full-stacktrace>
              <![CDATA[org.openqa.selenium.SessionNotCreatedException: session not created: This version of ChromeDriver only supports Chrome version 100
Current browser version is 109.0.5414.120 with binary path C:\Program Files\Google\Chrome\Application\chrome.exe
Build info: version: '3.141.59', revision: 'e82be7d358', time: '2018-11-14T08:17:03'
System info: host: 'LAPTOP-OVD06K6F', ip: '192.168.43.93', os.name: 'Windows 11', os.arch: 'amd64', os.version: '10.0', java.version: '17.0.3'
Driver info: driver.version: ChromeDriver
remote stacktrace: Backtrace:
Ordinal0 [0x00927413+2389011]
Ordinal0 [0x008B9F61+1941345]
Ordinal0 [0x007AC658+837208]
Ordinal0 [0x007CC773+968563]
Ordinal0 [0x007C837A+951162]
Ordinal0 [0x007C5C51+941137]
Ordinal0 [0x007F8C80+1150080]
Ordinal0 [0x007F88DA+1149146]
Ordinal0 [0x007F3F66+1130342]
Ordinal0 [0x007CE546+976198]
Ordinal0 [0x007CF456+980054]
GetHandleVerifier [0x00AD9632+1727522]
GetHandleVerifier [0x00B8BA4D+2457661]
GetHandleVerifier [0x009BEB81+569713]
GetHandleVerifier [0x009BDD76+566118]
Ordinal0 [0x008C0B2B+1968939]
Ordinal0 [0x008C5988+1989000]
Ordinal0 [0x008C5A75+1989237]
Ordinal0 [0x008CECB1+2026673]
BaseThreadInitThunk [0x76FF6BD9+25]
RtlGetFullPathName_UEx [0x77558FD2+1218]
RtlGetFullPathName_UEx [0x77558F9D+1165]

at java.base/jdk.internal.reflect.NativeConstructorAccessorImpl.newInstance0(Native Method)
at java.base/jdk.internal.reflect.NativeConstructorAccessorImpl.newInstance(NativeConstructorAccessorImpl.java:77)
at java.base/jdk.internal.reflect.DelegatingConstructorAccessorImpl.newInstance(DelegatingConstructorAccessorImpl.java:45)
at java.base/java.lang.reflect.Constructor.newInstanceWithCaller(Constructor.java:499)
at java.base/java.lang.reflect.Constructor.newInstance(Constructor.java:480)
at org.openqa.selenium.remote.W3CHandshakeResponse.lambda$errorHandler$0(W3CHandshakeResponse.java:62)
at org.openqa.selenium.remote.HandshakeResponse.lambda$getResponseFunction$0(HandshakeResponse.java:30)
at org.openqa.selenium.remote.ProtocolHandshake.lambda$createSession$0(ProtocolHandshake.java:126)
at java.base/java.util.stream.ReferencePipeline$3$1.accept(ReferencePipeline.java:197)
at java.base/java.util.Spliterators$ArraySpliterator.tryAdvance(Spliterators.java:1002)
at java.base/java.util.stream.ReferencePipeline.forEachWithCancel(ReferencePipeline.java:129)
at java.base/java.util.stream.AbstractPipeline.copyIntoWithCancel(AbstractPipeline.java:527)
at java.base/java.util.stream.AbstractPipeline.copyInto(AbstractPipeline.java:513)
at java.base/java.util.stream.AbstractPipeline.wrapAndCopyInto(AbstractPipeline.java:499)
at java.base/java.util.stream.FindOps$FindOp.evaluateSequential(FindOps.java:150)
at java.base/java.util.stream.AbstractPipeline.evaluate(AbstractPipeline.java:234)
at java.base/java.util.stream.ReferencePipeline.findFirst(ReferencePipeline.java:647)
at org.openqa.selenium.remote.ProtocolHandshake.createSession(ProtocolHandshake.java:128)
at org.openqa.selenium.remote.ProtocolHandshake.createSession(ProtocolHandshake.java:74)
at org.openqa.selenium.remote.HttpCommandExecutor.execute(HttpCommandExecutor.java:136)
at org.openqa.selenium.remote.service.DriverCommandExecutor.execute(DriverCommandExecutor.java:83)
at org.openqa.selenium.remote.RemoteWebDriver.execute(RemoteWebDriver.java:552)
at org.openqa.selenium.remote.RemoteWebDriver.startSession(RemoteWebDriver.java:213)
at org.openqa.selenium.remote.RemoteWebDriver.<init>(RemoteWebDriver.java:131)
at org.openqa.selenium.chrome.ChromeDriver.<init>(ChromeDriver.java:181)
at org.openqa.selenium.chrome.ChromeDriver.<init>(ChromeDriver.java:168)
at org.openqa.selenium.chrome.ChromeDriver.<init>(ChromeDriver.java:157)
at com.uiFramework.KTCTC.helper.browserConfiguration.ChromeBrowser.getChromeDriver(ChromeBrowser.java:49)
at com.uiFramework.KTCTC.helper.browserConfiguration.ChromeBrowser.getBrowserInstance(ChromeBrowser.java:60)
at com.uiFramework.KTCTC.testbase.TestBase.beforeClassOfA(TestBase.java:46)
at java.base/jdk.internal.reflect.NativeMethodAccessorImpl.invoke0(Native Method)
at java.base/jdk.internal.reflect.NativeMethodAccessorImpl.invoke(NativeMethodAccessorImpl.java:77)
at java.base/jdk.internal.reflect.DelegatingMethodAccessorImpl.invoke(DelegatingMethodAccessorImpl.java:43)
at java.base/java.lang.reflect.Method.invoke(Method.java:568)
at org.testng.internal.MethodInvocationHelper.invokeMethod(MethodInvocationHelper.java:133)
at org.testng.internal.MethodInvocationHelper.invokeMethodConsideringTimeout(MethodInvocationHelper.java:62)
at org.testng.internal.ConfigInvoker.invokeConfigurationMethod(ConfigInvoker.java:385)
at org.testng.internal.ConfigInvoker.invokeConfigurations(ConfigInvoker.java:321)
at org.testng.internal.TestMethodWorker.invokeBeforeClassMethods(TestMethodWorker.java:176)
at org.testng.internal.TestMethodWorker.run(TestMethodWorker.java:122)
at java.base/java.util.ArrayList.forEach(ArrayList.java:1511)
at org.testng.TestRunner.privateRun(TestRunner.java:794)
at org.testng.TestRunner.run(TestRunner.java:596)
at org.testng.SuiteRunner.runTest(SuiteRunner.java:377)
at org.testng.SuiteRunner.runSequentially(SuiteRunner.java:371)
at org.testng.SuiteRunner.privateRun(SuiteRunner.java:332)
at org.testng.SuiteRunner.run(SuiteRunner.java:276)
at org.testng.SuiteRunnerWorker.runSuite(SuiteRunnerWorker.java:53)
at org.testng.SuiteRunnerWorker.run(SuiteRunnerWorker.java:96)
at org.testng.TestNG.runSuitesSequentially(TestNG.java:1212)
at org.testng.TestNG.runSuitesLocally(TestNG.java:1134)
at org.testng.TestNG.runSuites(TestNG.java:1063)
at org.testng.TestNG.run(TestNG.java:1031)
at org.testng.remote.AbstractRemoteTestNG.run(AbstractRemoteTestNG.java:115)
at org.testng.remote.RemoteTestNG.initAndRun(RemoteTestNG.java:251)
at org.testng.remote.RemoteTestNG.main(RemoteTestNG.java:77)
]]>
            </full-stacktrace>
          </exception> <!-- org.openqa.selenium.SessionNotCreatedException -->
          <reporter-output>
          </reporter-output>
        </test-method> <!-- verifyUserCanNavigateToWebTablePage -->
        <test-method is-config="true" signature="afterMethod(org.testng.ITestResult)[pri:0, instance:KTCTC.regression.WebTablesTest@7dc19a70]" started-at="2023-01-29T21:09:48 IST" name="afterMethod" finished-at="1970-01-01T05:30:00 IST" duration-ms="-1675006788073" status="SKIP">
          <reporter-output>
          </reporter-output>
        </test-method> <!-- afterMethod -->
        <test-method is-config="true" signature="beforeMethod(java.lang.reflect.Method)[pri:0, instance:KTCTC.regression.WebTablesTest@7dc19a70]" started-at="2023-01-29T21:09:48 IST" name="beforeMethod" finished-at="1970-01-01T05:30:00 IST" duration-ms="-1675006788074" status="SKIP">
          <reporter-output>
          </reporter-output>
        </test-method> <!-- beforeMethod -->
        <test-method signature="verifyNewUserCanBeAddedOnWebTablePage()[pri:2, instance:KTCTC.regression.WebTablesTest@7dc19a70]" started-at="2023-01-29T21:09:48 IST" name="verifyNewUserCanBeAddedOnWebTablePage" finished-at="2023-01-29T21:09:48 IST" duration-ms="0" status="SKIP">
          <exception class="org.openqa.selenium.SessionNotCreatedException">
            <message>
              <![CDATA[session not created: This version of ChromeDriver only supports Chrome version 100
Current browser version is 109.0.5414.120 with binary path C:\Program Files\Google\Chrome\Application\chrome.exe
Build info: version: '3.141.59', revision: 'e82be7d358', time: '2018-11-14T08:17:03'
System info: host: 'LAPTOP-OVD06K6F', ip: '192.168.43.93', os.name: 'Windows 11', os.arch: 'amd64', os.version: '10.0', java.version: '17.0.3'
Driver info: driver.version: ChromeDriver
remote stacktrace: Backtrace:
Ordinal0 [0x00927413+2389011]
Ordinal0 [0x008B9F61+1941345]
Ordinal0 [0x007AC658+837208]
Ordinal0 [0x007CC773+968563]
Ordinal0 [0x007C837A+951162]
Ordinal0 [0x007C5C51+941137]
Ordinal0 [0x007F8C80+1150080]
Ordinal0 [0x007F88DA+1149146]
Ordinal0 [0x007F3F66+1130342]
Ordinal0 [0x007CE546+976198]
Ordinal0 [0x007CF456+980054]
GetHandleVerifier [0x00AD9632+1727522]
GetHandleVerifier [0x00B8BA4D+2457661]
GetHandleVerifier [0x009BEB81+569713]
GetHandleVerifier [0x009BDD76+566118]
Ordinal0 [0x008C0B2B+1968939]
Ordinal0 [0x008C5988+1989000]
Ordinal0 [0x008C5A75+1989237]
Ordinal0 [0x008CECB1+2026673]
BaseThreadInitThunk [0x76FF6BD9+25]
RtlGetFullPathName_UEx [0x77558FD2+1218]
RtlGetFullPathName_UEx [0x77558F9D+1165]
]]>
            </message>
            <full-stacktrace>
              <![CDATA[org.openqa.selenium.SessionNotCreatedException: session not created: This version of ChromeDriver only supports Chrome version 100
Current browser version is 109.0.5414.120 with binary path C:\Program Files\Google\Chrome\Application\chrome.exe
Build info: version: '3.141.59', revision: 'e82be7d358', time: '2018-11-14T08:17:03'
System info: host: 'LAPTOP-OVD06K6F', ip: '192.168.43.93', os.name: 'Windows 11', os.arch: 'amd64', os.version: '10.0', java.version: '17.0.3'
Driver info: driver.version: ChromeDriver
remote stacktrace: Backtrace:
Ordinal0 [0x00927413+2389011]
Ordinal0 [0x008B9F61+1941345]
Ordinal0 [0x007AC658+837208]
Ordinal0 [0x007CC773+968563]
Ordinal0 [0x007C837A+951162]
Ordinal0 [0x007C5C51+941137]
Ordinal0 [0x007F8C80+1150080]
Ordinal0 [0x007F88DA+1149146]
Ordinal0 [0x007F3F66+1130342]
Ordinal0 [0x007CE546+976198]
Ordinal0 [0x007CF456+980054]
GetHandleVerifier [0x00AD9632+1727522]
GetHandleVerifier [0x00B8BA4D+2457661]
GetHandleVerifier [0x009BEB81+569713]
GetHandleVerifier [0x009BDD76+566118]
Ordinal0 [0x008C0B2B+1968939]
Ordinal0 [0x008C5988+1989000]
Ordinal0 [0x008C5A75+1989237]
Ordinal0 [0x008CECB1+2026673]
BaseThreadInitThunk [0x76FF6BD9+25]
RtlGetFullPathName_UEx [0x77558FD2+1218]
RtlGetFullPathName_UEx [0x77558F9D+1165]

at java.base/jdk.internal.reflect.NativeConstructorAccessorImpl.newInstance0(Native Method)
at java.base/jdk.internal.reflect.NativeConstructorAccessorImpl.newInstance(NativeConstructorAccessorImpl.java:77)
at java.base/jdk.internal.reflect.DelegatingConstructorAccessorImpl.newInstance(DelegatingConstructorAccessorImpl.java:45)
at java.base/java.lang.reflect.Constructor.newInstanceWithCaller(Constructor.java:499)
at java.base/java.lang.reflect.Constructor.newInstance(Constructor.java:480)
at org.openqa.selenium.remote.W3CHandshakeResponse.lambda$errorHandler$0(W3CHandshakeResponse.java:62)
at org.openqa.selenium.remote.HandshakeResponse.lambda$getResponseFunction$0(HandshakeResponse.java:30)
at org.openqa.selenium.remote.ProtocolHandshake.lambda$createSession$0(ProtocolHandshake.java:126)
at java.base/java.util.stream.ReferencePipeline$3$1.accept(ReferencePipeline.java:197)
at java.base/java.util.Spliterators$ArraySpliterator.tryAdvance(Spliterators.java:1002)
at java.base/java.util.stream.ReferencePipeline.forEachWithCancel(ReferencePipeline.java:129)
at java.base/java.util.stream.AbstractPipeline.copyIntoWithCancel(AbstractPipeline.java:527)
at java.base/java.util.stream.AbstractPipeline.copyInto(AbstractPipeline.java:513)
at java.base/java.util.stream.AbstractPipeline.wrapAndCopyInto(AbstractPipeline.java:499)
at java.base/java.util.stream.FindOps$FindOp.evaluateSequential(FindOps.java:150)
at java.base/java.util.stream.AbstractPipeline.evaluate(AbstractPipeline.java:234)
at java.base/java.util.stream.ReferencePipeline.findFirst(ReferencePipeline.java:647)
at org.openqa.selenium.remote.ProtocolHandshake.createSession(ProtocolHandshake.java:128)
at org.openqa.selenium.remote.ProtocolHandshake.createSession(ProtocolHandshake.java:74)
at org.openqa.selenium.remote.HttpCommandExecutor.execute(HttpCommandExecutor.java:136)
at org.openqa.selenium.remote.service.DriverCommandExecutor.execute(DriverCommandExecutor.java:83)
at org.openqa.selenium.remote.RemoteWebDriver.execute(RemoteWebDriver.java:552)
at org.openqa.selenium.remote.RemoteWebDriver.startSession(RemoteWebDriver.java:213)
at org.openqa.selenium.remote.RemoteWebDriver.<init>(RemoteWebDriver.java:131)
at org.openqa.selenium.chrome.ChromeDriver.<init>(ChromeDriver.java:181)
at org.openqa.selenium.chrome.ChromeDriver.<init>(ChromeDriver.java:168)
at org.openqa.selenium.chrome.ChromeDriver.<init>(ChromeDriver.java:157)
at com.uiFramework.KTCTC.helper.browserConfiguration.ChromeBrowser.getChromeDriver(ChromeBrowser.java:49)
at com.uiFramework.KTCTC.helper.browserConfiguration.ChromeBrowser.getBrowserInstance(ChromeBrowser.java:60)
at com.uiFramework.KTCTC.testbase.TestBase.beforeClassOfA(TestBase.java:46)
at java.base/jdk.internal.reflect.NativeMethodAccessorImpl.invoke0(Native Method)
at java.base/jdk.internal.reflect.NativeMethodAccessorImpl.invoke(NativeMethodAccessorImpl.java:77)
at java.base/jdk.internal.reflect.DelegatingMethodAccessorImpl.invoke(DelegatingMethodAccessorImpl.java:43)
at java.base/java.lang.reflect.Method.invoke(Method.java:568)
at org.testng.internal.MethodInvocationHelper.invokeMethod(MethodInvocationHelper.java:133)
at org.testng.internal.MethodInvocationHelper.invokeMethodConsideringTimeout(MethodInvocationHelper.java:62)
at org.testng.internal.ConfigInvoker.invokeConfigurationMethod(ConfigInvoker.java:385)
at org.testng.internal.ConfigInvoker.invokeConfigurations(ConfigInvoker.java:321)
at org.testng.internal.TestMethodWorker.invokeBeforeClassMethods(TestMethodWorker.java:176)
at org.testng.internal.TestMethodWorker.run(TestMethodWorker.java:122)
at java.base/java.util.ArrayList.forEach(ArrayList.java:1511)
at org.testng.TestRunner.privateRun(TestRunner.java:794)
at org.testng.TestRunner.run(TestRunner.java:596)
at org.testng.SuiteRunner.runTest(SuiteRunner.java:377)
at org.testng.SuiteRunner.runSequentially(SuiteRunner.java:371)
at org.testng.SuiteRunner.privateRun(SuiteRunner.java:332)
at org.testng.SuiteRunner.run(SuiteRunner.java:276)
at org.testng.SuiteRunnerWorker.runSuite(SuiteRunnerWorker.java:53)
at org.testng.SuiteRunnerWorker.run(SuiteRunnerWorker.java:96)
at org.testng.TestNG.runSuitesSequentially(TestNG.java:1212)
at org.testng.TestNG.runSuitesLocally(TestNG.java:1134)
at org.testng.TestNG.runSuites(TestNG.java:1063)
at org.testng.TestNG.run(TestNG.java:1031)
at org.testng.remote.AbstractRemoteTestNG.run(AbstractRemoteTestNG.java:115)
at org.testng.remote.RemoteTestNG.initAndRun(RemoteTestNG.java:251)
at org.testng.remote.RemoteTestNG.main(RemoteTestNG.java:77)
]]>
            </full-stacktrace>
          </exception> <!-- org.openqa.selenium.SessionNotCreatedException -->
          <reporter-output>
          </reporter-output>
        </test-method> <!-- verifyNewUserCanBeAddedOnWebTablePage -->
        <test-method is-config="true" signature="afterMethod(org.testng.ITestResult)[pri:0, instance:KTCTC.regression.WebTablesTest@7dc19a70]" started-at="2023-01-29T21:09:48 IST" name="afterMethod" finished-at="1970-01-01T05:30:00 IST" duration-ms="-1675006788076" status="SKIP">
          <reporter-output>
          </reporter-output>
        </test-method> <!-- afterMethod -->
        <test-method signature="verifyAllDetailsOfNewlyAddedUser()[pri:3, instance:KTCTC.regression.WebTablesTest@7dc19a70]" started-at="2023-01-29T21:09:48 IST" name="verifyAllDetailsOfNewlyAddedUser" finished-at="2023-01-29T21:09:48 IST" duration-ms="0" status="SKIP">
          <exception class="org.openqa.selenium.SessionNotCreatedException">
            <message>
              <![CDATA[session not created: This version of ChromeDriver only supports Chrome version 100
Current browser version is 109.0.5414.120 with binary path C:\Program Files\Google\Chrome\Application\chrome.exe
Build info: version: '3.141.59', revision: 'e82be7d358', time: '2018-11-14T08:17:03'
System info: host: 'LAPTOP-OVD06K6F', ip: '192.168.43.93', os.name: 'Windows 11', os.arch: 'amd64', os.version: '10.0', java.version: '17.0.3'
Driver info: driver.version: ChromeDriver
remote stacktrace: Backtrace:
Ordinal0 [0x00927413+2389011]
Ordinal0 [0x008B9F61+1941345]
Ordinal0 [0x007AC658+837208]
Ordinal0 [0x007CC773+968563]
Ordinal0 [0x007C837A+951162]
Ordinal0 [0x007C5C51+941137]
Ordinal0 [0x007F8C80+1150080]
Ordinal0 [0x007F88DA+1149146]
Ordinal0 [0x007F3F66+1130342]
Ordinal0 [0x007CE546+976198]
Ordinal0 [0x007CF456+980054]
GetHandleVerifier [0x00AD9632+1727522]
GetHandleVerifier [0x00B8BA4D+2457661]
GetHandleVerifier [0x009BEB81+569713]
GetHandleVerifier [0x009BDD76+566118]
Ordinal0 [0x008C0B2B+1968939]
Ordinal0 [0x008C5988+1989000]
Ordinal0 [0x008C5A75+1989237]
Ordinal0 [0x008CECB1+2026673]
BaseThreadInitThunk [0x76FF6BD9+25]
RtlGetFullPathName_UEx [0x77558FD2+1218]
RtlGetFullPathName_UEx [0x77558F9D+1165]
]]>
            </message>
            <full-stacktrace>
              <![CDATA[org.openqa.selenium.SessionNotCreatedException: session not created: This version of ChromeDriver only supports Chrome version 100
Current browser version is 109.0.5414.120 with binary path C:\Program Files\Google\Chrome\Application\chrome.exe
Build info: version: '3.141.59', revision: 'e82be7d358', time: '2018-11-14T08:17:03'
System info: host: 'LAPTOP-OVD06K6F', ip: '192.168.43.93', os.name: 'Windows 11', os.arch: 'amd64', os.version: '10.0', java.version: '17.0.3'
Driver info: driver.version: ChromeDriver
remote stacktrace: Backtrace:
Ordinal0 [0x00927413+2389011]
Ordinal0 [0x008B9F61+1941345]
Ordinal0 [0x007AC658+837208]
Ordinal0 [0x007CC773+968563]
Ordinal0 [0x007C837A+951162]
Ordinal0 [0x007C5C51+941137]
Ordinal0 [0x007F8C80+1150080]
Ordinal0 [0x007F88DA+1149146]
Ordinal0 [0x007F3F66+1130342]
Ordinal0 [0x007CE546+976198]
Ordinal0 [0x007CF456+980054]
GetHandleVerifier [0x00AD9632+1727522]
GetHandleVerifier [0x00B8BA4D+2457661]
GetHandleVerifier [0x009BEB81+569713]
GetHandleVerifier [0x009BDD76+566118]
Ordinal0 [0x008C0B2B+1968939]
Ordinal0 [0x008C5988+1989000]
Ordinal0 [0x008C5A75+1989237]
Ordinal0 [0x008CECB1+2026673]
BaseThreadInitThunk [0x76FF6BD9+25]
RtlGetFullPathName_UEx [0x77558FD2+1218]
RtlGetFullPathName_UEx [0x77558F9D+1165]

at java.base/jdk.internal.reflect.NativeConstructorAccessorImpl.newInstance0(Native Method)
at java.base/jdk.internal.reflect.NativeConstructorAccessorImpl.newInstance(NativeConstructorAccessorImpl.java:77)
at java.base/jdk.internal.reflect.DelegatingConstructorAccessorImpl.newInstance(DelegatingConstructorAccessorImpl.java:45)
at java.base/java.lang.reflect.Constructor.newInstanceWithCaller(Constructor.java:499)
at java.base/java.lang.reflect.Constructor.newInstance(Constructor.java:480)
at org.openqa.selenium.remote.W3CHandshakeResponse.lambda$errorHandler$0(W3CHandshakeResponse.java:62)
at org.openqa.selenium.remote.HandshakeResponse.lambda$getResponseFunction$0(HandshakeResponse.java:30)
at org.openqa.selenium.remote.ProtocolHandshake.lambda$createSession$0(ProtocolHandshake.java:126)
at java.base/java.util.stream.ReferencePipeline$3$1.accept(ReferencePipeline.java:197)
at java.base/java.util.Spliterators$ArraySpliterator.tryAdvance(Spliterators.java:1002)
at java.base/java.util.stream.ReferencePipeline.forEachWithCancel(ReferencePipeline.java:129)
at java.base/java.util.stream.AbstractPipeline.copyIntoWithCancel(AbstractPipeline.java:527)
at java.base/java.util.stream.AbstractPipeline.copyInto(AbstractPipeline.java:513)
at java.base/java.util.stream.AbstractPipeline.wrapAndCopyInto(AbstractPipeline.java:499)
at java.base/java.util.stream.FindOps$FindOp.evaluateSequential(FindOps.java:150)
at java.base/java.util.stream.AbstractPipeline.evaluate(AbstractPipeline.java:234)
at java.base/java.util.stream.ReferencePipeline.findFirst(ReferencePipeline.java:647)
at org.openqa.selenium.remote.ProtocolHandshake.createSession(ProtocolHandshake.java:128)
at org.openqa.selenium.remote.ProtocolHandshake.createSession(ProtocolHandshake.java:74)
at org.openqa.selenium.remote.HttpCommandExecutor.execute(HttpCommandExecutor.java:136)
at org.openqa.selenium.remote.service.DriverCommandExecutor.execute(DriverCommandExecutor.java:83)
at org.openqa.selenium.remote.RemoteWebDriver.execute(RemoteWebDriver.java:552)
at org.openqa.selenium.remote.RemoteWebDriver.startSession(RemoteWebDriver.java:213)
at org.openqa.selenium.remote.RemoteWebDriver.<init>(RemoteWebDriver.java:131)
at org.openqa.selenium.chrome.ChromeDriver.<init>(ChromeDriver.java:181)
at org.openqa.selenium.chrome.ChromeDriver.<init>(ChromeDriver.java:168)
at org.openqa.selenium.chrome.ChromeDriver.<init>(ChromeDriver.java:157)
at com.uiFramework.KTCTC.helper.browserConfiguration.ChromeBrowser.getChromeDriver(ChromeBrowser.java:49)
at com.uiFramework.KTCTC.helper.browserConfiguration.ChromeBrowser.getBrowserInstance(ChromeBrowser.java:60)
at com.uiFramework.KTCTC.testbase.TestBase.beforeClassOfA(TestBase.java:46)
at java.base/jdk.internal.reflect.NativeMethodAccessorImpl.invoke0(Native Method)
at java.base/jdk.internal.reflect.NativeMethodAccessorImpl.invoke(NativeMethodAccessorImpl.java:77)
at java.base/jdk.internal.reflect.DelegatingMethodAccessorImpl.invoke(DelegatingMethodAccessorImpl.java:43)
at java.base/java.lang.reflect.Method.invoke(Method.java:568)
at org.testng.internal.MethodInvocationHelper.invokeMethod(MethodInvocationHelper.java:133)
at org.testng.internal.MethodInvocationHelper.invokeMethodConsideringTimeout(MethodInvocationHelper.java:62)
at org.testng.internal.ConfigInvoker.invokeConfigurationMethod(ConfigInvoker.java:385)
at org.testng.internal.ConfigInvoker.invokeConfigurations(ConfigInvoker.java:321)
at org.testng.internal.TestMethodWorker.invokeBeforeClassMethods(TestMethodWorker.java:176)
at org.testng.internal.TestMethodWorker.run(TestMethodWorker.java:122)
at java.base/java.util.ArrayList.forEach(ArrayList.java:1511)
at org.testng.TestRunner.privateRun(TestRunner.java:794)
at org.testng.TestRunner.run(TestRunner.java:596)
at org.testng.SuiteRunner.runTest(SuiteRunner.java:377)
at org.testng.SuiteRunner.runSequentially(SuiteRunner.java:371)
at org.testng.SuiteRunner.privateRun(SuiteRunner.java:332)
at org.testng.SuiteRunner.run(SuiteRunner.java:276)
at org.testng.SuiteRunnerWorker.runSuite(SuiteRunnerWorker.java:53)
at org.testng.SuiteRunnerWorker.run(SuiteRunnerWorker.java:96)
at org.testng.TestNG.runSuitesSequentially(TestNG.java:1212)
at org.testng.TestNG.runSuitesLocally(TestNG.java:1134)
at org.testng.TestNG.runSuites(TestNG.java:1063)
at org.testng.TestNG.run(TestNG.java:1031)
at org.testng.remote.AbstractRemoteTestNG.run(AbstractRemoteTestNG.java:115)
at org.testng.remote.RemoteTestNG.initAndRun(RemoteTestNG.java:251)
at org.testng.remote.RemoteTestNG.main(RemoteTestNG.java:77)
]]>
            </full-stacktrace>
          </exception> <!-- org.openqa.selenium.SessionNotCreatedException -->
          <reporter-output>
          </reporter-output>
        </test-method> <!-- verifyAllDetailsOfNewlyAddedUser -->
        <test-method is-config="true" signature="beforeMethod(java.lang.reflect.Method)[pri:0, instance:KTCTC.regression.WebTablesTest@7dc19a70]" started-at="2023-01-29T21:09:48 IST" name="beforeMethod" finished-at="1970-01-01T05:30:00 IST" duration-ms="-1675006788077" status="SKIP">
          <reporter-output>
          </reporter-output>
        </test-method> <!-- beforeMethod -->
        <test-method is-config="true" signature="afterMethod(org.testng.ITestResult)[pri:0, instance:KTCTC.regression.WebTablesTest@7dc19a70]" started-at="2023-01-29T21:09:48 IST" name="afterMethod" finished-at="1970-01-01T05:30:00 IST" duration-ms="-1675006788079" status="SKIP">
          <reporter-output>
          </reporter-output>
        </test-method> <!-- afterMethod -->
        <test-method is-config="true" signature="beforeMethod(java.lang.reflect.Method)[pri:0, instance:KTCTC.regression.WebTablesTest@7dc19a70]" started-at="2023-01-29T21:09:48 IST" name="beforeMethod" finished-at="1970-01-01T05:30:00 IST" duration-ms="-1675006788080" status="SKIP">
          <reporter-output>
          </reporter-output>
        </test-method> <!-- beforeMethod -->
        <test-method signature="verifyExistingUserCanBeEdited()[pri:4, instance:KTCTC.regression.WebTablesTest@7dc19a70]" started-at="2023-01-29T21:09:48 IST" name="verifyExistingUserCanBeEdited" finished-at="2023-01-29T21:09:48 IST" duration-ms="0" status="SKIP">
          <exception class="org.openqa.selenium.SessionNotCreatedException">
            <message>
              <![CDATA[session not created: This version of ChromeDriver only supports Chrome version 100
Current browser version is 109.0.5414.120 with binary path C:\Program Files\Google\Chrome\Application\chrome.exe
Build info: version: '3.141.59', revision: 'e82be7d358', time: '2018-11-14T08:17:03'
System info: host: 'LAPTOP-OVD06K6F', ip: '192.168.43.93', os.name: 'Windows 11', os.arch: 'amd64', os.version: '10.0', java.version: '17.0.3'
Driver info: driver.version: ChromeDriver
remote stacktrace: Backtrace:
Ordinal0 [0x00927413+2389011]
Ordinal0 [0x008B9F61+1941345]
Ordinal0 [0x007AC658+837208]
Ordinal0 [0x007CC773+968563]
Ordinal0 [0x007C837A+951162]
Ordinal0 [0x007C5C51+941137]
Ordinal0 [0x007F8C80+1150080]
Ordinal0 [0x007F88DA+1149146]
Ordinal0 [0x007F3F66+1130342]
Ordinal0 [0x007CE546+976198]
Ordinal0 [0x007CF456+980054]
GetHandleVerifier [0x00AD9632+1727522]
GetHandleVerifier [0x00B8BA4D+2457661]
GetHandleVerifier [0x009BEB81+569713]
GetHandleVerifier [0x009BDD76+566118]
Ordinal0 [0x008C0B2B+1968939]
Ordinal0 [0x008C5988+1989000]
Ordinal0 [0x008C5A75+1989237]
Ordinal0 [0x008CECB1+2026673]
BaseThreadInitThunk [0x76FF6BD9+25]
RtlGetFullPathName_UEx [0x77558FD2+1218]
RtlGetFullPathName_UEx [0x77558F9D+1165]
]]>
            </message>
            <full-stacktrace>
              <![CDATA[org.openqa.selenium.SessionNotCreatedException: session not created: This version of ChromeDriver only supports Chrome version 100
Current browser version is 109.0.5414.120 with binary path C:\Program Files\Google\Chrome\Application\chrome.exe
Build info: version: '3.141.59', revision: 'e82be7d358', time: '2018-11-14T08:17:03'
System info: host: 'LAPTOP-OVD06K6F', ip: '192.168.43.93', os.name: 'Windows 11', os.arch: 'amd64', os.version: '10.0', java.version: '17.0.3'
Driver info: driver.version: ChromeDriver
remote stacktrace: Backtrace:
Ordinal0 [0x00927413+2389011]
Ordinal0 [0x008B9F61+1941345]
Ordinal0 [0x007AC658+837208]
Ordinal0 [0x007CC773+968563]
Ordinal0 [0x007C837A+951162]
Ordinal0 [0x007C5C51+941137]
Ordinal0 [0x007F8C80+1150080]
Ordinal0 [0x007F88DA+1149146]
Ordinal0 [0x007F3F66+1130342]
Ordinal0 [0x007CE546+976198]
Ordinal0 [0x007CF456+980054]
GetHandleVerifier [0x00AD9632+1727522]
GetHandleVerifier [0x00B8BA4D+2457661]
GetHandleVerifier [0x009BEB81+569713]
GetHandleVerifier [0x009BDD76+566118]
Ordinal0 [0x008C0B2B+1968939]
Ordinal0 [0x008C5988+1989000]
Ordinal0 [0x008C5A75+1989237]
Ordinal0 [0x008CECB1+2026673]
BaseThreadInitThunk [0x76FF6BD9+25]
RtlGetFullPathName_UEx [0x77558FD2+1218]
RtlGetFullPathName_UEx [0x77558F9D+1165]

at java.base/jdk.internal.reflect.NativeConstructorAccessorImpl.newInstance0(Native Method)
at java.base/jdk.internal.reflect.NativeConstructorAccessorImpl.newInstance(NativeConstructorAccessorImpl.java:77)
at java.base/jdk.internal.reflect.DelegatingConstructorAccessorImpl.newInstance(DelegatingConstructorAccessorImpl.java:45)
at java.base/java.lang.reflect.Constructor.newInstanceWithCaller(Constructor.java:499)
at java.base/java.lang.reflect.Constructor.newInstance(Constructor.java:480)
at org.openqa.selenium.remote.W3CHandshakeResponse.lambda$errorHandler$0(W3CHandshakeResponse.java:62)
at org.openqa.selenium.remote.HandshakeResponse.lambda$getResponseFunction$0(HandshakeResponse.java:30)
at org.openqa.selenium.remote.ProtocolHandshake.lambda$createSession$0(ProtocolHandshake.java:126)
at java.base/java.util.stream.ReferencePipeline$3$1.accept(ReferencePipeline.java:197)
at java.base/java.util.Spliterators$ArraySpliterator.tryAdvance(Spliterators.java:1002)
at java.base/java.util.stream.ReferencePipeline.forEachWithCancel(ReferencePipeline.java:129)
at java.base/java.util.stream.AbstractPipeline.copyIntoWithCancel(AbstractPipeline.java:527)
at java.base/java.util.stream.AbstractPipeline.copyInto(AbstractPipeline.java:513)
at java.base/java.util.stream.AbstractPipeline.wrapAndCopyInto(AbstractPipeline.java:499)
at java.base/java.util.stream.FindOps$FindOp.evaluateSequential(FindOps.java:150)
at java.base/java.util.stream.AbstractPipeline.evaluate(AbstractPipeline.java:234)
at java.base/java.util.stream.ReferencePipeline.findFirst(ReferencePipeline.java:647)
at org.openqa.selenium.remote.ProtocolHandshake.createSession(ProtocolHandshake.java:128)
at org.openqa.selenium.remote.ProtocolHandshake.createSession(ProtocolHandshake.java:74)
at org.openqa.selenium.remote.HttpCommandExecutor.execute(HttpCommandExecutor.java:136)
at org.openqa.selenium.remote.service.DriverCommandExecutor.execute(DriverCommandExecutor.java:83)
at org.openqa.selenium.remote.RemoteWebDriver.execute(RemoteWebDriver.java:552)
at org.openqa.selenium.remote.RemoteWebDriver.startSession(RemoteWebDriver.java:213)
at org.openqa.selenium.remote.RemoteWebDriver.<init>(RemoteWebDriver.java:131)
at org.openqa.selenium.chrome.ChromeDriver.<init>(ChromeDriver.java:181)
at org.openqa.selenium.chrome.ChromeDriver.<init>(ChromeDriver.java:168)
at org.openqa.selenium.chrome.ChromeDriver.<init>(ChromeDriver.java:157)
at com.uiFramework.KTCTC.helper.browserConfiguration.ChromeBrowser.getChromeDriver(ChromeBrowser.java:49)
at com.uiFramework.KTCTC.helper.browserConfiguration.ChromeBrowser.getBrowserInstance(ChromeBrowser.java:60)
at com.uiFramework.KTCTC.testbase.TestBase.beforeClassOfA(TestBase.java:46)
at java.base/jdk.internal.reflect.NativeMethodAccessorImpl.invoke0(Native Method)
at java.base/jdk.internal.reflect.NativeMethodAccessorImpl.invoke(NativeMethodAccessorImpl.java:77)
at java.base/jdk.internal.reflect.DelegatingMethodAccessorImpl.invoke(DelegatingMethodAccessorImpl.java:43)
at java.base/java.lang.reflect.Method.invoke(Method.java:568)
at org.testng.internal.MethodInvocationHelper.invokeMethod(MethodInvocationHelper.java:133)
at org.testng.internal.MethodInvocationHelper.invokeMethodConsideringTimeout(MethodInvocationHelper.java:62)
at org.testng.internal.ConfigInvoker.invokeConfigurationMethod(ConfigInvoker.java:385)
at org.testng.internal.ConfigInvoker.invokeConfigurations(ConfigInvoker.java:321)
at org.testng.internal.TestMethodWorker.invokeBeforeClassMethods(TestMethodWorker.java:176)
at org.testng.internal.TestMethodWorker.run(TestMethodWorker.java:122)
at java.base/java.util.ArrayList.forEach(ArrayList.java:1511)
at org.testng.TestRunner.privateRun(TestRunner.java:794)
at org.testng.TestRunner.run(TestRunner.java:596)
at org.testng.SuiteRunner.runTest(SuiteRunner.java:377)
at org.testng.SuiteRunner.runSequentially(SuiteRunner.java:371)
at org.testng.SuiteRunner.privateRun(SuiteRunner.java:332)
at org.testng.SuiteRunner.run(SuiteRunner.java:276)
at org.testng.SuiteRunnerWorker.runSuite(SuiteRunnerWorker.java:53)
at org.testng.SuiteRunnerWorker.run(SuiteRunnerWorker.java:96)
at org.testng.TestNG.runSuitesSequentially(TestNG.java:1212)
at org.testng.TestNG.runSuitesLocally(TestNG.java:1134)
at org.testng.TestNG.runSuites(TestNG.java:1063)
at org.testng.TestNG.run(TestNG.java:1031)
at org.testng.remote.AbstractRemoteTestNG.run(AbstractRemoteTestNG.java:115)
at org.testng.remote.RemoteTestNG.initAndRun(RemoteTestNG.java:251)
at org.testng.remote.RemoteTestNG.main(RemoteTestNG.java:77)
]]>
            </full-stacktrace>
          </exception> <!-- org.openqa.selenium.SessionNotCreatedException -->
          <reporter-output>
          </reporter-output>
        </test-method> <!-- verifyExistingUserCanBeEdited -->
        <test-method is-config="true" signature="afterMethod(org.testng.ITestResult)[pri:0, instance:KTCTC.regression.WebTablesTest@7dc19a70]" started-at="2023-01-29T21:09:48 IST" name="afterMethod" finished-at="1970-01-01T05:30:00 IST" duration-ms="-1675006788084" status="SKIP">
          <reporter-output>
          </reporter-output>
        </test-method> <!-- afterMethod -->
        <test-method is-config="true" signature="beforeMethod(java.lang.reflect.Method)[pri:0, instance:KTCTC.regression.WebTablesTest@7dc19a70]" started-at="2023-01-29T21:09:48 IST" name="beforeMethod" finished-at="1970-01-01T05:30:00 IST" duration-ms="-1675006788085" status="SKIP">
          <reporter-output>
          </reporter-output>
        </test-method> <!-- beforeMethod -->
        <test-method signature="verifyAllDetailsOfEditedUser()[pri:5, instance:KTCTC.regression.WebTablesTest@7dc19a70]" started-at="2023-01-29T21:09:48 IST" name="verifyAllDetailsOfEditedUser" finished-at="2023-01-29T21:09:48 IST" duration-ms="0" status="SKIP">
          <exception class="org.openqa.selenium.SessionNotCreatedException">
            <message>
              <![CDATA[session not created: This version of ChromeDriver only supports Chrome version 100
Current browser version is 109.0.5414.120 with binary path C:\Program Files\Google\Chrome\Application\chrome.exe
Build info: version: '3.141.59', revision: 'e82be7d358', time: '2018-11-14T08:17:03'
System info: host: 'LAPTOP-OVD06K6F', ip: '192.168.43.93', os.name: 'Windows 11', os.arch: 'amd64', os.version: '10.0', java.version: '17.0.3'
Driver info: driver.version: ChromeDriver
remote stacktrace: Backtrace:
Ordinal0 [0x00927413+2389011]
Ordinal0 [0x008B9F61+1941345]
Ordinal0 [0x007AC658+837208]
Ordinal0 [0x007CC773+968563]
Ordinal0 [0x007C837A+951162]
Ordinal0 [0x007C5C51+941137]
Ordinal0 [0x007F8C80+1150080]
Ordinal0 [0x007F88DA+1149146]
Ordinal0 [0x007F3F66+1130342]
Ordinal0 [0x007CE546+976198]
Ordinal0 [0x007CF456+980054]
GetHandleVerifier [0x00AD9632+1727522]
GetHandleVerifier [0x00B8BA4D+2457661]
GetHandleVerifier [0x009BEB81+569713]
GetHandleVerifier [0x009BDD76+566118]
Ordinal0 [0x008C0B2B+1968939]
Ordinal0 [0x008C5988+1989000]
Ordinal0 [0x008C5A75+1989237]
Ordinal0 [0x008CECB1+2026673]
BaseThreadInitThunk [0x76FF6BD9+25]
RtlGetFullPathName_UEx [0x77558FD2+1218]
RtlGetFullPathName_UEx [0x77558F9D+1165]
]]>
            </message>
            <full-stacktrace>
              <![CDATA[org.openqa.selenium.SessionNotCreatedException: session not created: This version of ChromeDriver only supports Chrome version 100
Current browser version is 109.0.5414.120 with binary path C:\Program Files\Google\Chrome\Application\chrome.exe
Build info: version: '3.141.59', revision: 'e82be7d358', time: '2018-11-14T08:17:03'
System info: host: 'LAPTOP-OVD06K6F', ip: '192.168.43.93', os.name: 'Windows 11', os.arch: 'amd64', os.version: '10.0', java.version: '17.0.3'
Driver info: driver.version: ChromeDriver
remote stacktrace: Backtrace:
Ordinal0 [0x00927413+2389011]
Ordinal0 [0x008B9F61+1941345]
Ordinal0 [0x007AC658+837208]
Ordinal0 [0x007CC773+968563]
Ordinal0 [0x007C837A+951162]
Ordinal0 [0x007C5C51+941137]
Ordinal0 [0x007F8C80+1150080]
Ordinal0 [0x007F88DA+1149146]
Ordinal0 [0x007F3F66+1130342]
Ordinal0 [0x007CE546+976198]
Ordinal0 [0x007CF456+980054]
GetHandleVerifier [0x00AD9632+1727522]
GetHandleVerifier [0x00B8BA4D+2457661]
GetHandleVerifier [0x009BEB81+569713]
GetHandleVerifier [0x009BDD76+566118]
Ordinal0 [0x008C0B2B+1968939]
Ordinal0 [0x008C5988+1989000]
Ordinal0 [0x008C5A75+1989237]
Ordinal0 [0x008CECB1+2026673]
BaseThreadInitThunk [0x76FF6BD9+25]
RtlGetFullPathName_UEx [0x77558FD2+1218]
RtlGetFullPathName_UEx [0x77558F9D+1165]

at java.base/jdk.internal.reflect.NativeConstructorAccessorImpl.newInstance0(Native Method)
at java.base/jdk.internal.reflect.NativeConstructorAccessorImpl.newInstance(NativeConstructorAccessorImpl.java:77)
at java.base/jdk.internal.reflect.DelegatingConstructorAccessorImpl.newInstance(DelegatingConstructorAccessorImpl.java:45)
at java.base/java.lang.reflect.Constructor.newInstanceWithCaller(Constructor.java:499)
at java.base/java.lang.reflect.Constructor.newInstance(Constructor.java:480)
at org.openqa.selenium.remote.W3CHandshakeResponse.lambda$errorHandler$0(W3CHandshakeResponse.java:62)
at org.openqa.selenium.remote.HandshakeResponse.lambda$getResponseFunction$0(HandshakeResponse.java:30)
at org.openqa.selenium.remote.ProtocolHandshake.lambda$createSession$0(ProtocolHandshake.java:126)
at java.base/java.util.stream.ReferencePipeline$3$1.accept(ReferencePipeline.java:197)
at java.base/java.util.Spliterators$ArraySpliterator.tryAdvance(Spliterators.java:1002)
at java.base/java.util.stream.ReferencePipeline.forEachWithCancel(ReferencePipeline.java:129)
at java.base/java.util.stream.AbstractPipeline.copyIntoWithCancel(AbstractPipeline.java:527)
at java.base/java.util.stream.AbstractPipeline.copyInto(AbstractPipeline.java:513)
at java.base/java.util.stream.AbstractPipeline.wrapAndCopyInto(AbstractPipeline.java:499)
at java.base/java.util.stream.FindOps$FindOp.evaluateSequential(FindOps.java:150)
at java.base/java.util.stream.AbstractPipeline.evaluate(AbstractPipeline.java:234)
at java.base/java.util.stream.ReferencePipeline.findFirst(ReferencePipeline.java:647)
at org.openqa.selenium.remote.ProtocolHandshake.createSession(ProtocolHandshake.java:128)
at org.openqa.selenium.remote.ProtocolHandshake.createSession(ProtocolHandshake.java:74)
at org.openqa.selenium.remote.HttpCommandExecutor.execute(HttpCommandExecutor.java:136)
at org.openqa.selenium.remote.service.DriverCommandExecutor.execute(DriverCommandExecutor.java:83)
at org.openqa.selenium.remote.RemoteWebDriver.execute(RemoteWebDriver.java:552)
at org.openqa.selenium.remote.RemoteWebDriver.startSession(RemoteWebDriver.java:213)
at org.openqa.selenium.remote.RemoteWebDriver.<init>(RemoteWebDriver.java:131)
at org.openqa.selenium.chrome.ChromeDriver.<init>(ChromeDriver.java:181)
at org.openqa.selenium.chrome.ChromeDriver.<init>(ChromeDriver.java:168)
at org.openqa.selenium.chrome.ChromeDriver.<init>(ChromeDriver.java:157)
at com.uiFramework.KTCTC.helper.browserConfiguration.ChromeBrowser.getChromeDriver(ChromeBrowser.java:49)
at com.uiFramework.KTCTC.helper.browserConfiguration.ChromeBrowser.getBrowserInstance(ChromeBrowser.java:60)
at com.uiFramework.KTCTC.testbase.TestBase.beforeClassOfA(TestBase.java:46)
at java.base/jdk.internal.reflect.NativeMethodAccessorImpl.invoke0(Native Method)
at java.base/jdk.internal.reflect.NativeMethodAccessorImpl.invoke(NativeMethodAccessorImpl.java:77)
at java.base/jdk.internal.reflect.DelegatingMethodAccessorImpl.invoke(DelegatingMethodAccessorImpl.java:43)
at java.base/java.lang.reflect.Method.invoke(Method.java:568)
at org.testng.internal.MethodInvocationHelper.invokeMethod(MethodInvocationHelper.java:133)
at org.testng.internal.MethodInvocationHelper.invokeMethodConsideringTimeout(MethodInvocationHelper.java:62)
at org.testng.internal.ConfigInvoker.invokeConfigurationMethod(ConfigInvoker.java:385)
at org.testng.internal.ConfigInvoker.invokeConfigurations(ConfigInvoker.java:321)
at org.testng.internal.TestMethodWorker.invokeBeforeClassMethods(TestMethodWorker.java:176)
at org.testng.internal.TestMethodWorker.run(TestMethodWorker.java:122)
at java.base/java.util.ArrayList.forEach(ArrayList.java:1511)
at org.testng.TestRunner.privateRun(TestRunner.java:794)
at org.testng.TestRunner.run(TestRunner.java:596)
at org.testng.SuiteRunner.runTest(SuiteRunner.java:377)
at org.testng.SuiteRunner.runSequentially(SuiteRunner.java:371)
at org.testng.SuiteRunner.privateRun(SuiteRunner.java:332)
at org.testng.SuiteRunner.run(SuiteRunner.java:276)
at org.testng.SuiteRunnerWorker.runSuite(SuiteRunnerWorker.java:53)
at org.testng.SuiteRunnerWorker.run(SuiteRunnerWorker.java:96)
at org.testng.TestNG.runSuitesSequentially(TestNG.java:1212)
at org.testng.TestNG.runSuitesLocally(TestNG.java:1134)
at org.testng.TestNG.runSuites(TestNG.java:1063)
at org.testng.TestNG.run(TestNG.java:1031)
at org.testng.remote.AbstractRemoteTestNG.run(AbstractRemoteTestNG.java:115)
at org.testng.remote.RemoteTestNG.initAndRun(RemoteTestNG.java:251)
at org.testng.remote.RemoteTestNG.main(RemoteTestNG.java:77)
]]>
            </full-stacktrace>
          </exception> <!-- org.openqa.selenium.SessionNotCreatedException -->
          <reporter-output>
          </reporter-output>
        </test-method> <!-- verifyAllDetailsOfEditedUser -->
        <test-method is-config="true" signature="afterMethod(org.testng.ITestResult)[pri:0, instance:KTCTC.regression.WebTablesTest@7dc19a70]" started-at="2023-01-29T21:09:48 IST" name="afterMethod" finished-at="1970-01-01T05:30:00 IST" duration-ms="-1675006788087" status="SKIP">
          <reporter-output>
          </reporter-output>
        </test-method> <!-- afterMethod -->
        <test-method is-config="true" signature="beforeMethod(java.lang.reflect.Method)[pri:0, instance:KTCTC.regression.WebTablesTest@7dc19a70]" started-at="2023-01-29T21:09:48 IST" name="beforeMethod" finished-at="1970-01-01T05:30:00 IST" duration-ms="-1675006788088" status="SKIP">
          <reporter-output>
          </reporter-output>
        </test-method> <!-- beforeMethod -->
        <test-method signature="verifyExistringUserCanBeDeleted()[pri:6, instance:KTCTC.regression.WebTablesTest@7dc19a70]" started-at="2023-01-29T21:09:48 IST" name="verifyExistringUserCanBeDeleted" finished-at="2023-01-29T21:09:48 IST" duration-ms="0" status="SKIP">
          <exception class="org.openqa.selenium.SessionNotCreatedException">
            <message>
              <![CDATA[session not created: This version of ChromeDriver only supports Chrome version 100
Current browser version is 109.0.5414.120 with binary path C:\Program Files\Google\Chrome\Application\chrome.exe
Build info: version: '3.141.59', revision: 'e82be7d358', time: '2018-11-14T08:17:03'
System info: host: 'LAPTOP-OVD06K6F', ip: '192.168.43.93', os.name: 'Windows 11', os.arch: 'amd64', os.version: '10.0', java.version: '17.0.3'
Driver info: driver.version: ChromeDriver
remote stacktrace: Backtrace:
Ordinal0 [0x00927413+2389011]
Ordinal0 [0x008B9F61+1941345]
Ordinal0 [0x007AC658+837208]
Ordinal0 [0x007CC773+968563]
Ordinal0 [0x007C837A+951162]
Ordinal0 [0x007C5C51+941137]
Ordinal0 [0x007F8C80+1150080]
Ordinal0 [0x007F88DA+1149146]
Ordinal0 [0x007F3F66+1130342]
Ordinal0 [0x007CE546+976198]
Ordinal0 [0x007CF456+980054]
GetHandleVerifier [0x00AD9632+1727522]
GetHandleVerifier [0x00B8BA4D+2457661]
GetHandleVerifier [0x009BEB81+569713]
GetHandleVerifier [0x009BDD76+566118]
Ordinal0 [0x008C0B2B+1968939]
Ordinal0 [0x008C5988+1989000]
Ordinal0 [0x008C5A75+1989237]
Ordinal0 [0x008CECB1+2026673]
BaseThreadInitThunk [0x76FF6BD9+25]
RtlGetFullPathName_UEx [0x77558FD2+1218]
RtlGetFullPathName_UEx [0x77558F9D+1165]
]]>
            </message>
            <full-stacktrace>
              <![CDATA[org.openqa.selenium.SessionNotCreatedException: session not created: This version of ChromeDriver only supports Chrome version 100
Current browser version is 109.0.5414.120 with binary path C:\Program Files\Google\Chrome\Application\chrome.exe
Build info: version: '3.141.59', revision: 'e82be7d358', time: '2018-11-14T08:17:03'
System info: host: 'LAPTOP-OVD06K6F', ip: '192.168.43.93', os.name: 'Windows 11', os.arch: 'amd64', os.version: '10.0', java.version: '17.0.3'
Driver info: driver.version: ChromeDriver
remote stacktrace: Backtrace:
Ordinal0 [0x00927413+2389011]
Ordinal0 [0x008B9F61+1941345]
Ordinal0 [0x007AC658+837208]
Ordinal0 [0x007CC773+968563]
Ordinal0 [0x007C837A+951162]
Ordinal0 [0x007C5C51+941137]
Ordinal0 [0x007F8C80+1150080]
Ordinal0 [0x007F88DA+1149146]
Ordinal0 [0x007F3F66+1130342]
Ordinal0 [0x007CE546+976198]
Ordinal0 [0x007CF456+980054]
GetHandleVerifier [0x00AD9632+1727522]
GetHandleVerifier [0x00B8BA4D+2457661]
GetHandleVerifier [0x009BEB81+569713]
GetHandleVerifier [0x009BDD76+566118]
Ordinal0 [0x008C0B2B+1968939]
Ordinal0 [0x008C5988+1989000]
Ordinal0 [0x008C5A75+1989237]
Ordinal0 [0x008CECB1+2026673]
BaseThreadInitThunk [0x76FF6BD9+25]
RtlGetFullPathName_UEx [0x77558FD2+1218]
RtlGetFullPathName_UEx [0x77558F9D+1165]

at java.base/jdk.internal.reflect.NativeConstructorAccessorImpl.newInstance0(Native Method)
at java.base/jdk.internal.reflect.NativeConstructorAccessorImpl.newInstance(NativeConstructorAccessorImpl.java:77)
at java.base/jdk.internal.reflect.DelegatingConstructorAccessorImpl.newInstance(DelegatingConstructorAccessorImpl.java:45)
at java.base/java.lang.reflect.Constructor.newInstanceWithCaller(Constructor.java:499)
at java.base/java.lang.reflect.Constructor.newInstance(Constructor.java:480)
at org.openqa.selenium.remote.W3CHandshakeResponse.lambda$errorHandler$0(W3CHandshakeResponse.java:62)
at org.openqa.selenium.remote.HandshakeResponse.lambda$getResponseFunction$0(HandshakeResponse.java:30)
at org.openqa.selenium.remote.ProtocolHandshake.lambda$createSession$0(ProtocolHandshake.java:126)
at java.base/java.util.stream.ReferencePipeline$3$1.accept(ReferencePipeline.java:197)
at java.base/java.util.Spliterators$ArraySpliterator.tryAdvance(Spliterators.java:1002)
at java.base/java.util.stream.ReferencePipeline.forEachWithCancel(ReferencePipeline.java:129)
at java.base/java.util.stream.AbstractPipeline.copyIntoWithCancel(AbstractPipeline.java:527)
at java.base/java.util.stream.AbstractPipeline.copyInto(AbstractPipeline.java:513)
at java.base/java.util.stream.AbstractPipeline.wrapAndCopyInto(AbstractPipeline.java:499)
at java.base/java.util.stream.FindOps$FindOp.evaluateSequential(FindOps.java:150)
at java.base/java.util.stream.AbstractPipeline.evaluate(AbstractPipeline.java:234)
at java.base/java.util.stream.ReferencePipeline.findFirst(ReferencePipeline.java:647)
at org.openqa.selenium.remote.ProtocolHandshake.createSession(ProtocolHandshake.java:128)
at org.openqa.selenium.remote.ProtocolHandshake.createSession(ProtocolHandshake.java:74)
at org.openqa.selenium.remote.HttpCommandExecutor.execute(HttpCommandExecutor.java:136)
at org.openqa.selenium.remote.service.DriverCommandExecutor.execute(DriverCommandExecutor.java:83)
at org.openqa.selenium.remote.RemoteWebDriver.execute(RemoteWebDriver.java:552)
at org.openqa.selenium.remote.RemoteWebDriver.startSession(RemoteWebDriver.java:213)
at org.openqa.selenium.remote.RemoteWebDriver.<init>(RemoteWebDriver.java:131)
at org.openqa.selenium.chrome.ChromeDriver.<init>(ChromeDriver.java:181)
at org.openqa.selenium.chrome.ChromeDriver.<init>(ChromeDriver.java:168)
at org.openqa.selenium.chrome.ChromeDriver.<init>(ChromeDriver.java:157)
at com.uiFramework.KTCTC.helper.browserConfiguration.ChromeBrowser.getChromeDriver(ChromeBrowser.java:49)
at com.uiFramework.KTCTC.helper.browserConfiguration.ChromeBrowser.getBrowserInstance(ChromeBrowser.java:60)
at com.uiFramework.KTCTC.testbase.TestBase.beforeClassOfA(TestBase.java:46)
at java.base/jdk.internal.reflect.NativeMethodAccessorImpl.invoke0(Native Method)
at java.base/jdk.internal.reflect.NativeMethodAccessorImpl.invoke(NativeMethodAccessorImpl.java:77)
at java.base/jdk.internal.reflect.DelegatingMethodAccessorImpl.invoke(DelegatingMethodAccessorImpl.java:43)
at java.base/java.lang.reflect.Method.invoke(Method.java:568)
at org.testng.internal.MethodInvocationHelper.invokeMethod(MethodInvocationHelper.java:133)
at org.testng.internal.MethodInvocationHelper.invokeMethodConsideringTimeout(MethodInvocationHelper.java:62)
at org.testng.internal.ConfigInvoker.invokeConfigurationMethod(ConfigInvoker.java:385)
at org.testng.internal.ConfigInvoker.invokeConfigurations(ConfigInvoker.java:321)
at org.testng.internal.TestMethodWorker.invokeBeforeClassMethods(TestMethodWorker.java:176)
at org.testng.internal.TestMethodWorker.run(TestMethodWorker.java:122)
at java.base/java.util.ArrayList.forEach(ArrayList.java:1511)
at org.testng.TestRunner.privateRun(TestRunner.java:794)
at org.testng.TestRunner.run(TestRunner.java:596)
at org.testng.SuiteRunner.runTest(SuiteRunner.java:377)
at org.testng.SuiteRunner.runSequentially(SuiteRunner.java:371)
at org.testng.SuiteRunner.privateRun(SuiteRunner.java:332)
at org.testng.SuiteRunner.run(SuiteRunner.java:276)
at org.testng.SuiteRunnerWorker.runSuite(SuiteRunnerWorker.java:53)
at org.testng.SuiteRunnerWorker.run(SuiteRunnerWorker.java:96)
at org.testng.TestNG.runSuitesSequentially(TestNG.java:1212)
at org.testng.TestNG.runSuitesLocally(TestNG.java:1134)
at org.testng.TestNG.runSuites(TestNG.java:1063)
at org.testng.TestNG.run(TestNG.java:1031)
at org.testng.remote.AbstractRemoteTestNG.run(AbstractRemoteTestNG.java:115)
at org.testng.remote.RemoteTestNG.initAndRun(RemoteTestNG.java:251)
at org.testng.remote.RemoteTestNG.main(RemoteTestNG.java:77)
]]>
            </full-stacktrace>
          </exception> <!-- org.openqa.selenium.SessionNotCreatedException -->
          <reporter-output>
          </reporter-output>
        </test-method> <!-- verifyExistringUserCanBeDeleted -->
        <test-method is-config="true" signature="afterMethod(org.testng.ITestResult)[pri:0, instance:KTCTC.regression.WebTablesTest@7dc19a70]" started-at="2023-01-29T21:09:48 IST" name="afterMethod" finished-at="1970-01-01T05:30:00 IST" duration-ms="-1675006788091" status="SKIP">
          <reporter-output>
          </reporter-output>
        </test-method> <!-- afterMethod -->
        <test-method is-config="true" signature="afterClass()[pri:0, instance:KTCTC.regression.WebTablesTest@7dc19a70]" started-at="2023-01-29T21:09:48 IST" name="afterClass" finished-at="1970-01-01T05:30:00 IST" duration-ms="-1675006788091" status="SKIP">
          <reporter-output>
          </reporter-output>
        </test-method> <!-- afterClass -->
      </class> <!-- KTCTC.regression.WebTablesTest -->
      <class name="KTCTC.ATest">
        <test-method is-config="true" signature="beforeClassOfA()[pri:0, instance:KTCTC.ATest@508dec2b]" started-at="2023-01-29T21:09:48 IST" name="beforeClassOfA" finished-at="2023-01-29T21:09:48 IST" duration-ms="719" status="FAIL">
          <exception class="org.openqa.selenium.SessionNotCreatedException">
            <message>
              <![CDATA[session not created: This version of ChromeDriver only supports Chrome version 100
Current browser version is 109.0.5414.120 with binary path C:\Program Files\Google\Chrome\Application\chrome.exe
Build info: version: '3.141.59', revision: 'e82be7d358', time: '2018-11-14T08:17:03'
System info: host: 'LAPTOP-OVD06K6F', ip: '192.168.43.93', os.name: 'Windows 11', os.arch: 'amd64', os.version: '10.0', java.version: '17.0.3'
Driver info: driver.version: ChromeDriver
remote stacktrace: Backtrace:
Ordinal0 [0x00927413+2389011]
Ordinal0 [0x008B9F61+1941345]
Ordinal0 [0x007AC658+837208]
Ordinal0 [0x007CC773+968563]
Ordinal0 [0x007C837A+951162]
Ordinal0 [0x007C5C51+941137]
Ordinal0 [0x007F8C80+1150080]
Ordinal0 [0x007F88DA+1149146]
Ordinal0 [0x007F3F66+1130342]
Ordinal0 [0x007CE546+976198]
Ordinal0 [0x007CF456+980054]
GetHandleVerifier [0x00AD9632+1727522]
GetHandleVerifier [0x00B8BA4D+2457661]
GetHandleVerifier [0x009BEB81+569713]
GetHandleVerifier [0x009BDD76+566118]
Ordinal0 [0x008C0B2B+1968939]
Ordinal0 [0x008C5988+1989000]
Ordinal0 [0x008C5A75+1989237]
Ordinal0 [0x008CECB1+2026673]
BaseThreadInitThunk [0x76FF6BD9+25]
RtlGetFullPathName_UEx [0x77558FD2+1218]
RtlGetFullPathName_UEx [0x77558F9D+1165]
]]>
            </message>
            <full-stacktrace>
              <![CDATA[org.openqa.selenium.SessionNotCreatedException: session not created: This version of ChromeDriver only supports Chrome version 100
Current browser version is 109.0.5414.120 with binary path C:\Program Files\Google\Chrome\Application\chrome.exe
Build info: version: '3.141.59', revision: 'e82be7d358', time: '2018-11-14T08:17:03'
System info: host: 'LAPTOP-OVD06K6F', ip: '192.168.43.93', os.name: 'Windows 11', os.arch: 'amd64', os.version: '10.0', java.version: '17.0.3'
Driver info: driver.version: ChromeDriver
remote stacktrace: Backtrace:
Ordinal0 [0x00927413+2389011]
Ordinal0 [0x008B9F61+1941345]
Ordinal0 [0x007AC658+837208]
Ordinal0 [0x007CC773+968563]
Ordinal0 [0x007C837A+951162]
Ordinal0 [0x007C5C51+941137]
Ordinal0 [0x007F8C80+1150080]
Ordinal0 [0x007F88DA+1149146]
Ordinal0 [0x007F3F66+1130342]
Ordinal0 [0x007CE546+976198]
Ordinal0 [0x007CF456+980054]
GetHandleVerifier [0x00AD9632+1727522]
GetHandleVerifier [0x00B8BA4D+2457661]
GetHandleVerifier [0x009BEB81+569713]
GetHandleVerifier [0x009BDD76+566118]
Ordinal0 [0x008C0B2B+1968939]
Ordinal0 [0x008C5988+1989000]
Ordinal0 [0x008C5A75+1989237]
Ordinal0 [0x008CECB1+2026673]
BaseThreadInitThunk [0x76FF6BD9+25]
RtlGetFullPathName_UEx [0x77558FD2+1218]
RtlGetFullPathName_UEx [0x77558F9D+1165]

at java.base/jdk.internal.reflect.NativeConstructorAccessorImpl.newInstance0(Native Method)
at java.base/jdk.internal.reflect.NativeConstructorAccessorImpl.newInstance(NativeConstructorAccessorImpl.java:77)
at java.base/jdk.internal.reflect.DelegatingConstructorAccessorImpl.newInstance(DelegatingConstructorAccessorImpl.java:45)
at java.base/java.lang.reflect.Constructor.newInstanceWithCaller(Constructor.java:499)
at java.base/java.lang.reflect.Constructor.newInstance(Constructor.java:480)
at org.openqa.selenium.remote.W3CHandshakeResponse.lambda$errorHandler$0(W3CHandshakeResponse.java:62)
at org.openqa.selenium.remote.HandshakeResponse.lambda$getResponseFunction$0(HandshakeResponse.java:30)
at org.openqa.selenium.remote.ProtocolHandshake.lambda$createSession$0(ProtocolHandshake.java:126)
at java.base/java.util.stream.ReferencePipeline$3$1.accept(ReferencePipeline.java:197)
at java.base/java.util.Spliterators$ArraySpliterator.tryAdvance(Spliterators.java:1002)
at java.base/java.util.stream.ReferencePipeline.forEachWithCancel(ReferencePipeline.java:129)
at java.base/java.util.stream.AbstractPipeline.copyIntoWithCancel(AbstractPipeline.java:527)
at java.base/java.util.stream.AbstractPipeline.copyInto(AbstractPipeline.java:513)
at java.base/java.util.stream.AbstractPipeline.wrapAndCopyInto(AbstractPipeline.java:499)
at java.base/java.util.stream.FindOps$FindOp.evaluateSequential(FindOps.java:150)
at java.base/java.util.stream.AbstractPipeline.evaluate(AbstractPipeline.java:234)
at java.base/java.util.stream.ReferencePipeline.findFirst(ReferencePipeline.java:647)
at org.openqa.selenium.remote.ProtocolHandshake.createSession(ProtocolHandshake.java:128)
at org.openqa.selenium.remote.ProtocolHandshake.createSession(ProtocolHandshake.java:74)
at org.openqa.selenium.remote.HttpCommandExecutor.execute(HttpCommandExecutor.java:136)
at org.openqa.selenium.remote.service.DriverCommandExecutor.execute(DriverCommandExecutor.java:83)
at org.openqa.selenium.remote.RemoteWebDriver.execute(RemoteWebDriver.java:552)
at org.openqa.selenium.remote.RemoteWebDriver.startSession(RemoteWebDriver.java:213)
at org.openqa.selenium.remote.RemoteWebDriver.<init>(RemoteWebDriver.java:131)
at org.openqa.selenium.chrome.ChromeDriver.<init>(ChromeDriver.java:181)
at org.openqa.selenium.chrome.ChromeDriver.<init>(ChromeDriver.java:168)
at org.openqa.selenium.chrome.ChromeDriver.<init>(ChromeDriver.java:157)
at com.uiFramework.KTCTC.helper.browserConfiguration.ChromeBrowser.getChromeDriver(ChromeBrowser.java:49)
at com.uiFramework.KTCTC.helper.browserConfiguration.ChromeBrowser.getBrowserInstance(ChromeBrowser.java:60)
at KTCTC.ATest.beforeClassOfA(ATest.java:20)
at java.base/jdk.internal.reflect.NativeMethodAccessorImpl.invoke0(Native Method)
at java.base/jdk.internal.reflect.NativeMethodAccessorImpl.invoke(NativeMethodAccessorImpl.java:77)
at java.base/jdk.internal.reflect.DelegatingMethodAccessorImpl.invoke(DelegatingMethodAccessorImpl.java:43)
at java.base/java.lang.reflect.Method.invoke(Method.java:568)
at org.testng.internal.MethodInvocationHelper.invokeMethod(MethodInvocationHelper.java:133)
at org.testng.internal.MethodInvocationHelper.invokeMethodConsideringTimeout(MethodInvocationHelper.java:62)
at org.testng.internal.ConfigInvoker.invokeConfigurationMethod(ConfigInvoker.java:385)
at org.testng.internal.ConfigInvoker.invokeConfigurations(ConfigInvoker.java:321)
at org.testng.internal.TestMethodWorker.invokeBeforeClassMethods(TestMethodWorker.java:176)
at org.testng.internal.TestMethodWorker.run(TestMethodWorker.java:122)
at java.base/java.util.ArrayList.forEach(ArrayList.java:1511)
at org.testng.TestRunner.privateRun(TestRunner.java:794)
at org.testng.TestRunner.run(TestRunner.java:596)
at org.testng.SuiteRunner.runTest(SuiteRunner.java:377)
at org.testng.SuiteRunner.runSequentially(SuiteRunner.java:371)
at org.testng.SuiteRunner.privateRun(SuiteRunner.java:332)
at org.testng.SuiteRunner.run(SuiteRunner.java:276)
at org.testng.SuiteRunnerWorker.runSuite(SuiteRunnerWorker.java:53)
at org.testng.SuiteRunnerWorker.run(SuiteRunnerWorker.java:96)
at org.testng.TestNG.runSuitesSequentially(TestNG.java:1212)
at org.testng.TestNG.runSuitesLocally(TestNG.java:1134)
at org.testng.TestNG.runSuites(TestNG.java:1063)
at org.testng.TestNG.run(TestNG.java:1031)
at org.testng.remote.AbstractRemoteTestNG.run(AbstractRemoteTestNG.java:115)
at org.testng.remote.RemoteTestNG.initAndRun(RemoteTestNG.java:251)
at org.testng.remote.RemoteTestNG.main(RemoteTestNG.java:77)
]]>
            </full-stacktrace>
          </exception> <!-- org.openqa.selenium.SessionNotCreatedException -->
          <reporter-output>
          </reporter-output>
        </test-method> <!-- beforeClassOfA -->
        <test-method signature="simple()[pri:0, instance:KTCTC.ATest@508dec2b]" started-at="2023-01-29T21:09:48 IST" name="simple" finished-at="2023-01-29T21:09:48 IST" duration-ms="0" status="SKIP">
          <exception class="org.openqa.selenium.SessionNotCreatedException">
            <message>
              <![CDATA[session not created: This version of ChromeDriver only supports Chrome version 100
Current browser version is 109.0.5414.120 with binary path C:\Program Files\Google\Chrome\Application\chrome.exe
Build info: version: '3.141.59', revision: 'e82be7d358', time: '2018-11-14T08:17:03'
System info: host: 'LAPTOP-OVD06K6F', ip: '192.168.43.93', os.name: 'Windows 11', os.arch: 'amd64', os.version: '10.0', java.version: '17.0.3'
Driver info: driver.version: ChromeDriver
remote stacktrace: Backtrace:
Ordinal0 [0x00927413+2389011]
Ordinal0 [0x008B9F61+1941345]
Ordinal0 [0x007AC658+837208]
Ordinal0 [0x007CC773+968563]
Ordinal0 [0x007C837A+951162]
Ordinal0 [0x007C5C51+941137]
Ordinal0 [0x007F8C80+1150080]
Ordinal0 [0x007F88DA+1149146]
Ordinal0 [0x007F3F66+1130342]
Ordinal0 [0x007CE546+976198]
Ordinal0 [0x007CF456+980054]
GetHandleVerifier [0x00AD9632+1727522]
GetHandleVerifier [0x00B8BA4D+2457661]
GetHandleVerifier [0x009BEB81+569713]
GetHandleVerifier [0x009BDD76+566118]
Ordinal0 [0x008C0B2B+1968939]
Ordinal0 [0x008C5988+1989000]
Ordinal0 [0x008C5A75+1989237]
Ordinal0 [0x008CECB1+2026673]
BaseThreadInitThunk [0x76FF6BD9+25]
RtlGetFullPathName_UEx [0x77558FD2+1218]
RtlGetFullPathName_UEx [0x77558F9D+1165]
]]>
            </message>
            <full-stacktrace>
              <![CDATA[org.openqa.selenium.SessionNotCreatedException: session not created: This version of ChromeDriver only supports Chrome version 100
Current browser version is 109.0.5414.120 with binary path C:\Program Files\Google\Chrome\Application\chrome.exe
Build info: version: '3.141.59', revision: 'e82be7d358', time: '2018-11-14T08:17:03'
System info: host: 'LAPTOP-OVD06K6F', ip: '192.168.43.93', os.name: 'Windows 11', os.arch: 'amd64', os.version: '10.0', java.version: '17.0.3'
Driver info: driver.version: ChromeDriver
remote stacktrace: Backtrace:
Ordinal0 [0x00927413+2389011]
Ordinal0 [0x008B9F61+1941345]
Ordinal0 [0x007AC658+837208]
Ordinal0 [0x007CC773+968563]
Ordinal0 [0x007C837A+951162]
Ordinal0 [0x007C5C51+941137]
Ordinal0 [0x007F8C80+1150080]
Ordinal0 [0x007F88DA+1149146]
Ordinal0 [0x007F3F66+1130342]
Ordinal0 [0x007CE546+976198]
Ordinal0 [0x007CF456+980054]
GetHandleVerifier [0x00AD9632+1727522]
GetHandleVerifier [0x00B8BA4D+2457661]
GetHandleVerifier [0x009BEB81+569713]
GetHandleVerifier [0x009BDD76+566118]
Ordinal0 [0x008C0B2B+1968939]
Ordinal0 [0x008C5988+1989000]
Ordinal0 [0x008C5A75+1989237]
Ordinal0 [0x008CECB1+2026673]
BaseThreadInitThunk [0x76FF6BD9+25]
RtlGetFullPathName_UEx [0x77558FD2+1218]
RtlGetFullPathName_UEx [0x77558F9D+1165]

at java.base/jdk.internal.reflect.NativeConstructorAccessorImpl.newInstance0(Native Method)
at java.base/jdk.internal.reflect.NativeConstructorAccessorImpl.newInstance(NativeConstructorAccessorImpl.java:77)
at java.base/jdk.internal.reflect.DelegatingConstructorAccessorImpl.newInstance(DelegatingConstructorAccessorImpl.java:45)
at java.base/java.lang.reflect.Constructor.newInstanceWithCaller(Constructor.java:499)
at java.base/java.lang.reflect.Constructor.newInstance(Constructor.java:480)
at org.openqa.selenium.remote.W3CHandshakeResponse.lambda$errorHandler$0(W3CHandshakeResponse.java:62)
at org.openqa.selenium.remote.HandshakeResponse.lambda$getResponseFunction$0(HandshakeResponse.java:30)
at org.openqa.selenium.remote.ProtocolHandshake.lambda$createSession$0(ProtocolHandshake.java:126)
at java.base/java.util.stream.ReferencePipeline$3$1.accept(ReferencePipeline.java:197)
at java.base/java.util.Spliterators$ArraySpliterator.tryAdvance(Spliterators.java:1002)
at java.base/java.util.stream.ReferencePipeline.forEachWithCancel(ReferencePipeline.java:129)
at java.base/java.util.stream.AbstractPipeline.copyIntoWithCancel(AbstractPipeline.java:527)
at java.base/java.util.stream.AbstractPipeline.copyInto(AbstractPipeline.java:513)
at java.base/java.util.stream.AbstractPipeline.wrapAndCopyInto(AbstractPipeline.java:499)
at java.base/java.util.stream.FindOps$FindOp.evaluateSequential(FindOps.java:150)
at java.base/java.util.stream.AbstractPipeline.evaluate(AbstractPipeline.java:234)
at java.base/java.util.stream.ReferencePipeline.findFirst(ReferencePipeline.java:647)
at org.openqa.selenium.remote.ProtocolHandshake.createSession(ProtocolHandshake.java:128)
at org.openqa.selenium.remote.ProtocolHandshake.createSession(ProtocolHandshake.java:74)
at org.openqa.selenium.remote.HttpCommandExecutor.execute(HttpCommandExecutor.java:136)
at org.openqa.selenium.remote.service.DriverCommandExecutor.execute(DriverCommandExecutor.java:83)
at org.openqa.selenium.remote.RemoteWebDriver.execute(RemoteWebDriver.java:552)
at org.openqa.selenium.remote.RemoteWebDriver.startSession(RemoteWebDriver.java:213)
at org.openqa.selenium.remote.RemoteWebDriver.<init>(RemoteWebDriver.java:131)
at org.openqa.selenium.chrome.ChromeDriver.<init>(ChromeDriver.java:181)
at org.openqa.selenium.chrome.ChromeDriver.<init>(ChromeDriver.java:168)
at org.openqa.selenium.chrome.ChromeDriver.<init>(ChromeDriver.java:157)
at com.uiFramework.KTCTC.helper.browserConfiguration.ChromeBrowser.getChromeDriver(ChromeBrowser.java:49)
at com.uiFramework.KTCTC.helper.browserConfiguration.ChromeBrowser.getBrowserInstance(ChromeBrowser.java:60)
at KTCTC.ATest.beforeClassOfA(ATest.java:20)
at java.base/jdk.internal.reflect.NativeMethodAccessorImpl.invoke0(Native Method)
at java.base/jdk.internal.reflect.NativeMethodAccessorImpl.invoke(NativeMethodAccessorImpl.java:77)
at java.base/jdk.internal.reflect.DelegatingMethodAccessorImpl.invoke(DelegatingMethodAccessorImpl.java:43)
at java.base/java.lang.reflect.Method.invoke(Method.java:568)
at org.testng.internal.MethodInvocationHelper.invokeMethod(MethodInvocationHelper.java:133)
at org.testng.internal.MethodInvocationHelper.invokeMethodConsideringTimeout(MethodInvocationHelper.java:62)
at org.testng.internal.ConfigInvoker.invokeConfigurationMethod(ConfigInvoker.java:385)
at org.testng.internal.ConfigInvoker.invokeConfigurations(ConfigInvoker.java:321)
at org.testng.internal.TestMethodWorker.invokeBeforeClassMethods(TestMethodWorker.java:176)
at org.testng.internal.TestMethodWorker.run(TestMethodWorker.java:122)
at java.base/java.util.ArrayList.forEach(ArrayList.java:1511)
at org.testng.TestRunner.privateRun(TestRunner.java:794)
at org.testng.TestRunner.run(TestRunner.java:596)
at org.testng.SuiteRunner.runTest(SuiteRunner.java:377)
at org.testng.SuiteRunner.runSequentially(SuiteRunner.java:371)
at org.testng.SuiteRunner.privateRun(SuiteRunner.java:332)
at org.testng.SuiteRunner.run(SuiteRunner.java:276)
at org.testng.SuiteRunnerWorker.runSuite(SuiteRunnerWorker.java:53)
at org.testng.SuiteRunnerWorker.run(SuiteRunnerWorker.java:96)
at org.testng.TestNG.runSuitesSequentially(TestNG.java:1212)
at org.testng.TestNG.runSuitesLocally(TestNG.java:1134)
at org.testng.TestNG.runSuites(TestNG.java:1063)
at org.testng.TestNG.run(TestNG.java:1031)
at org.testng.remote.AbstractRemoteTestNG.run(AbstractRemoteTestNG.java:115)
at org.testng.remote.RemoteTestNG.initAndRun(RemoteTestNG.java:251)
at org.testng.remote.RemoteTestNG.main(RemoteTestNG.java:77)
]]>
            </full-stacktrace>
          </exception> <!-- org.openqa.selenium.SessionNotCreatedException -->
          <reporter-output>
          </reporter-output>
        </test-method> <!-- simple -->
        <test-method is-config="true" signature="beforeMethod(java.lang.reflect.Method)[pri:0, instance:KTCTC.ATest@508dec2b]" started-at="2023-01-29T21:09:48 IST" name="beforeMethod" finished-at="1970-01-01T05:30:00 IST" duration-ms="-1675006788813" status="SKIP">
          <reporter-output>
          </reporter-output>
        </test-method> <!-- beforeMethod -->
        <test-method is-config="true" signature="afterMethod(org.testng.ITestResult)[pri:0, instance:KTCTC.ATest@508dec2b]" started-at="2023-01-29T21:09:48 IST" name="afterMethod" finished-at="1970-01-01T05:30:00 IST" duration-ms="-1675006788814" status="SKIP">
          <reporter-output>
          </reporter-output>
        </test-method> <!-- afterMethod -->
        <test-method is-config="true" signature="beforeMethod(java.lang.reflect.Method)[pri:0, instance:KTCTC.ATest@508dec2b]" started-at="2023-01-29T21:09:48 IST" name="beforeMethod" finished-at="1970-01-01T05:30:00 IST" duration-ms="-1675006788816" status="SKIP">
          <reporter-output>
          </reporter-output>
        </test-method> <!-- beforeMethod -->
        <test-method signature="simple1()[pri:0, instance:KTCTC.ATest@508dec2b]" started-at="2023-01-29T21:09:48 IST" name="simple1" finished-at="2023-01-29T21:09:48 IST" duration-ms="0" status="SKIP">
          <exception class="org.openqa.selenium.SessionNotCreatedException">
            <message>
              <![CDATA[session not created: This version of ChromeDriver only supports Chrome version 100
Current browser version is 109.0.5414.120 with binary path C:\Program Files\Google\Chrome\Application\chrome.exe
Build info: version: '3.141.59', revision: 'e82be7d358', time: '2018-11-14T08:17:03'
System info: host: 'LAPTOP-OVD06K6F', ip: '192.168.43.93', os.name: 'Windows 11', os.arch: 'amd64', os.version: '10.0', java.version: '17.0.3'
Driver info: driver.version: ChromeDriver
remote stacktrace: Backtrace:
Ordinal0 [0x00927413+2389011]
Ordinal0 [0x008B9F61+1941345]
Ordinal0 [0x007AC658+837208]
Ordinal0 [0x007CC773+968563]
Ordinal0 [0x007C837A+951162]
Ordinal0 [0x007C5C51+941137]
Ordinal0 [0x007F8C80+1150080]
Ordinal0 [0x007F88DA+1149146]
Ordinal0 [0x007F3F66+1130342]
Ordinal0 [0x007CE546+976198]
Ordinal0 [0x007CF456+980054]
GetHandleVerifier [0x00AD9632+1727522]
GetHandleVerifier [0x00B8BA4D+2457661]
GetHandleVerifier [0x009BEB81+569713]
GetHandleVerifier [0x009BDD76+566118]
Ordinal0 [0x008C0B2B+1968939]
Ordinal0 [0x008C5988+1989000]
Ordinal0 [0x008C5A75+1989237]
Ordinal0 [0x008CECB1+2026673]
BaseThreadInitThunk [0x76FF6BD9+25]
RtlGetFullPathName_UEx [0x77558FD2+1218]
RtlGetFullPathName_UEx [0x77558F9D+1165]
]]>
            </message>
            <full-stacktrace>
              <![CDATA[org.openqa.selenium.SessionNotCreatedException: session not created: This version of ChromeDriver only supports Chrome version 100
Current browser version is 109.0.5414.120 with binary path C:\Program Files\Google\Chrome\Application\chrome.exe
Build info: version: '3.141.59', revision: 'e82be7d358', time: '2018-11-14T08:17:03'
System info: host: 'LAPTOP-OVD06K6F', ip: '192.168.43.93', os.name: 'Windows 11', os.arch: 'amd64', os.version: '10.0', java.version: '17.0.3'
Driver info: driver.version: ChromeDriver
remote stacktrace: Backtrace:
Ordinal0 [0x00927413+2389011]
Ordinal0 [0x008B9F61+1941345]
Ordinal0 [0x007AC658+837208]
Ordinal0 [0x007CC773+968563]
Ordinal0 [0x007C837A+951162]
Ordinal0 [0x007C5C51+941137]
Ordinal0 [0x007F8C80+1150080]
Ordinal0 [0x007F88DA+1149146]
Ordinal0 [0x007F3F66+1130342]
Ordinal0 [0x007CE546+976198]
Ordinal0 [0x007CF456+980054]
GetHandleVerifier [0x00AD9632+1727522]
GetHandleVerifier [0x00B8BA4D+2457661]
GetHandleVerifier [0x009BEB81+569713]
GetHandleVerifier [0x009BDD76+566118]
Ordinal0 [0x008C0B2B+1968939]
Ordinal0 [0x008C5988+1989000]
Ordinal0 [0x008C5A75+1989237]
Ordinal0 [0x008CECB1+2026673]
BaseThreadInitThunk [0x76FF6BD9+25]
RtlGetFullPathName_UEx [0x77558FD2+1218]
RtlGetFullPathName_UEx [0x77558F9D+1165]

at java.base/jdk.internal.reflect.NativeConstructorAccessorImpl.newInstance0(Native Method)
at java.base/jdk.internal.reflect.NativeConstructorAccessorImpl.newInstance(NativeConstructorAccessorImpl.java:77)
at java.base/jdk.internal.reflect.DelegatingConstructorAccessorImpl.newInstance(DelegatingConstructorAccessorImpl.java:45)
at java.base/java.lang.reflect.Constructor.newInstanceWithCaller(Constructor.java:499)
at java.base/java.lang.reflect.Constructor.newInstance(Constructor.java:480)
at org.openqa.selenium.remote.W3CHandshakeResponse.lambda$errorHandler$0(W3CHandshakeResponse.java:62)
at org.openqa.selenium.remote.HandshakeResponse.lambda$getResponseFunction$0(HandshakeResponse.java:30)
at org.openqa.selenium.remote.ProtocolHandshake.lambda$createSession$0(ProtocolHandshake.java:126)
at java.base/java.util.stream.ReferencePipeline$3$1.accept(ReferencePipeline.java:197)
at java.base/java.util.Spliterators$ArraySpliterator.tryAdvance(Spliterators.java:1002)
at java.base/java.util.stream.ReferencePipeline.forEachWithCancel(ReferencePipeline.java:129)
at java.base/java.util.stream.AbstractPipeline.copyIntoWithCancel(AbstractPipeline.java:527)
at java.base/java.util.stream.AbstractPipeline.copyInto(AbstractPipeline.java:513)
at java.base/java.util.stream.AbstractPipeline.wrapAndCopyInto(AbstractPipeline.java:499)
at java.base/java.util.stream.FindOps$FindOp.evaluateSequential(FindOps.java:150)
at java.base/java.util.stream.AbstractPipeline.evaluate(AbstractPipeline.java:234)
at java.base/java.util.stream.ReferencePipeline.findFirst(ReferencePipeline.java:647)
at org.openqa.selenium.remote.ProtocolHandshake.createSession(ProtocolHandshake.java:128)
at org.openqa.selenium.remote.ProtocolHandshake.createSession(ProtocolHandshake.java:74)
at org.openqa.selenium.remote.HttpCommandExecutor.execute(HttpCommandExecutor.java:136)
at org.openqa.selenium.remote.service.DriverCommandExecutor.execute(DriverCommandExecutor.java:83)
at org.openqa.selenium.remote.RemoteWebDriver.execute(RemoteWebDriver.java:552)
at org.openqa.selenium.remote.RemoteWebDriver.startSession(RemoteWebDriver.java:213)
at org.openqa.selenium.remote.RemoteWebDriver.<init>(RemoteWebDriver.java:131)
at org.openqa.selenium.chrome.ChromeDriver.<init>(ChromeDriver.java:181)
at org.openqa.selenium.chrome.ChromeDriver.<init>(ChromeDriver.java:168)
at org.openqa.selenium.chrome.ChromeDriver.<init>(ChromeDriver.java:157)
at com.uiFramework.KTCTC.helper.browserConfiguration.ChromeBrowser.getChromeDriver(ChromeBrowser.java:49)
at com.uiFramework.KTCTC.helper.browserConfiguration.ChromeBrowser.getBrowserInstance(ChromeBrowser.java:60)
at KTCTC.ATest.beforeClassOfA(ATest.java:20)
at java.base/jdk.internal.reflect.NativeMethodAccessorImpl.invoke0(Native Method)
at java.base/jdk.internal.reflect.NativeMethodAccessorImpl.invoke(NativeMethodAccessorImpl.java:77)
at java.base/jdk.internal.reflect.DelegatingMethodAccessorImpl.invoke(DelegatingMethodAccessorImpl.java:43)
at java.base/java.lang.reflect.Method.invoke(Method.java:568)
at org.testng.internal.MethodInvocationHelper.invokeMethod(MethodInvocationHelper.java:133)
at org.testng.internal.MethodInvocationHelper.invokeMethodConsideringTimeout(MethodInvocationHelper.java:62)
at org.testng.internal.ConfigInvoker.invokeConfigurationMethod(ConfigInvoker.java:385)
at org.testng.internal.ConfigInvoker.invokeConfigurations(ConfigInvoker.java:321)
at org.testng.internal.TestMethodWorker.invokeBeforeClassMethods(TestMethodWorker.java:176)
at org.testng.internal.TestMethodWorker.run(TestMethodWorker.java:122)
at java.base/java.util.ArrayList.forEach(ArrayList.java:1511)
at org.testng.TestRunner.privateRun(TestRunner.java:794)
at org.testng.TestRunner.run(TestRunner.java:596)
at org.testng.SuiteRunner.runTest(SuiteRunner.java:377)
at org.testng.SuiteRunner.runSequentially(SuiteRunner.java:371)
at org.testng.SuiteRunner.privateRun(SuiteRunner.java:332)
at org.testng.SuiteRunner.run(SuiteRunner.java:276)
at org.testng.SuiteRunnerWorker.runSuite(SuiteRunnerWorker.java:53)
at org.testng.SuiteRunnerWorker.run(SuiteRunnerWorker.java:96)
at org.testng.TestNG.runSuitesSequentially(TestNG.java:1212)
at org.testng.TestNG.runSuitesLocally(TestNG.java:1134)
at org.testng.TestNG.runSuites(TestNG.java:1063)
at org.testng.TestNG.run(TestNG.java:1031)
at org.testng.remote.AbstractRemoteTestNG.run(AbstractRemoteTestNG.java:115)
at org.testng.remote.RemoteTestNG.initAndRun(RemoteTestNG.java:251)
at org.testng.remote.RemoteTestNG.main(RemoteTestNG.java:77)
]]>
            </full-stacktrace>
          </exception> <!-- org.openqa.selenium.SessionNotCreatedException -->
          <reporter-output>
          </reporter-output>
        </test-method> <!-- simple1 -->
        <test-method is-config="true" signature="afterMethod(org.testng.ITestResult)[pri:0, instance:KTCTC.ATest@508dec2b]" started-at="2023-01-29T21:09:48 IST" name="afterMethod" finished-at="1970-01-01T05:30:00 IST" duration-ms="-1675006788817" status="SKIP">
          <reporter-output>
          </reporter-output>
        </test-method> <!-- afterMethod -->
        <test-method is-config="true" signature="afterClass()[pri:0, instance:KTCTC.ATest@508dec2b]" started-at="2023-01-29T21:09:48 IST" name="afterClass" finished-at="1970-01-01T05:30:00 IST" duration-ms="-1675006788818" status="SKIP">
          <reporter-output>
          </reporter-output>
        </test-method> <!-- afterClass -->
      </class> <!-- KTCTC.ATest -->
    </test> <!-- Default test -->
  </suite> <!-- Default suite -->
</testng-results>
