<?xml version="1.0" encoding="UTF-8"?>
<!-- Generated by org.testng.reporters.JUnitReportReporter -->
<testsuite hostname="LAPTOP-OVD06K6F" failures="0" tests="7" name="KTCTC.regression.WebTablesTest2" time="0.729" errors="1" timestamp="2023-01-29T21:09:49 IST" skipped="6">
  <testcase classname="KTCTC.regression.WebTablesTest2" name="beforeClassOfA" time="0.729">
    <error message="session not created: This version of ChromeDriver only supports Chrome version 100
Current browser version is 109.0.5414.120 with binary path C:\Program Files\Google\Chrome\Application\chrome.exe
Build info: version: &#039;3.141.59&#039;, revision: &#039;e82be7d358&#039;, time: &#039;2018-11-14T08:17:03&#039;
System info: host: &#039;LAPTOP-OVD06K6F&#039;, ip: &#039;192.168.43.93&#039;, os.name: &#039;Windows 11&#039;, os.arch: &#039;amd64&#039;, os.version: &#039;10.0&#039;, java.version: &#039;17.0.3&#039;
Driver info: driver.version: ChromeDriver
remote stacktrace: Backtrace:
	Ordinal0 [0x00927413+2389011]
	Ordinal0 [0x008B9F61+1941345]
	Ordinal0 [0x007AC658+837208]
	Ordinal0 [0x007CC773+968563]
	Ordinal0 [0x007C837A+951162]
	Ordinal0 [0x007C5C51+941137]
	Ordinal0 [0x007F8C80+1150080]
	Ordinal0 [0x007F88DA+1149146]
	Ordinal0 [0x007F3F66+1130342]
	Ordinal0 [0x007CE546+976198]
	Ordinal0 [0x007CF456+980054]
	GetHandleVerifier [0x00AD9632+1727522]
	GetHandleVerifier [0x00B8BA4D+2457661]
	GetHandleVerifier [0x009BEB81+569713]
	GetHandleVerifier [0x009BDD76+566118]
	Ordinal0 [0x008C0B2B+1968939]
	Ordinal0 [0x008C5988+1989000]
	Ordinal0 [0x008C5A75+1989237]
	Ordinal0 [0x008CECB1+2026673]
	BaseThreadInitThunk [0x76FF6BD9+25]
	RtlGetFullPathName_UEx [0x77558FD2+1218]
	RtlGetFullPathName_UEx [0x77558F9D+1165]
" type="org.openqa.selenium.SessionNotCreatedException">
      <![CDATA[org.openqa.selenium.SessionNotCreatedException: session not created: This version of ChromeDriver only supports Chrome version 100
Current browser version is 109.0.5414.120 with binary path C:\Program Files\Google\Chrome\Application\chrome.exe
Build info: version: '3.141.59', revision: 'e82be7d358', time: '2018-11-14T08:17:03'
System info: host: 'LAPTOP-OVD06K6F', ip: '192.168.43.93', os.name: 'Windows 11', os.arch: 'amd64', os.version: '10.0', java.version: '17.0.3'
Driver info: driver.version: ChromeDriver
remote stacktrace: Backtrace:
Ordinal0 [0x00927413+2389011]
Ordinal0 [0x008B9F61+1941345]
Ordinal0 [0x007AC658+837208]
Ordinal0 [0x007CC773+968563]
Ordinal0 [0x007C837A+951162]
Ordinal0 [0x007C5C51+941137]
Ordinal0 [0x007F8C80+1150080]
Ordinal0 [0x007F88DA+1149146]
Ordinal0 [0x007F3F66+1130342]
Ordinal0 [0x007CE546+976198]
Ordinal0 [0x007CF456+980054]
GetHandleVerifier [0x00AD9632+1727522]
GetHandleVerifier [0x00B8BA4D+2457661]
GetHandleVerifier [0x009BEB81+569713]
GetHandleVerifier [0x009BDD76+566118]
Ordinal0 [0x008C0B2B+1968939]
Ordinal0 [0x008C5988+1989000]
Ordinal0 [0x008C5A75+1989237]
Ordinal0 [0x008CECB1+2026673]
BaseThreadInitThunk [0x76FF6BD9+25]
RtlGetFullPathName_UEx [0x77558FD2+1218]
RtlGetFullPathName_UEx [0x77558F9D+1165]

at java.base/jdk.internal.reflect.NativeConstructorAccessorImpl.newInstance0(Native Method)
at java.base/jdk.internal.reflect.NativeConstructorAccessorImpl.newInstance(NativeConstructorAccessorImpl.java:77)
at java.base/jdk.internal.reflect.DelegatingConstructorAccessorImpl.newInstance(DelegatingConstructorAccessorImpl.java:45)
at java.base/java.lang.reflect.Constructor.newInstanceWithCaller(Constructor.java:499)
at java.base/java.lang.reflect.Constructor.newInstance(Constructor.java:480)
at org.openqa.selenium.remote.W3CHandshakeResponse.lambda$errorHandler$0(W3CHandshakeResponse.java:62)
at org.openqa.selenium.remote.HandshakeResponse.lambda$getResponseFunction$0(HandshakeResponse.java:30)
at org.openqa.selenium.remote.ProtocolHandshake.lambda$createSession$0(ProtocolHandshake.java:126)
at java.base/java.util.stream.ReferencePipeline$3$1.accept(ReferencePipeline.java:197)
at java.base/java.util.Spliterators$ArraySpliterator.tryAdvance(Spliterators.java:1002)
at java.base/java.util.stream.ReferencePipeline.forEachWithCancel(ReferencePipeline.java:129)
at java.base/java.util.stream.AbstractPipeline.copyIntoWithCancel(AbstractPipeline.java:527)
at java.base/java.util.stream.AbstractPipeline.copyInto(AbstractPipeline.java:513)
at java.base/java.util.stream.AbstractPipeline.wrapAndCopyInto(AbstractPipeline.java:499)
at java.base/java.util.stream.FindOps$FindOp.evaluateSequential(FindOps.java:150)
at java.base/java.util.stream.AbstractPipeline.evaluate(AbstractPipeline.java:234)
at java.base/java.util.stream.ReferencePipeline.findFirst(ReferencePipeline.java:647)
at org.openqa.selenium.remote.ProtocolHandshake.createSession(ProtocolHandshake.java:128)
at org.openqa.selenium.remote.ProtocolHandshake.createSession(ProtocolHandshake.java:74)
at org.openqa.selenium.remote.HttpCommandExecutor.execute(HttpCommandExecutor.java:136)
at org.openqa.selenium.remote.service.DriverCommandExecutor.execute(DriverCommandExecutor.java:83)
at org.openqa.selenium.remote.RemoteWebDriver.execute(RemoteWebDriver.java:552)
at org.openqa.selenium.remote.RemoteWebDriver.startSession(RemoteWebDriver.java:213)
at org.openqa.selenium.remote.RemoteWebDriver.<init>(RemoteWebDriver.java:131)
at org.openqa.selenium.chrome.ChromeDriver.<init>(ChromeDriver.java:181)
at org.openqa.selenium.chrome.ChromeDriver.<init>(ChromeDriver.java:168)
at org.openqa.selenium.chrome.ChromeDriver.<init>(ChromeDriver.java:157)
at com.uiFramework.KTCTC.helper.browserConfiguration.ChromeBrowser.getChromeDriver(ChromeBrowser.java:49)
at com.uiFramework.KTCTC.helper.browserConfiguration.ChromeBrowser.getBrowserInstance(ChromeBrowser.java:60)
at com.uiFramework.KTCTC.testbase.TestBase.beforeClassOfA(TestBase.java:46)
at java.base/jdk.internal.reflect.NativeMethodAccessorImpl.invoke0(Native Method)
at java.base/jdk.internal.reflect.NativeMethodAccessorImpl.invoke(NativeMethodAccessorImpl.java:77)
at java.base/jdk.internal.reflect.DelegatingMethodAccessorImpl.invoke(DelegatingMethodAccessorImpl.java:43)
at java.base/java.lang.reflect.Method.invoke(Method.java:568)
at org.testng.internal.MethodInvocationHelper.invokeMethod(MethodInvocationHelper.java:133)
at org.testng.internal.MethodInvocationHelper.invokeMethodConsideringTimeout(MethodInvocationHelper.java:62)
at org.testng.internal.ConfigInvoker.invokeConfigurationMethod(ConfigInvoker.java:385)
at org.testng.internal.ConfigInvoker.invokeConfigurations(ConfigInvoker.java:321)
at org.testng.internal.TestMethodWorker.invokeBeforeClassMethods(TestMethodWorker.java:176)
at org.testng.internal.TestMethodWorker.run(TestMethodWorker.java:122)
at java.base/java.util.ArrayList.forEach(ArrayList.java:1511)
at org.testng.TestRunner.privateRun(TestRunner.java:794)
at org.testng.TestRunner.run(TestRunner.java:596)
at org.testng.SuiteRunner.runTest(SuiteRunner.java:377)
at org.testng.SuiteRunner.runSequentially(SuiteRunner.java:371)
at org.testng.SuiteRunner.privateRun(SuiteRunner.java:332)
at org.testng.SuiteRunner.run(SuiteRunner.java:276)
at org.testng.SuiteRunnerWorker.runSuite(SuiteRunnerWorker.java:53)
at org.testng.SuiteRunnerWorker.run(SuiteRunnerWorker.java:96)
at org.testng.TestNG.runSuitesSequentially(TestNG.java:1212)
at org.testng.TestNG.runSuitesLocally(TestNG.java:1134)
at org.testng.TestNG.runSuites(TestNG.java:1063)
at org.testng.TestNG.run(TestNG.java:1031)
at org.testng.remote.AbstractRemoteTestNG.run(AbstractRemoteTestNG.java:115)
at org.testng.remote.RemoteTestNG.initAndRun(RemoteTestNG.java:251)
at org.testng.remote.RemoteTestNG.main(RemoteTestNG.java:77)
]]>
    </error>
  </testcase> <!-- beforeClassOfA -->
  <system-out/>
  <testcase classname="KTCTC.regression.WebTablesTest2" name="verifyUserCanNavigateToWebTablePage" time="0.000">
    <skipped/>
  </testcase> <!-- verifyUserCanNavigateToWebTablePage -->
  <system-out/>
  <testcase classname="KTCTC.regression.WebTablesTest2" name="verifyNewUserCanBeAddedOnWebTablePage" time="0.000">
    <skipped/>
  </testcase> <!-- verifyNewUserCanBeAddedOnWebTablePage -->
  <system-out/>
  <testcase classname="KTCTC.regression.WebTablesTest2" name="verifyAllDetailsOfNewlyAddedUser" time="0.000">
    <skipped/>
  </testcase> <!-- verifyAllDetailsOfNewlyAddedUser -->
  <system-out/>
  <testcase classname="KTCTC.regression.WebTablesTest2" name="verifyExistingUserCanBeEdited" time="0.000">
    <skipped/>
  </testcase> <!-- verifyExistingUserCanBeEdited -->
  <system-out/>
  <testcase classname="KTCTC.regression.WebTablesTest2" name="verifyAllDetailsOfEditedUser" time="0.000">
    <skipped/>
  </testcase> <!-- verifyAllDetailsOfEditedUser -->
  <system-out/>
  <testcase classname="KTCTC.regression.WebTablesTest2" name="verifyExistringUserCanBeDeleted" time="0.000">
    <skipped/>
  </testcase> <!-- verifyExistringUserCanBeDeleted -->
  <system-out/>
</testsuite> <!-- KTCTC.regression.WebTablesTest2 -->
